Log file open, 11/24/22 15:31:09
LogWindows: Failed to load 'aqProf.dll' (GetLastError=126)
LogWindows: File 'aqProf.dll' does not exist
LogWindows: Failed to load 'VtuneApi.dll' (GetLastError=126)
LogWindows: File 'VtuneApi.dll' does not exist
LogWindows: Failed to load 'VtuneApi32e.dll' (GetLastError=126)
LogWindows: File 'VtuneApi32e.dll' does not exist
LogConsoleResponse: Display: Failed to find resolution value strings in scalability ini. Falling back to default.
LogConsoleResponse: Display: Failed to find resolution value strings in scalability ini. Falling back to default.
LogInit: Display: Running engine for game: Sigmar
LogPlatformFile: Not using cached read wrapper
LogTaskGraph: Started task graph with 5 named threads and 35 total threads with 3 sets of task threads.
LogStats: Stats thread started at 0.224622
LogICUInternationalization: ICU TimeZone Detection - Raw Offset: +1:00, Platform Override: ''
LogInit: Display: Loading text-based GConfig....
LogPluginManager: Mounting plugin MeshPainting
LogPluginManager: Mounting plugin XGEController
LogPluginManager: Mounting plugin AISupport
LogPluginManager: Mounting plugin Paper2D
LogPluginManager: Mounting plugin EnvironmentQueryEditor
LogPluginManager: Mounting plugin LightPropagationVolume
LogPluginManager: Mounting plugin LiveLink
LogPluginManager: Mounting plugin OodleData
LogPluginManager: Mounting plugin OodleNetwork
LogPluginManager: Mounting plugin AssetManagerEditor
LogPluginManager: Mounting plugin CurveEditorTools
LogPluginManager: Mounting plugin CryptoKeys
LogPluginManager: Mounting plugin GameplayTagsEditor
LogPluginManager: Mounting plugin DataValidation
LogPluginManager: Mounting plugin FacialAnimation
LogPluginManager: Mounting plugin GeometryMode
LogPluginManager: Mounting plugin MacGraphicsSwitching
LogPluginManager: Mounting plugin MaterialAnalyzer
LogPluginManager: Mounting plugin MobileLauncherProfileWizard
LogPluginManager: Mounting plugin SpeedTreeImporter
LogPluginManager: Mounting plugin PluginBrowser
LogPluginManager: Mounting plugin AnimationSharing
LogPluginManager: Mounting plugin CLionSourceCodeAccess
LogPluginManager: Mounting plugin DatasmithContent
LogPluginManager: Mounting plugin KDevelopSourceCodeAccess
LogPluginManager: Mounting plugin CodeLiteSourceCodeAccess
LogPluginManager: Mounting plugin GitSourceControl
LogPluginManager: Mounting plugin NullSourceCodeAccess
LogPluginManager: Mounting plugin PerforceSourceControl
LogPluginManager: Mounting plugin PlasticSourceControl
LogPluginManager: Mounting plugin PixWinPlugin
LogPluginManager: Mounting plugin PropertyAccessNode
LogPluginManager: Mounting plugin PluginUtils
LogPluginManager: Mounting plugin RiderSourceCodeAccess
LogPluginManager: Mounting plugin SubversionSourceControl
LogPluginManager: Mounting plugin TextureFormatOodle
LogPluginManager: Mounting plugin VariantManagerContent
LogPluginManager: Mounting plugin UObjectPlugin
LogPluginManager: Mounting plugin VisualStudioSourceCodeAccess
LogPluginManager: Mounting plugin XCodeSourceCodeAccess
LogPluginManager: Mounting plugin VisualStudioCodeSourceCodeAccess
LogPluginManager: Mounting plugin Niagara
LogPluginManager: Mounting plugin AlembicImporter
LogPluginManager: Mounting plugin AutomationUtils
LogPluginManager: Mounting plugin BackChannel
LogPluginManager: Mounting plugin ChaosCloth
LogPluginManager: Mounting plugin LuminPlatformFeatures
LogPluginManager: Mounting plugin ChaosEditor
LogPluginManager: Mounting plugin ChaosSolverPlugin
LogPluginManager: Mounting plugin ChaosNiagara
LogPluginManager: Mounting plugin MagicLeap
LogPluginManager: Mounting plugin CharacterAI
LogPluginManager: Mounting plugin ChaosClothEditor
LogPluginManager: Mounting plugin MagicLeapMedia
LogPluginManager: Mounting plugin MLSDK
LogPluginManager: Mounting plugin MagicLeapPassableWorld
LogPluginManager: Mounting plugin GeometryCache
LogPluginManager: Mounting plugin GeometryCollectionPlugin
LogPluginManager: Mounting plugin AndroidMedia
LogPluginManager: Mounting plugin GeometryProcessing
LogPluginManager: Mounting plugin MotoSynth
LogPluginManager: Mounting plugin OpenImageDenoise
LogPluginManager: Mounting plugin PlanarCut
LogPluginManager: Mounting plugin PlatformCrypto
LogPluginManager: Mounting plugin ProxyLODPlugin
LogPluginManager: Mounting plugin PythonScriptPlugin
LogPluginManager: Mounting plugin SkeletalReduction
LogPluginManager: Mounting plugin MagicLeapLightEstimation
LogPluginManager: Mounting plugin TcpMessaging
LogPluginManager: Mounting plugin UdpMessaging
LogPluginManager: Mounting plugin ActorSequence
LogPluginManager: Mounting plugin LevelSequenceEditor
LogPluginManager: Mounting plugin MatineeToLevelSequence
LogPluginManager: Mounting plugin TemplateSequence
LogPluginManager: Mounting plugin AvfMedia
LogPluginManager: Mounting plugin LauncherChunkInstaller
LogPluginManager: Mounting plugin ImgMedia
LogPluginManager: Mounting plugin MediaCompositing
LogPluginManager: Mounting plugin MediaPlayerEditor
LogPluginManager: Mounting plugin WebMMedia
LogPluginManager: Mounting plugin WmfMedia
LogPluginManager: Mounting plugin OnlineSubsystem
LogPluginManager: Mounting plugin OnlineSubsystemNull
LogPluginManager: Mounting plugin OnlineSubsystemUtils
LogPluginManager: Mounting plugin ActorLayerUtilities
LogPluginManager: Mounting plugin ScreenshotTools
LogPluginManager: Mounting plugin AndroidDeviceProfileSelector
LogPluginManager: Mounting plugin AndroidPermission
LogPluginManager: Mounting plugin AndroidMoviePlayer
LogPluginManager: Mounting plugin AppleImageUtils
LogPluginManager: Mounting plugin AppleMoviePlayer
LogPluginManager: Mounting plugin ArchVisCharacter
LogPluginManager: Mounting plugin AssetTags
LogPluginManager: Mounting plugin AudioCapture
LogPluginManager: Mounting plugin AudioSynesthesia
LogPluginManager: Mounting plugin CableComponent
LogPluginManager: Mounting plugin ChunkDownloader
LogPluginManager: Mounting plugin CustomMeshComponent
LogPluginManager: Mounting plugin EditableMesh
LogPluginManager: Mounting plugin ExampleDeviceProfileSelector
LogPluginManager: Mounting plugin GooglePAD
LogPluginManager: Mounting plugin GoogleCloudMessaging
LogPluginManager: Mounting plugin IOSDeviceProfileSelector
LogPluginManager: Mounting plugin LinuxDeviceProfileSelector
LogPluginManager: Mounting plugin LocationServicesBPLibrary
LogPluginManager: Mounting plugin MobilePatchingUtils
LogPluginManager: Mounting plugin OpenXR
LogPluginManager: Mounting plugin OpenXREyeTracker
LogPluginManager: Mounting plugin OpenXRHandTracking
LogPluginManager: Mounting plugin PhysXVehicles
LogPluginManager: Mounting plugin PostSplashScreen
LogPluginManager: Mounting plugin PropertyAccessEditor
LogPluginManager: Mounting plugin ProceduralMeshComponent
LogPluginManager: Mounting plugin RuntimePhysXCooking
LogPluginManager: Mounting plugin SignificanceManager
LogPluginManager: Mounting plugin SoundFields
LogPluginManager: Mounting plugin Synthesis
LogPluginManager: Mounting plugin WindowsMoviePlayer
LogPluginManager: Mounting plugin GameplayCameras
LogPluginManager: Mounting plugin Takes
LogPluginManager: Mounting plugin CameraShakePreviewer
LogPluginManager: Mounting plugin WebMMoviePlayer
LogPluginManager: Mounting plugin ContentBrowserAssetDataSource
LogPluginManager: Mounting plugin ContentBrowserClassDataSource
LogPluginManager: Mounting plugin ContentBrowserFileDataSource
LogPluginManager: Mounting plugin OnlineSubsystemGooglePlay
LogPluginManager: Mounting plugin OnlineSubsystemIOS
LogPluginManager: Mounting plugin OculusVR
LogPluginManager: Mounting plugin SteamVR
PixWinPlugin: PIX capture plugin failed to initialize! Check that the process is launched from PIX.
LogInit: Using libcurl 7.55.1-DEV
LogInit:  - built for x86_64-pc-win32
LogInit:  - supports SSL with OpenSSL/1.1.1
LogInit:  - supports HTTP deflate (compression) using libz 1.2.8
LogInit:  - other features:
LogInit:      CURL_VERSION_SSL
LogInit:      CURL_VERSION_LIBZ
LogInit:      CURL_VERSION_IPV6
LogInit:      CURL_VERSION_ASYNCHDNS
LogInit:      CURL_VERSION_LARGEFILE
LogInit:      CURL_VERSION_IDN
LogInit:  CurlRequestOptions (configurable via config and command line):
LogInit:  - bVerifyPeer = true  - Libcurl will verify peer certificate
LogInit:  - bUseHttpProxy = false  - Libcurl will NOT use HTTP proxy
LogInit:  - bDontReuseConnections = false  - Libcurl will reuse connections
LogInit:  - MaxHostConnections = 16  - Libcurl will limit the number of connections to a host
LogInit:  - LocalHostAddr = Default
LogInit:  - BufferSize = 65536
LogOnline: OSS: Creating online subsystem instance for: NULL
LogInit: WinSock: version 1.1 (2.2), MaxSocks=32767, MaxUdp=65467
LogOnline: OSS: TryLoadSubsystemAndSetDefault: Loaded subsystem for module [NULL]
LogOculusPluginWrapper: OculusPlugin initialized successfully
LogHMD: Failed initializing OVRPlugin 1.59.0
LogInit: Build: ++UE4+Release-4.27-CL-18319896
LogInit: Engine Version: 4.27.2-18319896+++UE4+Release-4.27
LogInit: Compatible Engine Version: 4.27.0-17155196+++UE4+Release-4.27
LogInit: Net CL: 17155196
LogInit: OS: Windows 10 (Release 2009) (), CPU: Intel(R) Core(TM) i7-8700 CPU @ 3.20GHz, GPU: NVIDIA GeForce RTX 2060
LogInit: Compiled (64-bit): Nov 30 2021 07:12:08
LogInit: Compiled with Visual C++: 19.24.28315.00
LogInit: Build Configuration: Development
LogInit: Branch Name: ++UE4+Release-4.27
LogInit: Command Line:  /Game/Levels/MainMenu -game -PIEVIACONSOLE -Multiprocess GameUserSettingsINI=C:/Users/n.tilly/Documents/Sigmar/Sigmar/Saved/Config/Windows/PIEGameUserSettings0.ini -MultiprocessSaveConfig -forcepassthrough -messaging -SessionName="Play in Standalone Game" -windowed -WinX=640 -WinY=184 SAVEWINPOS=1 -ResX=1280 -ResY=720
LogInit: Base Directory: D:/UE4/UE_4.27/Engine/Binaries/Win64/
LogInit: Allocator: TBB
LogInit: Installed Engine Build: 1
LogDevObjectVersion: Number of dev versions registered: 29
LogDevObjectVersion:   Dev-Blueprints (B0D832E4-1F89-4F0D-ACCF-7EB736FD4AA2): 10
LogDevObjectVersion:   Dev-Build (E1C64328-A22C-4D53-A36C-8E866417BD8C): 0
LogDevObjectVersion:   Dev-Core (375EC13C-06E4-48FB-B500-84F0262A717E): 4
LogDevObjectVersion:   Dev-Editor (E4B068ED-F494-42E9-A231-DA0B2E46BB41): 40
LogDevObjectVersion:   Dev-Framework (CFFC743F-43B0-4480-9391-14DF171D2073): 37
LogDevObjectVersion:   Dev-Mobile (B02B49B5-BB20-44E9-A304-32B752E40360): 3
LogDevObjectVersion:   Dev-Networking (A4E4105C-59A1-49B5-A7C5-40C4547EDFEE): 0
LogDevObjectVersion:   Dev-Online (39C831C9-5AE6-47DC-9A44-9C173E1C8E7C): 0
LogDevObjectVersion:   Dev-Physics (78F01B33-EBEA-4F98-B9B4-84EACCB95AA2): 14
LogDevObjectVersion:   Dev-Platform (6631380F-2D4D-43E0-8009-CF276956A95A): 0
LogDevObjectVersion:   Dev-Rendering (12F88B9F-8875-4AFC-A67C-D90C383ABD29): 45
LogDevObjectVersion:   Dev-Sequencer (7B5AE74C-D270-4C10-A958-57980B212A5A): 13
LogDevObjectVersion:   Dev-VR (D7296918-1DD6-4BDD-9DE2-64A83CC13884): 3
LogDevObjectVersion:   Dev-LoadTimes (C2A15278-BFE7-4AFE-6C17-90FF531DF755): 1
LogDevObjectVersion:   Private-Geometry (6EACA3D4-40EC-4CC1-B786-8BED09428FC5): 3
LogDevObjectVersion:   Dev-AnimPhys (29E575DD-E0A3-4627-9D10-D276232CDCEA): 17
LogDevObjectVersion:   Dev-Anim (AF43A65D-7FD3-4947-9873-3E8ED9C1BB05): 15
LogDevObjectVersion:   Dev-ReflectionCapture (6B266CEC-1EC7-4B8F-A30B-E4D90942FC07): 1
LogDevObjectVersion:   Dev-Automation (0DF73D61-A23F-47EA-B727-89E90C41499A): 1
LogDevObjectVersion:   FortniteMain (601D1886-AC64-4F84-AA16-D3DE0DEAC7D6): 47
LogDevObjectVersion:   FortniteRelease (E7086368-6B23-4C58-8439-1B7016265E91): 1
LogDevObjectVersion:   Dev-Enterprise (9DFFBCD6-494F-0158-E221-12823C92A888): 10
LogDevObjectVersion:   Dev-Niagara (F2AED0AC-9AFE-416F-8664-AA7FFA26D6FC): 1
LogDevObjectVersion:   Dev-Destruction (174F1F0B-B4C6-45A5-B13F-2EE8D0FB917D): 10
LogDevObjectVersion:   Dev-Physics-Ext (35F94A83-E258-406C-A318-09F59610247C): 41
LogDevObjectVersion:   Dev-PhysicsMaterial-Chaos (B68FC16E-8B1B-42E2-B453-215C058844FE): 1
LogDevObjectVersion:   Dev-CineCamera (B2E18506-4273-CFC2-A54E-F4BB758BBA07): 1
LogDevObjectVersion:   Dev-VirtualProduction (64F58936-FD1B-42BA-BA96-7289D5D0FA4E): 1
LogDevObjectVersion:   Dev-MediaFramework (6F0ED827-A609-4895-9C91-998D90180EA4): 2
LogInit: Presizing for max 25165824 objects, including 0 objects not considered by GC, pre-allocating 0 bytes for permanent pool.
LogConfig: Applying CVar settings from Section [/Script/Engine.StreamingSettings] File [C:/Users/n.tilly/Documents/Sigmar/Sigmar/Saved/Config/Windows/Engine.ini]
LogConfig: Setting CVar [[s.MinBulkDataSizeForAsyncLoading:131072]]
LogConfig: Setting CVar [[s.AsyncLoadingThreadEnabled:0]]
LogConfig: Setting CVar [[s.EventDrivenLoaderEnabled:1]]
LogConfig: Setting CVar [[s.WarnIfTimeLimitExceeded:0]]
LogConfig: Setting CVar [[s.TimeLimitExceededMultiplier:1.5]]
LogConfig: Setting CVar [[s.TimeLimitExceededMinTime:0.005]]
LogConfig: Setting CVar [[s.UseBackgroundLevelStreaming:1]]
LogConfig: Setting CVar [[s.PriorityAsyncLoadingExtraTime:15.0]]
LogConfig: Setting CVar [[s.LevelStreamingActorsUpdateTimeLimit:5.0]]
LogConfig: Setting CVar [[s.PriorityLevelStreamingActorsUpdateExtraTime:5.0]]
LogConfig: Setting CVar [[s.LevelStreamingComponentsRegistrationGranularity:10]]
LogConfig: Setting CVar [[s.UnregisterComponentsTimeLimit:1.0]]
LogConfig: Setting CVar [[s.LevelStreamingComponentsUnregistrationGranularity:5]]
LogConfig: Setting CVar [[s.FlushStreamingOnExit:1]]
LogInit: Object subsystem initialized
LogConfig: Setting CVar [[con.DebugEarlyDefault:1]]
LogConfig: Setting CVar [[r.setres:1280x720]]
[2022.11.24-14.31.10:312][  0]LogConfig: Setting CVar [[con.DebugEarlyDefault:1]]
[2022.11.24-14.31.10:312][  0]LogConfig: Setting CVar [[r.setres:1280x720]]
[2022.11.24-14.31.10:312][  0]LogConfig: Applying CVar settings from Section [/Script/Engine.RendererSettings] File [C:/Users/n.tilly/Documents/Sigmar/Sigmar/Saved/Config/Windows/Engine.ini]
[2022.11.24-14.31.10:312][  0]LogConfig: Setting CVar [[r.GPUCrashDebugging:0]]
[2022.11.24-14.31.10:312][  0]LogConfig: Applying CVar settings from Section [/Script/Engine.RendererOverrideSettings] File [C:/Users/n.tilly/Documents/Sigmar/Sigmar/Saved/Config/Windows/Engine.ini]
[2022.11.24-14.31.10:312][  0]LogConfig: Applying CVar settings from Section [/Script/Engine.StreamingSettings] File [C:/Users/n.tilly/Documents/Sigmar/Sigmar/Saved/Config/Windows/Engine.ini]
[2022.11.24-14.31.10:312][  0]LogConfig: Setting CVar [[s.MinBulkDataSizeForAsyncLoading:131072]]
[2022.11.24-14.31.10:312][  0]LogConfig: Setting CVar [[s.AsyncLoadingThreadEnabled:0]]
[2022.11.24-14.31.10:312][  0]LogConfig: Setting CVar [[s.EventDrivenLoaderEnabled:1]]
[2022.11.24-14.31.10:313][  0]LogConfig: Setting CVar [[s.WarnIfTimeLimitExceeded:0]]
[2022.11.24-14.31.10:313][  0]LogConfig: Setting CVar [[s.TimeLimitExceededMultiplier:1.5]]
[2022.11.24-14.31.10:313][  0]LogConfig: Setting CVar [[s.TimeLimitExceededMinTime:0.005]]
[2022.11.24-14.31.10:313][  0]LogConfig: Setting CVar [[s.UseBackgroundLevelStreaming:1]]
[2022.11.24-14.31.10:313][  0]LogConfig: Setting CVar [[s.PriorityAsyncLoadingExtraTime:15.0]]
[2022.11.24-14.31.10:313][  0]LogConfig: Setting CVar [[s.LevelStreamingActorsUpdateTimeLimit:5.0]]
[2022.11.24-14.31.10:313][  0]LogConfig: Setting CVar [[s.PriorityLevelStreamingActorsUpdateExtraTime:5.0]]
[2022.11.24-14.31.10:313][  0]LogConfig: Setting CVar [[s.LevelStreamingComponentsRegistrationGranularity:10]]
[2022.11.24-14.31.10:313][  0]LogConfig: Setting CVar [[s.UnregisterComponentsTimeLimit:1.0]]
[2022.11.24-14.31.10:313][  0]LogConfig: Setting CVar [[s.LevelStreamingComponentsUnregistrationGranularity:5]]
[2022.11.24-14.31.10:313][  0]LogConfig: Setting CVar [[s.FlushStreamingOnExit:1]]
[2022.11.24-14.31.10:313][  0]LogConfig: Applying CVar settings from Section [/Script/Engine.GarbageCollectionSettings] File [C:/Users/n.tilly/Documents/Sigmar/Sigmar/Saved/Config/Windows/Engine.ini]
[2022.11.24-14.31.10:313][  0]LogConfig: Setting CVar [[gc.MaxObjectsNotConsideredByGC:1]]
[2022.11.24-14.31.10:313][  0]LogConfig: Setting CVar [[gc.SizeOfPermanentObjectPool:0]]
[2022.11.24-14.31.10:313][  0]LogConfig: Setting CVar [[gc.FlushStreamingOnGC:0]]
[2022.11.24-14.31.10:313][  0]LogConfig: Setting CVar [[gc.NumRetriesBeforeForcingGC:10]]
[2022.11.24-14.31.10:313][  0]LogConfig: Setting CVar [[gc.AllowParallelGC:1]]
[2022.11.24-14.31.10:313][  0]LogConfig: Setting CVar [[gc.TimeBetweenPurgingPendingKillObjects:61.1]]
[2022.11.24-14.31.10:313][  0]LogConfig: Setting CVar [[gc.MaxObjectsInEditor:25165824]]
[2022.11.24-14.31.10:313][  0]LogConfig: Setting CVar [[gc.IncrementalBeginDestroyEnabled:1]]
[2022.11.24-14.31.10:313][  0]LogConfig: Setting CVar [[gc.CreateGCClusters:1]]
[2022.11.24-14.31.10:313][  0]LogConfig: Setting CVar [[gc.MinGCClusterSize:5]]
[2022.11.24-14.31.10:313][  0]LogConfig: Setting CVar [[gc.ActorClusteringEnabled:0]]
[2022.11.24-14.31.10:313][  0]LogConfig: Setting CVar [[gc.BlueprintClusteringEnabled:0]]
[2022.11.24-14.31.10:313][  0]LogConfig: Setting CVar [[gc.UseDisregardForGCOnDedicatedServers:0]]
[2022.11.24-14.31.10:313][  0]LogConfig: Setting CVar [[gc.MultithreadedDestructionEnabled:1]]
[2022.11.24-14.31.10:313][  0]LogConfig: Applying CVar settings from Section [/Script/Engine.NetworkSettings] File [C:/Users/n.tilly/Documents/Sigmar/Sigmar/Saved/Config/Windows/Engine.ini]
[2022.11.24-14.31.10:313][  0]LogConfig: Applying CVar settings from Section [/Script/UnrealEd.CookerSettings] File [C:/Users/n.tilly/Documents/Sigmar/Sigmar/Saved/Config/Windows/Engine.ini]
[2022.11.24-14.31.10:322][  0]LogConfig: Applying CVar settings from Section [ViewDistanceQuality@3] File [C:/Users/n.tilly/Documents/Sigmar/Sigmar/Saved/Config/Windows/Scalability.ini]
[2022.11.24-14.31.10:322][  0]LogConfig: Setting CVar [[r.SkeletalMeshLODBias:0]]
[2022.11.24-14.31.10:322][  0]LogConfig: Setting CVar [[r.ViewDistanceScale:1.0]]
[2022.11.24-14.31.10:322][  0]LogConfig: Applying CVar settings from Section [AntiAliasingQuality@3] File [C:/Users/n.tilly/Documents/Sigmar/Sigmar/Saved/Config/Windows/Scalability.ini]
[2022.11.24-14.31.10:322][  0]LogConfig: Setting CVar [[r.PostProcessAAQuality:4]]
[2022.11.24-14.31.10:322][  0]LogConfig: Applying CVar settings from Section [ShadowQuality@3] File [C:/Users/n.tilly/Documents/Sigmar/Sigmar/Saved/Config/Windows/Scalability.ini]
[2022.11.24-14.31.10:322][  0]LogConfig: Setting CVar [[r.LightFunctionQuality:1]]
[2022.11.24-14.31.10:322][  0]LogConfig: Setting CVar [[r.ShadowQuality:5]]
[2022.11.24-14.31.10:322][  0]LogConfig: Setting CVar [[r.Shadow.CSM.MaxCascades:10]]
[2022.11.24-14.31.10:322][  0]LogConfig: Setting CVar [[r.Shadow.MaxResolution:2048]]
[2022.11.24-14.31.10:322][  0]LogConfig: Setting CVar [[r.Shadow.MaxCSMResolution:2048]]
[2022.11.24-14.31.10:322][  0]LogConfig: Setting CVar [[r.Shadow.RadiusThreshold:0.01]]
[2022.11.24-14.31.10:322][  0]LogConfig: Setting CVar [[r.Shadow.DistanceScale:1.0]]
[2022.11.24-14.31.10:322][  0]LogConfig: Setting CVar [[r.Shadow.CSM.TransitionScale:1.0]]
[2022.11.24-14.31.10:322][  0]LogConfig: Setting CVar [[r.Shadow.PreShadowResolutionFactor:1.0]]
[2022.11.24-14.31.10:322][  0]LogConfig: Setting CVar [[r.DistanceFieldShadowing:1]]
[2022.11.24-14.31.10:322][  0]LogConfig: Setting CVar [[r.DistanceFieldAO:1]]
[2022.11.24-14.31.10:322][  0]LogConfig: Setting CVar [[r.AOQuality:2]]
[2022.11.24-14.31.10:322][  0]LogConfig: Setting CVar [[r.VolumetricFog:1]]
[2022.11.24-14.31.10:322][  0]LogConfig: Setting CVar [[r.VolumetricFog.GridPixelSize:8]]
[2022.11.24-14.31.10:322][  0]LogConfig: Setting CVar [[r.VolumetricFog.GridSizeZ:128]]
[2022.11.24-14.31.10:322][  0]LogConfig: Setting CVar [[r.VolumetricFog.HistoryMissSupersampleCount:4]]
[2022.11.24-14.31.10:322][  0]LogConfig: Setting CVar [[r.LightMaxDrawDistanceScale:1]]
[2022.11.24-14.31.10:322][  0]LogConfig: Setting CVar [[r.CapsuleShadows:1]]
[2022.11.24-14.31.10:322][  0]LogConfig: Applying CVar settings from Section [PostProcessQuality@3] File [C:/Users/n.tilly/Documents/Sigmar/Sigmar/Saved/Config/Windows/Scalability.ini]
[2022.11.24-14.31.10:322][  0]LogConfig: Setting CVar [[r.MotionBlurQuality:4]]
[2022.11.24-14.31.10:322][  0]LogConfig: Setting CVar [[r.AmbientOcclusionMipLevelFactor:0.4]]
[2022.11.24-14.31.10:322][  0]LogConfig: Setting CVar [[r.AmbientOcclusionMaxQuality:100]]
[2022.11.24-14.31.10:322][  0]LogConfig: Setting CVar [[r.AmbientOcclusionLevels:-1]]
[2022.11.24-14.31.10:322][  0]LogConfig: Setting CVar [[r.AmbientOcclusionRadiusScale:1.0]]
[2022.11.24-14.31.10:322][  0]LogConfig: Setting CVar [[r.DepthOfFieldQuality:2]]
[2022.11.24-14.31.10:322][  0]LogConfig: Setting CVar [[r.RenderTargetPoolMin:400]]
[2022.11.24-14.31.10:322][  0]LogConfig: Setting CVar [[r.LensFlareQuality:2]]
[2022.11.24-14.31.10:322][  0]LogConfig: Setting CVar [[r.SceneColorFringeQuality:1]]
[2022.11.24-14.31.10:322][  0]LogConfig: Setting CVar [[r.EyeAdaptationQuality:2]]
[2022.11.24-14.31.10:322][  0]LogConfig: Setting CVar [[r.BloomQuality:5]]
[2022.11.24-14.31.10:322][  0]LogConfig: Setting CVar [[r.FastBlurThreshold:100]]
[2022.11.24-14.31.10:322][  0]LogConfig: Setting CVar [[r.Upscale.Quality:3]]
[2022.11.24-14.31.10:322][  0]LogConfig: Setting CVar [[r.Tonemapper.GrainQuantization:1]]
[2022.11.24-14.31.10:322][  0]LogConfig: Setting CVar [[r.LightShaftQuality:1]]
[2022.11.24-14.31.10:322][  0]LogConfig: Setting CVar [[r.Filter.SizeScale:1]]
[2022.11.24-14.31.10:322][  0]LogConfig: Setting CVar [[r.Tonemapper.Quality:5]]
[2022.11.24-14.31.10:322][  0]LogConfig: Setting CVar [[r.DOF.Gather.AccumulatorQuality:1        ; higher gathering accumulator quality]]
[2022.11.24-14.31.10:322][  0]LogConfig: Setting CVar [[r.DOF.Gather.PostfilterMethod:1          ; Median3x3 postfilering method]]
[2022.11.24-14.31.10:322][  0]LogConfig: Setting CVar [[r.DOF.Gather.EnableBokehSettings:0       ; no bokeh simulation when gathering]]
[2022.11.24-14.31.10:322][  0]LogConfig: Setting CVar [[r.DOF.Gather.RingCount:4                 ; medium number of samples when gathering]]
[2022.11.24-14.31.10:322][  0]LogConfig: Setting CVar [[r.DOF.Scatter.ForegroundCompositing:1    ; additive foreground scattering]]
[2022.11.24-14.31.10:322][  0]LogConfig: Setting CVar [[r.DOF.Scatter.BackgroundCompositing:2    ; additive background scattering]]
[2022.11.24-14.31.10:322][  0]LogConfig: Setting CVar [[r.DOF.Scatter.EnableBokehSettings:1      ; bokeh simulation when scattering]]
[2022.11.24-14.31.10:322][  0]LogConfig: Setting CVar [[r.DOF.Scatter.MaxSpriteRatio:0.1         ; only a maximum of 10% of scattered bokeh]]
[2022.11.24-14.31.10:322][  0]LogConfig: Setting CVar [[r.DOF.Recombine.Quality:1                ; cheap slight out of focus]]
[2022.11.24-14.31.10:322][  0]LogConfig: Setting CVar [[r.DOF.Recombine.EnableBokehSettings:0    ; no bokeh simulation on slight out of focus]]
[2022.11.24-14.31.10:322][  0]LogConfig: Setting CVar [[r.DOF.TemporalAAQuality:1                ; more stable temporal accumulation]]
[2022.11.24-14.31.10:322][  0]LogConfig: Setting CVar [[r.DOF.Kernel.MaxForegroundRadius:0.025]]
[2022.11.24-14.31.10:322][  0]LogConfig: Setting CVar [[r.DOF.Kernel.MaxBackgroundRadius:0.025]]
[2022.11.24-14.31.10:322][  0]LogConfig: Applying CVar settings from Section [TextureQuality@3] File [C:/Users/n.tilly/Documents/Sigmar/Sigmar/Saved/Config/Windows/Scalability.ini]
[2022.11.24-14.31.10:322][  0]LogConfig: Setting CVar [[r.Streaming.MipBias:0]]
[2022.11.24-14.31.10:322][  0]LogConfig: Setting CVar [[r.Streaming.AmortizeCPUToGPUCopy:0]]
[2022.11.24-14.31.10:322][  0]LogConfig: Setting CVar [[r.Streaming.MaxNumTexturesToStreamPerFrame:0]]
[2022.11.24-14.31.10:322][  0]LogConfig: Setting CVar [[r.Streaming.Boost:1]]
[2022.11.24-14.31.10:322][  0]LogConfig: Setting CVar [[r.MaxAnisotropy:8]]
[2022.11.24-14.31.10:322][  0]LogConfig: Setting CVar [[r.VT.MaxAnisotropy:8]]
[2022.11.24-14.31.10:322][  0]LogConfig: Setting CVar [[r.Streaming.LimitPoolSizeToVRAM:0]]
[2022.11.24-14.31.10:322][  0]LogConfig: Setting CVar [[r.Streaming.PoolSize:1000]]
[2022.11.24-14.31.10:322][  0]LogConfig: Setting CVar [[r.Streaming.MaxEffectiveScreenSize:0]]
[2022.11.24-14.31.10:322][  0]LogConfig: Applying CVar settings from Section [EffectsQuality@3] File [C:/Users/n.tilly/Documents/Sigmar/Sigmar/Saved/Config/Windows/Scalability.ini]
[2022.11.24-14.31.10:322][  0]LogConfig: Setting CVar [[r.TranslucencyLightingVolumeDim:64]]
[2022.11.24-14.31.10:322][  0]LogConfig: Setting CVar [[r.RefractionQuality:2]]
[2022.11.24-14.31.10:322][  0]LogConfig: Setting CVar [[r.SSR.Quality:3]]
[2022.11.24-14.31.10:322][  0]LogConfig: Setting CVar [[r.SSR.HalfResSceneColor:0]]
[2022.11.24-14.31.10:322][  0]LogConfig: Setting CVar [[r.SceneColorFormat:4]]
[2022.11.24-14.31.10:322][  0]LogConfig: Setting CVar [[r.DetailMode:2]]
[2022.11.24-14.31.10:322][  0]LogConfig: Setting CVar [[r.TranslucencyVolumeBlur:1]]
[2022.11.24-14.31.10:322][  0]LogConfig: Setting CVar [[r.MaterialQualityLevel:1 ; High quality]]
[2022.11.24-14.31.10:322][  0]LogConfig: Setting CVar [[r.AnisotropicMaterials:1]]
[2022.11.24-14.31.10:322][  0]LogConfig: Setting CVar [[r.SSS.Scale:1]]
[2022.11.24-14.31.10:322][  0]LogConfig: Setting CVar [[r.SSS.SampleSet:2]]
[2022.11.24-14.31.10:322][  0]LogConfig: Setting CVar [[r.SSS.Quality:1]]
[2022.11.24-14.31.10:322][  0]LogConfig: Setting CVar [[r.SSS.HalfRes:0]]
[2022.11.24-14.31.10:322][  0]LogConfig: Setting CVar [[r.SSGI.Quality:3]]
[2022.11.24-14.31.10:322][  0]LogConfig: Setting CVar [[r.EmitterSpawnRateScale:1.0]]
[2022.11.24-14.31.10:322][  0]LogConfig: Setting CVar [[r.ParticleLightQuality:2]]
[2022.11.24-14.31.10:322][  0]LogConfig: Setting CVar [[r.SkyAtmosphere.AerialPerspectiveLUT.FastApplyOnOpaque:1 ; Always have FastSkyLUT 1 in this case to avoid wrong sky]]
[2022.11.24-14.31.10:322][  0]LogConfig: Setting CVar [[r.SkyAtmosphere.AerialPerspectiveLUT.SampleCountMaxPerSlice:4]]
[2022.11.24-14.31.10:322][  0]LogConfig: Setting CVar [[r.SkyAtmosphere.AerialPerspectiveLUT.DepthResolution:16.0]]
[2022.11.24-14.31.10:322][  0]LogConfig: Setting CVar [[r.SkyAtmosphere.FastSkyLUT:1]]
[2022.11.24-14.31.10:322][  0]LogConfig: Setting CVar [[r.SkyAtmosphere.FastSkyLUT.SampleCountMin:4.0]]
[2022.11.24-14.31.10:322][  0]LogConfig: Setting CVar [[r.SkyAtmosphere.FastSkyLUT.SampleCountMax:128.0]]
[2022.11.24-14.31.10:322][  0]LogConfig: Setting CVar [[r.SkyAtmosphere.SampleCountMin:4.0]]
[2022.11.24-14.31.10:322][  0]LogConfig: Setting CVar [[r.SkyAtmosphere.SampleCountMax:128.0]]
[2022.11.24-14.31.10:322][  0]LogConfig: Setting CVar [[r.SkyAtmosphere.TransmittanceLUT.UseSmallFormat:0]]
[2022.11.24-14.31.10:322][  0]LogConfig: Setting CVar [[r.SkyAtmosphere.TransmittanceLUT.SampleCount:10.0]]
[2022.11.24-14.31.10:322][  0]LogConfig: Setting CVar [[r.SkyAtmosphere.MultiScatteringLUT.SampleCount:15.0]]
[2022.11.24-14.31.10:322][  0]LogConfig: Setting CVar [[r.SkyLight.RealTimeReflectionCapture:1]]
[2022.11.24-14.31.10:323][  0]LogConfig: Applying CVar settings from Section [FoliageQuality@3] File [C:/Users/n.tilly/Documents/Sigmar/Sigmar/Saved/Config/Windows/Scalability.ini]
[2022.11.24-14.31.10:323][  0]LogConfig: Setting CVar [[foliage.DensityScale:1.0]]
[2022.11.24-14.31.10:323][  0]LogConfig: Setting CVar [[grass.DensityScale:1.0]]
[2022.11.24-14.31.10:323][  0]LogConfig: Applying CVar settings from Section [ShadingQuality@3] File [C:/Users/n.tilly/Documents/Sigmar/Sigmar/Saved/Config/Windows/Scalability.ini]
[2022.11.24-14.31.10:323][  0]LogConfig: Setting CVar [[r.HairStrands.SkyLighting.IntegrationType:2]]
[2022.11.24-14.31.10:323][  0]LogConfig: Setting CVar [[r.HairStrands.SkyAO.SampleCount:4]]
[2022.11.24-14.31.10:323][  0]LogConfig: Setting CVar [[r.HairStrands.Visibility.MSAA.SamplePerPixel:4]]
[2022.11.24-14.31.10:323][  0]LogInit: Selected Device Profile: [Windows]
[2022.11.24-14.31.10:323][  0]LogInit: Applying CVar settings loaded from the selected device profile: [Windows]
[2022.11.24-14.31.10:323][  0]LogHAL: Display: Platform has ~ 16 GB [16942845952 / 17179869184 / 16], which maps to Larger [LargestMinGB=32, LargerMinGB=12, DefaultMinGB=8, SmallerMinGB=6, SmallestMinGB=0)
[2022.11.24-14.31.10:323][  0]LogInit: Going up to parent DeviceProfile []
[2022.11.24-14.31.10:323][  0]LogConfig: Applying CVar settings from Section [ViewDistanceQuality@3] File [C:/Users/n.tilly/Documents/Sigmar/Sigmar/Saved/Config/Windows/Scalability.ini]
[2022.11.24-14.31.10:323][  0]LogConfig: Setting CVar [[r.SkeletalMeshLODBias:0]]
[2022.11.24-14.31.10:323][  0]LogConfig: Setting CVar [[r.ViewDistanceScale:1.0]]
[2022.11.24-14.31.10:323][  0]LogConfig: Applying CVar settings from Section [AntiAliasingQuality@3] File [C:/Users/n.tilly/Documents/Sigmar/Sigmar/Saved/Config/Windows/Scalability.ini]
[2022.11.24-14.31.10:323][  0]LogConfig: Setting CVar [[r.PostProcessAAQuality:4]]
[2022.11.24-14.31.10:323][  0]LogConfig: Applying CVar settings from Section [ShadowQuality@3] File [C:/Users/n.tilly/Documents/Sigmar/Sigmar/Saved/Config/Windows/Scalability.ini]
[2022.11.24-14.31.10:323][  0]LogConfig: Setting CVar [[r.LightFunctionQuality:1]]
[2022.11.24-14.31.10:323][  0]LogConfig: Setting CVar [[r.ShadowQuality:5]]
[2022.11.24-14.31.10:323][  0]LogConfig: Setting CVar [[r.Shadow.CSM.MaxCascades:10]]
[2022.11.24-14.31.10:323][  0]LogConfig: Setting CVar [[r.Shadow.MaxResolution:2048]]
[2022.11.24-14.31.10:323][  0]LogConfig: Setting CVar [[r.Shadow.MaxCSMResolution:2048]]
[2022.11.24-14.31.10:323][  0]LogConfig: Setting CVar [[r.Shadow.RadiusThreshold:0.01]]
[2022.11.24-14.31.10:323][  0]LogConfig: Setting CVar [[r.Shadow.DistanceScale:1.0]]
[2022.11.24-14.31.10:323][  0]LogConfig: Setting CVar [[r.Shadow.CSM.TransitionScale:1.0]]
[2022.11.24-14.31.10:323][  0]LogConfig: Setting CVar [[r.Shadow.PreShadowResolutionFactor:1.0]]
[2022.11.24-14.31.10:323][  0]LogConfig: Setting CVar [[r.DistanceFieldShadowing:1]]
[2022.11.24-14.31.10:323][  0]LogConfig: Setting CVar [[r.DistanceFieldAO:1]]
[2022.11.24-14.31.10:323][  0]LogConfig: Setting CVar [[r.AOQuality:2]]
[2022.11.24-14.31.10:323][  0]LogConfig: Setting CVar [[r.VolumetricFog:1]]
[2022.11.24-14.31.10:323][  0]LogConfig: Setting CVar [[r.VolumetricFog.GridPixelSize:8]]
[2022.11.24-14.31.10:323][  0]LogConfig: Setting CVar [[r.VolumetricFog.GridSizeZ:128]]
[2022.11.24-14.31.10:323][  0]LogConfig: Setting CVar [[r.VolumetricFog.HistoryMissSupersampleCount:4]]
[2022.11.24-14.31.10:323][  0]LogConfig: Setting CVar [[r.LightMaxDrawDistanceScale:1]]
[2022.11.24-14.31.10:323][  0]LogConfig: Setting CVar [[r.CapsuleShadows:1]]
[2022.11.24-14.31.10:323][  0]LogConfig: Applying CVar settings from Section [PostProcessQuality@3] File [C:/Users/n.tilly/Documents/Sigmar/Sigmar/Saved/Config/Windows/Scalability.ini]
[2022.11.24-14.31.10:323][  0]LogConfig: Setting CVar [[r.MotionBlurQuality:4]]
[2022.11.24-14.31.10:323][  0]LogConfig: Setting CVar [[r.AmbientOcclusionMipLevelFactor:0.4]]
[2022.11.24-14.31.10:323][  0]LogConfig: Setting CVar [[r.AmbientOcclusionMaxQuality:100]]
[2022.11.24-14.31.10:323][  0]LogConfig: Setting CVar [[r.AmbientOcclusionLevels:-1]]
[2022.11.24-14.31.10:323][  0]LogConfig: Setting CVar [[r.AmbientOcclusionRadiusScale:1.0]]
[2022.11.24-14.31.10:323][  0]LogConfig: Setting CVar [[r.DepthOfFieldQuality:2]]
[2022.11.24-14.31.10:323][  0]LogConfig: Setting CVar [[r.RenderTargetPoolMin:400]]
[2022.11.24-14.31.10:323][  0]LogConfig: Setting CVar [[r.LensFlareQuality:2]]
[2022.11.24-14.31.10:323][  0]LogConfig: Setting CVar [[r.SceneColorFringeQuality:1]]
[2022.11.24-14.31.10:323][  0]LogConfig: Setting CVar [[r.EyeAdaptationQuality:2]]
[2022.11.24-14.31.10:323][  0]LogConfig: Setting CVar [[r.BloomQuality:5]]
[2022.11.24-14.31.10:323][  0]LogConfig: Setting CVar [[r.FastBlurThreshold:100]]
[2022.11.24-14.31.10:323][  0]LogConfig: Setting CVar [[r.Upscale.Quality:3]]
[2022.11.24-14.31.10:323][  0]LogConfig: Setting CVar [[r.Tonemapper.GrainQuantization:1]]
[2022.11.24-14.31.10:323][  0]LogConfig: Setting CVar [[r.LightShaftQuality:1]]
[2022.11.24-14.31.10:323][  0]LogConfig: Setting CVar [[r.Filter.SizeScale:1]]
[2022.11.24-14.31.10:323][  0]LogConfig: Setting CVar [[r.Tonemapper.Quality:5]]
[2022.11.24-14.31.10:323][  0]LogConfig: Setting CVar [[r.DOF.Gather.AccumulatorQuality:1        ; higher gathering accumulator quality]]
[2022.11.24-14.31.10:323][  0]LogConfig: Setting CVar [[r.DOF.Gather.PostfilterMethod:1          ; Median3x3 postfilering method]]
[2022.11.24-14.31.10:323][  0]LogConfig: Setting CVar [[r.DOF.Gather.EnableBokehSettings:0       ; no bokeh simulation when gathering]]
[2022.11.24-14.31.10:323][  0]LogConfig: Setting CVar [[r.DOF.Gather.RingCount:4                 ; medium number of samples when gathering]]
[2022.11.24-14.31.10:323][  0]LogConfig: Setting CVar [[r.DOF.Scatter.ForegroundCompositing:1    ; additive foreground scattering]]
[2022.11.24-14.31.10:323][  0]LogConfig: Setting CVar [[r.DOF.Scatter.BackgroundCompositing:2    ; additive background scattering]]
[2022.11.24-14.31.10:323][  0]LogConfig: Setting CVar [[r.DOF.Scatter.EnableBokehSettings:1      ; bokeh simulation when scattering]]
[2022.11.24-14.31.10:323][  0]LogConfig: Setting CVar [[r.DOF.Scatter.MaxSpriteRatio:0.1         ; only a maximum of 10% of scattered bokeh]]
[2022.11.24-14.31.10:323][  0]LogConfig: Setting CVar [[r.DOF.Recombine.Quality:1                ; cheap slight out of focus]]
[2022.11.24-14.31.10:323][  0]LogConfig: Setting CVar [[r.DOF.Recombine.EnableBokehSettings:0    ; no bokeh simulation on slight out of focus]]
[2022.11.24-14.31.10:323][  0]LogConfig: Setting CVar [[r.DOF.TemporalAAQuality:1                ; more stable temporal accumulation]]
[2022.11.24-14.31.10:323][  0]LogConfig: Setting CVar [[r.DOF.Kernel.MaxForegroundRadius:0.025]]
[2022.11.24-14.31.10:323][  0]LogConfig: Setting CVar [[r.DOF.Kernel.MaxBackgroundRadius:0.025]]
[2022.11.24-14.31.10:323][  0]LogConfig: Applying CVar settings from Section [TextureQuality@3] File [C:/Users/n.tilly/Documents/Sigmar/Sigmar/Saved/Config/Windows/Scalability.ini]
[2022.11.24-14.31.10:323][  0]LogConfig: Setting CVar [[r.Streaming.MipBias:0]]
[2022.11.24-14.31.10:323][  0]LogConfig: Setting CVar [[r.Streaming.AmortizeCPUToGPUCopy:0]]
[2022.11.24-14.31.10:323][  0]LogConfig: Setting CVar [[r.Streaming.MaxNumTexturesToStreamPerFrame:0]]
[2022.11.24-14.31.10:323][  0]LogConfig: Setting CVar [[r.Streaming.Boost:1]]
[2022.11.24-14.31.10:323][  0]LogConfig: Setting CVar [[r.MaxAnisotropy:8]]
[2022.11.24-14.31.10:323][  0]LogConfig: Setting CVar [[r.VT.MaxAnisotropy:8]]
[2022.11.24-14.31.10:323][  0]LogConfig: Setting CVar [[r.Streaming.LimitPoolSizeToVRAM:0]]
[2022.11.24-14.31.10:323][  0]LogConfig: Setting CVar [[r.Streaming.PoolSize:1000]]
[2022.11.24-14.31.10:323][  0]LogConfig: Setting CVar [[r.Streaming.MaxEffectiveScreenSize:0]]
[2022.11.24-14.31.10:323][  0]LogConfig: Applying CVar settings from Section [EffectsQuality@3] File [C:/Users/n.tilly/Documents/Sigmar/Sigmar/Saved/Config/Windows/Scalability.ini]
[2022.11.24-14.31.10:323][  0]LogConfig: Setting CVar [[r.TranslucencyLightingVolumeDim:64]]
[2022.11.24-14.31.10:323][  0]LogConfig: Setting CVar [[r.RefractionQuality:2]]
[2022.11.24-14.31.10:323][  0]LogConfig: Setting CVar [[r.SSR.Quality:3]]
[2022.11.24-14.31.10:323][  0]LogConfig: Setting CVar [[r.SSR.HalfResSceneColor:0]]
[2022.11.24-14.31.10:323][  0]LogConfig: Setting CVar [[r.SceneColorFormat:4]]
[2022.11.24-14.31.10:323][  0]LogConfig: Setting CVar [[r.DetailMode:2]]
[2022.11.24-14.31.10:323][  0]LogConfig: Setting CVar [[r.TranslucencyVolumeBlur:1]]
[2022.11.24-14.31.10:323][  0]LogConfig: Setting CVar [[r.MaterialQualityLevel:1 ; High quality]]
[2022.11.24-14.31.10:323][  0]LogConfig: Setting CVar [[r.AnisotropicMaterials:1]]
[2022.11.24-14.31.10:323][  0]LogConfig: Setting CVar [[r.SSS.Scale:1]]
[2022.11.24-14.31.10:323][  0]LogConfig: Setting CVar [[r.SSS.SampleSet:2]]
[2022.11.24-14.31.10:323][  0]LogConfig: Setting CVar [[r.SSS.Quality:1]]
[2022.11.24-14.31.10:323][  0]LogConfig: Setting CVar [[r.SSS.HalfRes:0]]
[2022.11.24-14.31.10:323][  0]LogConfig: Setting CVar [[r.SSGI.Quality:3]]
[2022.11.24-14.31.10:323][  0]LogConfig: Setting CVar [[r.EmitterSpawnRateScale:1.0]]
[2022.11.24-14.31.10:323][  0]LogConfig: Setting CVar [[r.ParticleLightQuality:2]]
[2022.11.24-14.31.10:323][  0]LogConfig: Setting CVar [[r.SkyAtmosphere.AerialPerspectiveLUT.FastApplyOnOpaque:1 ; Always have FastSkyLUT 1 in this case to avoid wrong sky]]
[2022.11.24-14.31.10:323][  0]LogConfig: Setting CVar [[r.SkyAtmosphere.AerialPerspectiveLUT.SampleCountMaxPerSlice:4]]
[2022.11.24-14.31.10:323][  0]LogConfig: Setting CVar [[r.SkyAtmosphere.AerialPerspectiveLUT.DepthResolution:16.0]]
[2022.11.24-14.31.10:323][  0]LogConfig: Setting CVar [[r.SkyAtmosphere.FastSkyLUT:1]]
[2022.11.24-14.31.10:323][  0]LogConfig: Setting CVar [[r.SkyAtmosphere.FastSkyLUT.SampleCountMin:4.0]]
[2022.11.24-14.31.10:323][  0]LogConfig: Setting CVar [[r.SkyAtmosphere.FastSkyLUT.SampleCountMax:128.0]]
[2022.11.24-14.31.10:323][  0]LogConfig: Setting CVar [[r.SkyAtmosphere.SampleCountMin:4.0]]
[2022.11.24-14.31.10:323][  0]LogConfig: Setting CVar [[r.SkyAtmosphere.SampleCountMax:128.0]]
[2022.11.24-14.31.10:323][  0]LogConfig: Setting CVar [[r.SkyAtmosphere.TransmittanceLUT.UseSmallFormat:0]]
[2022.11.24-14.31.10:324][  0]LogConfig: Setting CVar [[r.SkyAtmosphere.TransmittanceLUT.SampleCount:10.0]]
[2022.11.24-14.31.10:324][  0]LogConfig: Setting CVar [[r.SkyAtmosphere.MultiScatteringLUT.SampleCount:15.0]]
[2022.11.24-14.31.10:324][  0]LogConfig: Setting CVar [[r.SkyLight.RealTimeReflectionCapture:1]]
[2022.11.24-14.31.10:324][  0]LogConfig: Applying CVar settings from Section [FoliageQuality@3] File [C:/Users/n.tilly/Documents/Sigmar/Sigmar/Saved/Config/Windows/Scalability.ini]
[2022.11.24-14.31.10:324][  0]LogConfig: Setting CVar [[foliage.DensityScale:1.0]]
[2022.11.24-14.31.10:324][  0]LogConfig: Setting CVar [[grass.DensityScale:1.0]]
[2022.11.24-14.31.10:324][  0]LogConfig: Applying CVar settings from Section [ShadingQuality@3] File [C:/Users/n.tilly/Documents/Sigmar/Sigmar/Saved/Config/Windows/Scalability.ini]
[2022.11.24-14.31.10:324][  0]LogConfig: Setting CVar [[r.HairStrands.SkyLighting.IntegrationType:2]]
[2022.11.24-14.31.10:324][  0]LogConfig: Setting CVar [[r.HairStrands.SkyAO.SampleCount:4]]
[2022.11.24-14.31.10:324][  0]LogConfig: Setting CVar [[r.HairStrands.Visibility.MSAA.SamplePerPixel:4]]
[2022.11.24-14.31.10:324][  0]LogConfig: Applying CVar settings from Section [Startup] File [../../../Engine/Config/ConsoleVariables.ini]
[2022.11.24-14.31.10:324][  0]LogConfig: Setting CVar [[net.UseAdaptiveNetUpdateFrequency:0]]
[2022.11.24-14.31.10:324][  0]LogConfig: Setting CVar [[p.chaos.AllowCreatePhysxBodies:1]]
[2022.11.24-14.31.10:324][  0]LogConfig: Setting CVar [[fx.SkipVectorVMBackendOptimizations:1]]
[2022.11.24-14.31.10:324][  0]LogConfig: Applying CVar settings from Section [ConsoleVariables] File [C:/Users/n.tilly/Documents/Sigmar/Sigmar/Saved/Config/Windows/Engine.ini]
[2022.11.24-14.31.10:324][  0]LogConfig: Applying CVar settings from Section [ConsoleVariables] File [C:/Users/n.tilly/Documents/Sigmar/Sigmar/Saved/Config/Windows/Editor.ini]
[2022.11.24-14.31.10:324][  0]LogInit: Computer: RNSS21112
[2022.11.24-14.31.10:324][  0]LogInit: User: ntilly
[2022.11.24-14.31.10:324][  0]LogInit: CPU Page size=4096, Cores=6
[2022.11.24-14.31.10:324][  0]LogInit: High frequency timer resolution =10.000000 MHz
[2022.11.24-14.31.10:324][  0]LogMemory: Memory total: Physical=15.8GB (16GB approx)
[2022.11.24-14.31.10:324][  0]LogMemory: Platform Memory Stats for Windows
[2022.11.24-14.31.10:324][  0]LogMemory: Process Physical Memory: 148.88 MB used, 148.89 MB peak
[2022.11.24-14.31.10:324][  0]LogMemory: Process Virtual Memory: 134.05 MB used, 134.05 MB peak
[2022.11.24-14.31.10:324][  0]LogMemory: Physical Memory: 8868.22 MB used,  7289.73 MB free, 16157.96 MB total
[2022.11.24-14.31.10:324][  0]LogMemory: Virtual Memory: 134212416.00 MB used,  5314.51 MB free, 134217728.00 MB total
[2022.11.24-14.31.10:328][  0]LogWindows: WindowsPlatformFeatures enabled
[2022.11.24-14.31.10:342][  0]LogInit: Physics initialised using underlying interface: PhysX
[2022.11.24-14.31.10:342][  0]LogInit: Using OS detected language (fr-FR).
[2022.11.24-14.31.10:342][  0]LogInit: Using OS detected locale (fr-FR).
[2022.11.24-14.31.10:344][  0]LogTextLocalizationManager: No specific localization for 'fr-FR' exists, so the 'fr' localization will be used.
[2022.11.24-14.31.10:345][  0]LogTextLocalizationResource: LocRes '../../../Engine/Content/Localization/Editor/fr/Editor.locres' could not be opened for reading!
[2022.11.24-14.31.10:345][  0]LogTextLocalizationResource: LocRes '../../../Engine/Content/Localization/EditorTutorials/fr/EditorTutorials.locres' could not be opened for reading!
[2022.11.24-14.31.10:345][  0]LogTextLocalizationResource: LocRes '../../../Engine/Content/Localization/Keywords/fr/Keywords.locres' could not be opened for reading!
[2022.11.24-14.31.10:345][  0]LogTextLocalizationResource: LocRes '../../../Engine/Content/Localization/Category/fr/Category.locres' could not be opened for reading!
[2022.11.24-14.31.10:345][  0]LogTextLocalizationResource: LocRes '../../../Engine/Content/Localization/ToolTips/fr/ToolTips.locres' could not be opened for reading!
[2022.11.24-14.31.10:345][  0]LogTextLocalizationResource: LocRes '../../../Engine/Content/Localization/PropertyNames/fr/PropertyNames.locres' could not be opened for reading!
[2022.11.24-14.31.10:345][  0]LogTextLocalizationResource: LocRes '../../../Engine/Content/Localization/Engine/fr/Engine.locres' could not be opened for reading!
[2022.11.24-14.31.10:353][  0]LogWindowsTextInputMethodSystem: Display: IME system deactivated.
[2022.11.24-14.31.10:371][  0]LogSlate: New Slate User Created.  User Index 0, Is Virtual User: 0
[2022.11.24-14.31.10:371][  0]LogSlate: Slate User Registered.  User Index 0, Is Virtual User: 0
[2022.11.24-14.31.10:382][  0]LogD3D11RHI: Loaded GFSDK_Aftermath_Lib.x64.dll
[2022.11.24-14.31.10:384][  0]LogHMD: Failed to initialize OpenVR with code 110
[2022.11.24-14.31.10:384][  0]LogD3D11RHI: D3D11 min allowed feature level: 11_0
[2022.11.24-14.31.10:384][  0]LogD3D11RHI: D3D11 max allowed feature level: 11_0
[2022.11.24-14.31.10:384][  0]LogD3D11RHI: D3D11 adapters:
[2022.11.24-14.31.10:478][  0]LogD3D11RHI:    0. 'NVIDIA GeForce RTX 2060' (Feature Level 11_0)
[2022.11.24-14.31.10:478][  0]LogD3D11RHI:       5980/0/8078 MB DedicatedVideo/DedicatedSystem/SharedSystem, Outputs:1, VendorId:0x10de
[2022.11.24-14.31.10:505][  0]LogD3D11RHI:    1. 'Intel(R) UHD Graphics 630' (Feature Level 11_0)
[2022.11.24-14.31.10:505][  0]LogD3D11RHI:       128/0/8078 MB DedicatedVideo/DedicatedSystem/SharedSystem, Outputs:0, VendorId:0x8086
[2022.11.24-14.31.10:507][  0]LogD3D11RHI:    2. 'Microsoft Basic Render Driver' (Feature Level 11_0)
[2022.11.24-14.31.10:507][  0]LogD3D11RHI:       0/0/8078 MB DedicatedVideo/DedicatedSystem/SharedSystem, Outputs:0, VendorId:0x1414
[2022.11.24-14.31.10:507][  0]LogD3D11RHI: Chosen D3D11 Adapter:
[2022.11.24-14.31.10:507][  0]LogD3D11RHI:     Description : NVIDIA GeForce RTX 2060
[2022.11.24-14.31.10:507][  0]LogD3D11RHI:     VendorId    : 10de
[2022.11.24-14.31.10:507][  0]LogD3D11RHI:     DeviceId    : 1f08
[2022.11.24-14.31.10:507][  0]LogD3D11RHI:     SubSysId    : 6903103c
[2022.11.24-14.31.10:507][  0]LogD3D11RHI:     Revision    : 00a1
[2022.11.24-14.31.10:507][  0]LogD3D11RHI:     DedicatedVideoMemory : 6270484480 bytes
[2022.11.24-14.31.10:507][  0]LogD3D11RHI:     DedicatedSystemMemory : 0 bytes
[2022.11.24-14.31.10:507][  0]LogD3D11RHI:     SharedSystemMemory : 8471422976 bytes
[2022.11.24-14.31.10:507][  0]LogD3D11RHI:     AdapterLuid : 0 54608
[2022.11.24-14.31.10:512][  0]LogD3D11RHI: Creating new Direct3DDevice
[2022.11.24-14.31.10:512][  0]LogD3D11RHI:     GPU DeviceId: 0x1f08 (for the marketing name, search the web for "GPU Device Id")
[2022.11.24-14.31.10:512][  0]LogWindows: EnumDisplayDevices:
[2022.11.24-14.31.10:512][  0]LogWindows:    0. 'NVIDIA GeForce RTX 2060' (P:1 D:1)
[2022.11.24-14.31.10:512][  0]LogWindows:    1. 'NVIDIA GeForce RTX 2060' (P:0 D:0)
[2022.11.24-14.31.10:512][  0]LogWindows:    2. 'NVIDIA GeForce RTX 2060' (P:0 D:0)
[2022.11.24-14.31.10:512][  0]LogWindows:    3. 'NVIDIA GeForce RTX 2060' (P:0 D:0)
[2022.11.24-14.31.10:512][  0]LogWindows:    4. 'Intel(R) UHD Graphics 630' (P:0 D:0)
[2022.11.24-14.31.10:513][  0]LogWindows:    5. 'Intel(R) UHD Graphics 630' (P:0 D:0)
[2022.11.24-14.31.10:513][  0]LogWindows:    6. 'Intel(R) UHD Graphics 630' (P:0 D:0)
[2022.11.24-14.31.10:513][  0]LogWindows: DebugString: PrimaryIsNotTheChoosenAdapter PrimaryIsNotTheChoosenAdapter PrimaryIsNotTheChoosenAdapter FoundDriverCount:4 
[2022.11.24-14.31.10:513][  0]LogD3D11RHI:     Adapter Name: NVIDIA GeForce RTX 2060
[2022.11.24-14.31.10:513][  0]LogD3D11RHI:   Driver Version: 472.91 (internal:30.0.14.7291, unified:472.91)
[2022.11.24-14.31.10:513][  0]LogD3D11RHI:      Driver Date: 12-13-2021
[2022.11.24-14.31.10:513][  0]LogRHI: Texture pool is 4186 MB (70% of 5980 MB)
[2022.11.24-14.31.10:513][  0]LogD3D11RHI: Creating D3DDevice using adapter:
[2022.11.24-14.31.10:513][  0]LogD3D11RHI:     Description : NVIDIA GeForce RTX 2060
[2022.11.24-14.31.10:513][  0]LogD3D11RHI:     VendorId    : 10de
[2022.11.24-14.31.10:513][  0]LogD3D11RHI:     DeviceId    : 1f08
[2022.11.24-14.31.10:513][  0]LogD3D11RHI:     SubSysId    : 6903103c
[2022.11.24-14.31.10:513][  0]LogD3D11RHI:     Revision    : 00a1
[2022.11.24-14.31.10:513][  0]LogD3D11RHI:     DedicatedVideoMemory : 6270484480 bytes
[2022.11.24-14.31.10:513][  0]LogD3D11RHI:     DedicatedSystemMemory : 0 bytes
[2022.11.24-14.31.10:513][  0]LogD3D11RHI:     SharedSystemMemory : 8471422976 bytes
[2022.11.24-14.31.10:513][  0]LogD3D11RHI:     AdapterLuid : 0 54608
[2022.11.24-14.31.10:596][  0]LogD3D11RHI: RHI has support for 64 bit atomics
[2022.11.24-14.31.10:596][  0]LogD3D11RHI: Async texture creation enabled
[2022.11.24-14.31.10:596][  0]LogD3D11RHI: Array index from any shader is supported
[2022.11.24-14.31.10:597][  0]LogD3D11RHI: HDR output is supported on display 0 (NvId: 0x80061082).
[2022.11.24-14.31.10:609][  0]LogD3D11RHI: GPU Timing Frequency: 1000.000000 (Debug: 2 1)
[2022.11.24-14.31.10:648][  0]LogRHI: GeForceNow SDK initialized: 1
[2022.11.24-14.31.11:087][  0]LogTargetPlatformManager: Display: Loaded TargetPlatform 'WindowsNoEditor'
[2022.11.24-14.31.11:090][  0]LogTargetPlatformManager: Display: Loaded TargetPlatform 'Windows'
[2022.11.24-14.31.11:093][  0]LogTargetPlatformManager: Display: Loaded TargetPlatform 'WindowsClient'
[2022.11.24-14.31.11:096][  0]LogTargetPlatformManager: Display: Loaded TargetPlatform 'WindowsServer'
[2022.11.24-14.31.11:096][  0]LogTargetPlatformManager: Display: Building Assets For Windows
[2022.11.24-14.31.11:101][  0]LogAudioDebug: Display: Lib vorbis DLL was dynamically loaded.
[2022.11.24-14.31.11:120][  0]LogTextureFormatOodle: Display: Oodle Texture 2.9.0 init RDO Off
[2022.11.24-14.31.11:141][  0]LogRendererCore: Ray tracing is disabled. Reason: r.RayTracing=0.
[2022.11.24-14.31.11:141][  0]LogShaderCompilers: Guid format shader working directory is 8 characters bigger than the processId version (C:/Users/n.tilly/Documents/Sigmar/Sigmar/Intermediate/Shaders/WorkingDirectory/3708/).
[2022.11.24-14.31.11:141][  0]LogShaderCompilers: Cleaned the shader compiler working directory 'C:/Users/n.tilly/AppData/Local/Temp/UnrealShaderWorkingDir/FF9567714D5A496ADD888299D6AFC092/'.
[2022.11.24-14.31.11:141][  0]LogXGEController: Cannot use XGE Controller as Incredibuild is not installed on this machine.
[2022.11.24-14.31.11:141][  0]LogShaderCompilers: Cannot use XGE Shader Compiler as Incredibuild is not installed on this machine.
[2022.11.24-14.31.11:141][  0]LogShaderCompilers: Display: Using Local Shader Compiler.
[2022.11.24-14.31.11:762][  0]LogDerivedDataCache: Display: Max Cache Size: 512 MB
[2022.11.24-14.31.11:814][  0]LogDerivedDataCache: Loaded boot cache 0.05s 94MB C:/Users/n.tilly/AppData/Local/UnrealEngine/4.27/DerivedDataCache/Boot.ddc.
[2022.11.24-14.31.11:814][  0]LogDerivedDataCache: Display: Loaded Boot cache: C:/Users/n.tilly/AppData/Local/UnrealEngine/4.27/DerivedDataCache/Boot.ddc
[2022.11.24-14.31.11:814][  0]LogDerivedDataCache: FDerivedDataBackendGraph:  Pak pak cache file C:/Users/n.tilly/Documents/Sigmar/Sigmar/DerivedDataCache/DDC.ddp not found, will not use a pak cache.
[2022.11.24-14.31.11:814][  0]LogDerivedDataCache: Unable to find inner node Pak for hierarchical cache Hierarchy.
[2022.11.24-14.31.11:814][  0]LogDerivedDataCache: FDerivedDataBackendGraph:  CompressedPak pak cache file C:/Users/n.tilly/Documents/Sigmar/Sigmar/DerivedDataCache/Compressed.ddp not found, will not use a pak cache.
[2022.11.24-14.31.11:814][  0]LogDerivedDataCache: Unable to find inner node CompressedPak for hierarchical cache Hierarchy.
[2022.11.24-14.31.11:828][  0]LogDerivedDataCache: Display: Pak cache opened for reading ../../../Engine/DerivedDataCache/Compressed.ddp.
[2022.11.24-14.31.11:828][  0]LogDerivedDataCache: FDerivedDataBackendGraph:  EnterprisePak pak cache file ../../../Enterprise/DerivedDataCache/Compressed.ddp not found, will not use a pak cache.
[2022.11.24-14.31.11:828][  0]LogDerivedDataCache: Unable to find inner node EnterprisePak for hierarchical cache Hierarchy.
[2022.11.24-14.31.11:842][  0]LogDerivedDataCache: Speed tests for C:/Users/n.tilly/AppData/Local/UnrealEngine/Common/DerivedDataCache took 0.01 seconds
[2022.11.24-14.31.11:842][  0]LogDerivedDataCache: Display: Performance to C:/Users/n.tilly/AppData/Local/UnrealEngine/Common/DerivedDataCache: Latency=0.01ms. RandomReadSpeed=1491.32MBs, RandomWriteSpeed=68.89MBs. Assigned SpeedClass 'Local'
[2022.11.24-14.31.11:843][  0]LogDerivedDataCache: Using Local data cache path C:/Users/n.tilly/AppData/Local/UnrealEngine/Common/DerivedDataCache: Writable
[2022.11.24-14.31.11:843][  0]LogDerivedDataCache: Shared data cache path not found in *engine.ini, will not use an Shared cache.
[2022.11.24-14.31.11:843][  0]LogDerivedDataCache: Unable to find inner node Shared for hierarchical cache Hierarchy.
[2022.11.24-14.31.11:873][  0]LogSlate: Using FreeType 2.10.0
[2022.11.24-14.31.11:873][  0]LogSlate: SlateFontServices - WITH_FREETYPE: 1, WITH_HARFBUZZ: 1
[2022.11.24-14.31.11:937][  0]LogInit: Using OS detected language (fr-FR).
[2022.11.24-14.31.11:937][  0]LogInit: Using OS detected locale (fr-FR).
[2022.11.24-14.31.11:937][  0]LogTextLocalizationManager: No localization for 'fr-FR' exists, so 'en' will be used for the language.
[2022.11.24-14.31.11:937][  0]LogTextLocalizationManager: No localization for 'fr-FR' exists, so 'en' will be used for the locale.
[2022.11.24-14.31.11:937][  0]LogSlate: FontCache flush requested. Reason: Culture for localization was changed
[2022.11.24-14.31.11:937][  0]LogSlate: FontCache flush requested. Reason: Culture for localization was changed
[2022.11.24-14.31.11:939][  0]LogAssetRegistry: FAssetRegistry took 0.0013 seconds to start up
[2022.11.24-14.31.12:071][  0]LogTextLocalizationManager: Compacting localization data took   0.00ms
[2022.11.24-14.31.12:071][  0]LogPackageLocalizationCache: Processed 27 localized package path(s) for 1 prioritized culture(s) in 0.000775 seconds
[2022.11.24-14.31.12:119][  0]LogInit: Selected Device Profile: [Windows]
[2022.11.24-14.31.12:120][  0]LogInit: Active device profile: [00000183DD372900][00000183D6C55140 49] Windows
[2022.11.24-14.31.12:120][  0]LogInit: Profiles: [00000183DD372900][00000183D6C55140 49] Windows, [00000183DD325900][00000183D6C5D2C0 49] WindowsNoEditor, [00000183DD371900][00000183D6C59400 49] WindowsServer, [00000183DD326900][00000183D6C61540 49] WindowsClient, [00000183DD372C00][00000183D6C65680 49] IOS, [00000183DD327F00][00000183D6C6D800 49] iPadAir, [00000183DD372600][00000183D6C71980 49] iPadAir2, [00000183DD2CEC00][00000183D6C780C0 49] IPadPro, [00000183DD2CED00][00000183D6C74100 49] iPadAir3, [00000183DD371C00][00000183D6C7C280 49] iPadAir4, [00000183DD2CF300][00000183D6C80400 49] iPadMini2, [00000183DD371E00][00000183D6C84580 49] iPadMini3, [00000183DD2CD600][00000183D6C88700 49] iPadMini4, [00000183DD372E00][00000183D6C8C880 49] iPadMini5, [00000183DD30E500][00000183D5D66B40 49] iPhone6, [00000183DD30E600][00000183D5D62B80 49] iPodTouch6, [00000183DD2CD300][00000183D5D6EE40 49] iPhone7, [00000183DD2CD200][00000183D5D6AE80 49] iPodTouch7, [00000183DD30EB00][00000183D5D73000 49] iPhone5S, [00000183DD2CCC00][00000183D5D77180 49] iPhone6Plus, [00000183DD30D600][00000183D5D7B300 49] iPhone6S, [00000183DD2CE700][00000183D5D7F480 49] iPhone6SPlus, [00000183DD30D400][00000183D6C695C0 49] iPhone7Plus, [00000183DD2CE600][00000183D5D83700 49] iPhoneSE, [00000183DD30E300][00000183D5D87840 49] iPhone8, [00000183DD2CEF00][00000183D5D8F9C0 49] iPhone8Plus, [00000183DD30C100][00000183D5D93B40 49] iPhoneX, [00000183DD2CE400][00000183D5D96140 49] iPhoneXS, [00000183DD30C200][00000183D5D9A2C0 49] iPhoneXSMax, [00000183DD2CF200][00000183D5D9E440 49] iPhoneXR, [00000183DD30EF00][00000183D5DA25C0 49] iPhone11, [00000183DD2CF700][00000183D5DA6740 49] iPhone11Pro, [00000183DD30D000][00000183D5DAA8C0 49] iPhone11ProMax, [00000183DD2CEA00][00000183D5DAEA40 49] iPhoneSE2, [00000183DD30F900][00000183D5DB2BC0 49] iPhone12Mini, [00000183DD2CDB00][00000183D5DB6D40 49] iPhone12, [00000183DD30CC00][00000183D5DBAEC0 49] iPhone12Pro, [00000183DD2CFC00][00000183D5DBF040 49] iPhone12ProMax, [00000183DD30DB00][00000183DCCE11C0 49] iPadPro105, [00000183DD2CD800][00000183DCCE5340 49] iPadPro129, [00000183DD30EC00][00000183DCCE94C0 49] iPadPro97, [00000183DD2CFA00][00000183DCCED640 49] iPadPro2_129, [00000183DD30E700][00000183D5D8B780 49] iPad5, [00000183DD2CE800][00000183DCCF18C0 49] iPad6, [00000183DD30F400][00000183DCCF5A00 49] iPad7, [00000183DD2CDD00][00000183DCCF9B40 49] iPad8, [00000183DD30D900][00000183DCD00140 49] iPadPro11, [00000183DD2CFB00][00000183DCD042C0 49] iPadPro2_11, [00000183DD30E800][00000183DCD08440 49] iPadPro3_129, [00000183DD326400][00000183DCD0C5C0 49] iPadPro4_129, [00000183DD3AD500][00000183DCD10740 49] AppleTV, [00000183DD327400][00000183DCD148C0 49] AppleTV4K, [00000183DD3AC900][00000183DCD18A40 49] TVOS, [00000183DD327100][00000183DCD1CBC0 49] Mac, [00000183DD3AD000][00000183DCD20D40 49] MacClient, [00000183DD326800][00000183DCD24EC0 49] MacNoEditor, [00000183DD3ACB00][00000183DCD29040 49] MacServer, [00000183DD327C00][00000183DCD2D1C0 49] Linux, [00000183DD3AD200][00000183DCD31340 49] LinuxAArch64, [00000183DD326F00][00000183DCD354C0 49] LinuxNoEditor, [00000183DD3AC500][00000183DCD39640 49] LinuxAArch64NoEditor, [00000183DD30D800][00000183DCD3D7C0 49] LinuxClient, [00000183DD2CE200][00000183DCCFD900 49] LinuxAArch64Client, [00000183DD30C900][00000183DCD41A40 49] LinuxServer, [00000183DD2CC300][00000183DCD45B80 49] LinuxAArch64Server, [00000183DD30CE00][00000183DCD48140 49] Android, [00000183DD2CE300][00000183DCD502C0 49] Android_Low, [00000183DD30E000][00000183DCD54440 49] Android_Mid, [00000183DD2CEB00][00000183DCD585C0 49] Android_High, [00000183DD30D300][00000183DCD5C740 49] Android_Default, [00000183DD2CF600][00000183DCD608C0 49] Android_Adreno4xx, [00000183DD30C600][00000183DCD64A40 49] Android_Adreno5xx_Low, [00000183DD2CF900][00000183DCD68BC0 49] Android_Adreno5xx, [00000183DD30FC00][00000183DCD6CD40 49] Android_Adreno6xx, [00000183DD2CF400][00000183DCD70EC0 49] Android_Adreno6xx_Vulkan, [00000183DD30F500][00000183DCD75040 49] Android_Mali_T6xx, [00000183DD2CF100][00000183DCD791C0 49] Android_Mali_T7xx, [00000183DD30DD00][00000183DCD7D340 49] Android_Mali_T8xx, [00000183DD2CFE00][00000183DCD814C0 49] Android_Mali_G71, [00000183DD30F200][00000183DCD85640 49] Android_Mali_G72, [00000183DD2CFF00][00000183DCD897C0 49] Android_Mali_G72_Vulkan, [00000183DD30C800][00000183DCD8D940 49] Android_Mali_G76, [00000183DD2CC400][00000183D07BDAC0 49] Android_Mali_G76_Vulkan, [00000183DD30D700][00000183DCD4DC00 49] Android_Mali_G77, [00000183DD2CC100][00000183D07C01C0 49] Android_Mali_G77_Vulkan, [00000183DD3AC600][00000183D07C4300 49] Android_Mali_G78, [00000183DD2CD500][00000183D07CC480 49] Android_Mali_G78_Vulkan, [00000183DD3ACE00][00000183D07D0600 49] Android_Mali_G710, [00000183DD2CC900][00000183D07D4780 49] Android_Mali_G710_Vulkan, [00000183DD3AD100][00000183D07D8900 49] Android_Vulkan_SM5, [00000183DD2CD900][00000183D07DCA80 49] Android_PowerVR_G6xxx, [00000183DD30EE00][00000183D07E0C00 49] Android_PowerVR_GT7xxx, [00000183DD2CDC00][00000183D07E4D80 49] Android_PowerVR_GE8xxx, [00000183DD30F800][00000183DC9C0F00 49] Android_PowerVR_GM9xxx, [00000183DD2CDF00][00000183DC9C5080 49] Android_PowerVR_GM9xxx_Vulkan, [00000183DD30FB00][00000183DC9C9200 49] Android_TegraK1, [00000183DD2CE100][00000183DC9CD380 49] Android_Unknown_Vulkan, [00000183DD30DC00][00000183DC9D1500 49] Lumin, [00000183DD2CC500][00000183DC9D5680 49] Lumin_Desktop, [00000183DD30E200][00000183DC9D9800 49] HoloLens, 
[2022.11.24-14.31.12:146][  0]LogMeshReduction: Using QuadricMeshReduction for automatic static mesh reduction
[2022.11.24-14.31.12:146][  0]LogMeshReduction: Using SimplygonMeshReduction for automatic skeletal mesh reduction
[2022.11.24-14.31.12:146][  0]LogMeshReduction: Using ProxyLODMeshReduction for automatic mesh merging
[2022.11.24-14.31.12:146][  0]LogMeshReduction: No distributed automatic mesh merging module available
[2022.11.24-14.31.12:146][  0]LogMeshMerging: No distributed automatic mesh merging module available
[2022.11.24-14.31.12:232][  0]LogNetVersion: Sigmar 1.0.0, NetCL: 17155196, EngineNetVer: 17, GameNetVer: 0 (Checksum: 1106759431)
[2022.11.24-14.31.12:407][  0]LogTexture: Default maximum texture size for cubemaps generated from long-lat sources has been changed from 512 to unlimited. In order to preserve old behaiour for '/Engine/MapTemplates/Sky/DaylightAmbientCubemap.DaylightAmbientCubemap', its maximum texture size has been explicitly set to 512.
[2022.11.24-14.31.12:465][  0]LogHMD: PokeAHoleMaterial loaded successfully
[2022.11.24-14.31.12:531][  0]LogMoviePlayer: Initializing movie player
[2022.11.24-14.31.12:642][  0]LogNiagaraDebuggerClient: Niagara Debugger Client Initialized | Session: 71127D6D4ACFCF345A54728FC688E150 | Instance: 5F4D18704BE6CE282CE3A6A7E09B8C14 (RNSS21112-3708).
[2022.11.24-14.31.12:656][  0]LogCollectionManager: Loaded 0 collections in 0.000634 seconds
[2022.11.24-14.31.12:657][  0]LogFileCache: Scanning file cache for directory 'C:/Users/n.tilly/Documents/Sigmar/Sigmar/Saved/Collections/' took 0.00s
[2022.11.24-14.31.12:658][  0]LogFileCache: Scanning file cache for directory 'C:/Users/n.tilly/Documents/Sigmar/Sigmar/Content/Developers/ntilly/Collections/' took 0.00s
[2022.11.24-14.31.12:658][  0]LogFileCache: Scanning file cache for directory 'C:/Users/n.tilly/Documents/Sigmar/Sigmar/Content/Collections/' took 0.00s
[2022.11.24-14.31.12:658][  0]LogCollectionManager: Fixed up redirectors for 0 collections in 0.000001 seconds (updated 0 objects)
[2022.11.24-14.31.12:724][  0]LogPython: Using Python 3.7.7
[2022.11.24-14.31.13:083][  0]LogTcpMessaging: Initializing TcpMessaging bridge
[2022.11.24-14.31.13:085][  0]LogUdpMessaging: Initializing bridge on interface 0.0.0.0:0 to multicast group 230.0.0.1:6666.
[2022.11.24-14.31.13:150][  0]SourceControl: Source control is disabled
[2022.11.24-14.31.13:150][  0]SourceControl: Source control is disabled
[2022.11.24-14.31.13:152][  0]SourceControl: Source control is disabled
[2022.11.24-14.31.13:158][  0]LogUProjectInfo: Found projects:
[2022.11.24-14.31.13:222][  0]LogOpenImageDenoise: OIDN starting up
[2022.11.24-14.31.13:236][  0]LogAndroidPermission: UAndroidPermissionCallbackProxy::GetInstance
[2022.11.24-14.31.13:250][  0]LogAudioCaptureCore: Display: No Audio Capture implementations found. Audio input will be silent.
[2022.11.24-14.31.13:250][  0]LogAudioCaptureCore: Display: No Audio Capture implementations found. Audio input will be silent.
[2022.11.24-14.31.13:301][  0]LogOcInput: OculusInput pre-init called
[2022.11.24-14.31.13:308][  0]LogUObjectArray: 22121 objects as part of root set at end of initial load.
[2022.11.24-14.31.13:308][  0]LogUObjectAllocator: 5975632 out of 0 bytes used by permanent object pool.
[2022.11.24-14.31.13:308][  0]LogUObjectArray: CloseDisregardForGC: 0/0 objects in disregard for GC pool
[2022.11.24-14.31.13:344][  0]LogEngine: Initializing Engine...
[2022.11.24-14.31.13:348][  0]LogHMD: Failed to enumerate extensions. Please check that you have a valid OpenXR runtime installed.
[2022.11.24-14.31.13:348][  0]LogHMD: Failed to initialize OpenVR with code 110
[2022.11.24-14.31.13:348][  0]LogMagicLeap: Warning: VR disabled because ZI is not enabled.  To enable, in the editor, Edit -> Project Settings -> Plugins -> Magic Leap Plugin -> Enable Zero Iteration
[2022.11.24-14.31.13:349][  0]LogStats: UGameplayTagsManager::InitializeManager -  0.000 s
[2022.11.24-14.31.13:432][  0]LogInit: Initializing FReadOnlyCVARCache
[2022.11.24-14.31.13:432][  0]LogAudio: Display: Initializing Audio Device Manager...
[2022.11.24-14.31.13:435][  0]LogAudio: Display: Loading Default Audio Settings Objects...
[2022.11.24-14.31.13:435][  0]LogAudio: Display: No default SoundConcurrencyObject specified (or failed to load).
[2022.11.24-14.31.13:436][  0]LogAudio: Display: Audio Device Manager Initialized
[2022.11.24-14.31.13:436][  0]LogAudio: Display: Creating Audio Device:                 Id: 1, Scope: Shared, Realtime: True
[2022.11.24-14.31.13:436][  0]LogAudioMixer: Display: Audio Mixer Platform Settings:
[2022.11.24-14.31.13:436][  0]LogAudioMixer: Display: 	Sample Rate:						  48000
[2022.11.24-14.31.13:436][  0]LogAudioMixer: Display: 	Callback Buffer Frame Size Requested: 1024
[2022.11.24-14.31.13:436][  0]LogAudioMixer: Display: 	Callback Buffer Frame Size To Use:	  1024
[2022.11.24-14.31.13:436][  0]LogAudioMixer: Display: 	Number of buffers to queue:			  2
[2022.11.24-14.31.13:436][  0]LogAudioMixer: Display: 	Max Channels (voices):				  32
[2022.11.24-14.31.13:436][  0]LogAudioMixer: Display: 	Number of Async Source Workers:		  0
[2022.11.24-14.31.13:436][  0]LogAudio: Display: AudioDevice MaxSources: 32
[2022.11.24-14.31.13:436][  0]LogAudio: Display: Audio Spatialization Plugin: None (built-in).
[2022.11.24-14.31.13:436][  0]LogAudio: Display: Audio Reverb Plugin: None (built-in).
[2022.11.24-14.31.13:436][  0]LogAudio: Display: Audio Occlusion Plugin: None (built-in).
[2022.11.24-14.31.13:436][  0]LogAudioMixer: Display: Initializing audio mixer.
[2022.11.24-14.31.13:446][  0]LogAudioMixer: Display: 0: FrontLeft
[2022.11.24-14.31.13:446][  0]LogAudioMixer: Display: 1: FrontRight
[2022.11.24-14.31.13:460][  0]LogAudioMixer: Display: Using Audio Device Casque (Synaptics HD Audio)
[2022.11.24-14.31.13:466][  0]LogAudioMixer: Display: Initializing Sound Submixes...
[2022.11.24-14.31.13:467][  0]LogAudioMixer: Display: Creating Master Submix 'MasterSubmixDefault'
[2022.11.24-14.31.13:467][  0]LogAudioMixer: Display: Creating Master Submix 'MasterReverbSubmixDefault'
[2022.11.24-14.31.13:468][  0]LogAudioMixer: Display: Creating Master Submix 'MasterEQSubmixDefault'
[2022.11.24-14.31.13:468][  0]LogAudioMixer: FMixerPlatformXAudio2::StartAudioStream() called
[2022.11.24-14.31.13:468][  0]LogAudioMixer: Display: Output buffers initialized: Frames=1024, Channels=2, Samples=2048
[2022.11.24-14.31.13:469][  0]LogAudioMixer: Display: Starting AudioMixerPlatformInterface::RunInternal()
[2022.11.24-14.31.13:469][  0]LogAudioMixer: Display: FMixerPlatformXAudio2::SubmitBuffer() called for the first time
[2022.11.24-14.31.13:469][  0]LogInit: FAudioDevice initialized.
[2022.11.24-14.31.13:469][  0]LogNetVersion: Set ProjectVersion to 1.0.0.0. Version Checksum will be recalculated on next use.
[2022.11.24-14.31.13:471][  0]LogInit: Texture streaming: Enabled
[2022.11.24-14.31.13:517][  0]LogAudio: Display: Audio Device (ID: 1) registered with world 'Untitled'.
[2022.11.24-14.31.13:517][  0]LogSlate: Updating window title bar state: overlay mode, drag disabled, window buttons hidden, title bar hidden
[2022.11.24-14.31.13:517][  0]LogInit: Display: Game Engine Initialized.
[2022.11.24-14.31.13:517][  0]LogNiagaraEditor: GEditor isn't valid! Particle reset commands will not work for Niagara components!
[2022.11.24-14.31.13:606][  0]LogInit: Display: Starting Game.
[2022.11.24-14.31.13:606][  0]LogNet: Browse: /Game/Levels/MainMenu?Name=Player
[2022.11.24-14.31.13:606][  0]LogLoad: LoadMap: /Game/Levels/MainMenu?Name=Player
[2022.11.24-14.31.13:606][  0]LogWorld: BeginTearingDown for /Temp/Untitled_0
[2022.11.24-14.31.13:607][  0]LogWorld: UWorld::CleanupWorld for Untitled, bSessionEnded=true, bCleanupResources=true
[2022.11.24-14.31.13:607][  0]LogSlate: InvalidateAllWidgets triggered.  All widgets were invalidated
[2022.11.24-14.31.13:611][  0]LogAudio: Display: Audio Device unregistered from world 'None'.
[2022.11.24-14.31.13:612][  0]LogUObjectHash: Compacting FUObjectHashTables data took   0.62ms
[2022.11.24-14.31.13:903][  0]LogAudio: Display: Audio Device (ID: 1) registered with world 'MainMenu'.
[2022.11.24-14.31.13:908][  0]LogAIModule: Creating AISystem for world MainMenu
[2022.11.24-14.31.13:908][  0]LogLoad: Game class is 'BP_MenuGamemode_C'
[2022.11.24-14.31.13:910][  0]LogWorld: Bringing World /Game/Levels/MainMenu.MainMenu up for play (max tick rate 0) at 2022.11.24-15.31.13
[2022.11.24-14.31.13:910][  0]LogWorld: Bringing up level for play took: 0.000329
[2022.11.24-14.31.13:910][  0]LogGameMode: FindPlayerStart: PATHS NOT DEFINED or NO PLAYERSTART with positive rating
[2022.11.24-14.31.13:911][  0]LogLoad: Took 0.304723 seconds to LoadMap(/Game/Levels/MainMenu)
[2022.11.24-14.31.13:945][  0]LogSlate: Took 0.000127 seconds to synchronously load lazily loaded font '../../../Engine/Content/Slate/Fonts/Roboto-Regular.ttf' (155K)
[2022.11.24-14.31.13:966][  0]LogRenderer: Reallocating scene render targets to support 1280x720 Format 10 NumSamples 1 (Frame:1).
[2022.11.24-14.31.13:966][  0]LogInit: Display: Engine is initialized. Leaving FEngineLoop::Init()
[2022.11.24-14.31.13:966][  0]LogLoad: (Engine Initialization) Total time: 4.46 seconds
[2022.11.24-14.31.13:966][  0]LogLoad: (Engine Initialization) Total Blueprint compile time: 0.00 seconds
[2022.11.24-14.31.13:969][  0]LogContentStreaming: Texture pool size now 1000 MB
[2022.11.24-14.31.13:972][  0]LogSlate: InvalidateAllWidgets triggered.  All widgets were invalidated
[2022.11.24-14.31.14:060][  1]LogSlate: Took 0.000149 seconds to synchronously load lazily loaded font '../../../Engine/Content/Slate/Fonts/Roboto-Regular.ttf' (155K)
[2022.11.24-14.31.17:934][658]LogWindowsDesktop: Alt-F4 pressed!
[2022.11.24-14.31.17:940][658]LogSlate: Window 'Sigmar (64-bit Development PCD3D_SM5) ' being destroyed
[2022.11.24-14.31.17:941][658]LogWindowsTextInputMethodSystem: Display: IME system deactivated.
[2022.11.24-14.31.17:944][658]LogWindowsTextInputMethodSystem: Display: IME system deactivated.
[2022.11.24-14.31.17:945][658]LogSlate: Updating window title bar state: overlay mode, drag disabled, window buttons hidden, title bar hidden
[2022.11.24-14.31.17:945][658]LogEngine: All Windows Closed
[2022.11.24-14.31.17:945][658]LogWindows: FPlatformMisc::RequestExit(0)
[2022.11.24-14.31.17:945][658]LogWindows: FPlatformMisc::RequestExitWithStatus(0, 0)
[2022.11.24-14.31.17:945][658]LogCore: Engine exit requested (reason: Win RequestExit)
[2022.11.24-14.31.17:945][659]LogCore: Engine exit requested (reason: EngineExit() was called; note: exit was already requested)
[2022.11.24-14.31.17:945][659]LogInit: Display: PreExit Game.
[2022.11.24-14.31.17:968][659]LogWorld: BeginTearingDown for /Game/Levels/MainMenu
[2022.11.24-14.31.17:968][659]LogWorld: UWorld::CleanupWorld for MainMenu, bSessionEnded=true, bCleanupResources=true
[2022.11.24-14.31.17:968][659]LogSlate: InvalidateAllWidgets triggered.  All widgets were invalidated
[2022.11.24-14.31.18:352][659]LogAudio: Display: Beginning Audio Device Manager Shutdown (Module: AudioMixerXAudio2)...
[2022.11.24-14.31.18:352][659]LogAudio: Display: Destroying 1 Remaining Audio Device(s)...
[2022.11.24-14.31.18:352][659]LogAudio: Display: Audio Device unregistered from world 'MainMenu'.
[2022.11.24-14.31.18:392][659]LogAudioMixer: FMixerPlatformXAudio2::StopAudioStream() called
[2022.11.24-14.31.18:393][659]LogAudioMixer: FMixerPlatformXAudio2::StopAudioStream() called
[2022.11.24-14.31.18:395][659]LogAudio: Display: Audio Device Manager Shutdown
[2022.11.24-14.31.18:404][659]LogExit: Preparing to exit.
[2022.11.24-14.31.19:094][659]LogSlate: Updating window title bar state: overlay mode, drag disabled, window buttons hidden, title bar hidden
[2022.11.24-14.31.19:098][659]LogUObjectHash: Compacting FUObjectHashTables data took   0.72ms
[2022.11.24-14.31.19:129][659]LogMoviePlayer: Shutting down movie player
[2022.11.24-14.31.19:193][659]LogDemo: Cleaned up 0 splitscreen connections with owner deletion
[2022.11.24-14.31.19:204][659]LogExit: Game engine shut down
[2022.11.24-14.31.19:235][659]LogExit: Object subsystem successfully closed.
[2022.11.24-14.31.19:244][659]LogShaderCompilers: Display: === FShaderJobCache stats ===
[2022.11.24-14.31.19:244][659]LogShaderCompilers: Display: Total job queries 0, among them cache hits 0 (0.00%)
[2022.11.24-14.31.19:244][659]LogShaderCompilers: Display: Tracking 0 distinct input hashes that result in 0 distinct outputs (0.00%)
[2022.11.24-14.31.19:244][659]LogShaderCompilers: Display: RAM used: 0.00 MB (0.00 GB) of 819.20 MB (0.80 GB) budget. Usage: 0.00%
[2022.11.24-14.31.19:244][659]LogShaderCompilers: Display: ================================================
[2022.11.24-14.31.19:254][659]LogShaderCompilers: Display: Shaders left to compile 0
[2022.11.24-14.31.19:258][659]LogModuleManager: Shutting down and abandoning module SequenceRecorderSections (560)
[2022.11.24-14.31.19:259][659]LogModuleManager: Shutting down and abandoning module SequenceRecorder (558)
[2022.11.24-14.31.19:259][659]LogModuleManager: Shutting down and abandoning module AutomationController (556)
[2022.11.24-14.31.19:259][659]LogModuleManager: Shutting down and abandoning module AutomationWorker (554)
[2022.11.24-14.31.19:259][659]LogModuleManager: Shutting down and abandoning module Voice (552)
[2022.11.24-14.31.19:259][659]LogModuleManager: Shutting down and abandoning module AIModule (550)
[2022.11.24-14.31.19:259][659]LogModuleManager: Shutting down and abandoning module GameplayDebugger (549)
[2022.11.24-14.31.19:259][659]LogModuleManager: Shutting down and abandoning module AITestSuite (547)
[2022.11.24-14.31.19:259][659]LogModuleManager: Shutting down and abandoning module NavigationSystem (545)
[2022.11.24-14.31.19:259][659]LogModuleManager: Shutting down and abandoning module AnimGraph (542)
[2022.11.24-14.31.19:259][659]LogModuleManager: Shutting down and abandoning module SteamVREditor (540)
[2022.11.24-14.31.19:259][659]LogModuleManager: Shutting down and abandoning module ToolMenus (539)
[2022.11.24-14.31.19:259][659]LogModuleManager: Shutting down and abandoning module OculusMR (536)
[2022.11.24-14.31.19:259][659]LogModuleManager: Shutting down and abandoning module TakeRecorderSources (534)
[2022.11.24-14.31.19:259][659]LogModuleManager: Shutting down and abandoning module TakeRecorder (533)
[2022.11.24-14.31.19:259][659]LogModuleManager: Shutting down and abandoning module TakeTrackRecorders (530)
[2022.11.24-14.31.19:259][659]LogModuleManager: Shutting down and abandoning module TakesCore (528)
[2022.11.24-14.31.19:259][659]LogModuleManager: Shutting down and abandoning module OpenXRInput (526)
[2022.11.24-14.31.19:259][659]LogModuleManager: Shutting down and abandoning module WmfMediaFactory (524)
[2022.11.24-14.31.19:259][659]LogModuleManager: Shutting down and abandoning module WebMMediaFactory (522)
[2022.11.24-14.31.19:259][659]LogModuleManager: Shutting down and abandoning module WebMMedia (520)
[2022.11.24-14.31.19:259][659]LogModuleManager: Shutting down and abandoning module OpenExrWrapper (518)
[2022.11.24-14.31.19:259][659]LogModuleManager: Shutting down and abandoning module ImgMediaFactory (516)
[2022.11.24-14.31.19:259][659]LogModuleManager: Shutting down and abandoning module AvfMediaFactory (514)
[2022.11.24-14.31.19:259][659]LogModuleManager: Shutting down and abandoning module PlanarCut (512)
[2022.11.24-14.31.19:259][659]LogModuleManager: Shutting down and abandoning module MagicLeapMediaCodecFactory (510)
[2022.11.24-14.31.19:259][659]LogModuleManager: Shutting down and abandoning module MagicLeapMediaFactory (508)
[2022.11.24-14.31.19:259][659]LogModuleManager: Shutting down and abandoning module CharacterAI (506)
[2022.11.24-14.31.19:259][659]LogModuleManager: Shutting down and abandoning module SessionServices (504)
[2022.11.24-14.31.19:259][659]LogModuleManager: Shutting down and abandoning module MovieSceneCapture (502)
[2022.11.24-14.31.19:259][659]LogModuleManager: Shutting down and abandoning module LiveCoding (500)
[2022.11.24-14.31.19:259][659]LogModuleManager: Shutting down and abandoning module LevelSequence (498)
[2022.11.24-14.31.19:259][659]LogModuleManager: Shutting down and abandoning module MovieSceneTracks (496)
[2022.11.24-14.31.19:259][659]LogModuleManager: Shutting down and abandoning module MovieScene (494)
[2022.11.24-14.31.19:259][659]LogModuleManager: Shutting down and abandoning module StreamingPauseRendering (492)
[2022.11.24-14.31.19:259][659]LogModuleManager: Shutting down and abandoning module PortalServices (490)
[2022.11.24-14.31.19:259][659]LogModuleManager: Shutting down and abandoning module PortalRpc (488)
[2022.11.24-14.31.19:259][659]LogModuleManager: Shutting down and abandoning module MessagingRpc (486)
[2022.11.24-14.31.19:259][659]LogModuleManager: Shutting down and abandoning module AudioMixerXAudio2 (484)
[2022.11.24-14.31.19:259][659]LogModuleManager: Shutting down and abandoning module AudioMixerCore (483)
[2022.11.24-14.31.19:259][659]LogModuleManager: Shutting down and abandoning module ImageWriteQueue (480)
[2022.11.24-14.31.19:262][659]LogModuleManager: Shutting down and abandoning module ProfilerService (478)
[2022.11.24-14.31.19:330][659]LogModuleManager: Shutting down and abandoning module TaskGraph (476)
[2022.11.24-14.31.19:330][659]LogModuleManager: Shutting down and abandoning module OculusInput (474)
[2022.11.24-14.31.19:330][659]LogModuleManager: Shutting down and abandoning module TakeMovieScene (472)
[2022.11.24-14.31.19:330][659]LogModuleManager: Shutting down and abandoning module Synthesis (470)
[2022.11.24-14.31.19:330][659]LogModuleManager: Shutting down and abandoning module ProceduralMeshComponent (468)
[2022.11.24-14.31.19:330][659]LogModuleManager: Shutting down and abandoning module MobilePatchingUtils (466)
[2022.11.24-14.31.19:330][659]LogModuleManager: Shutting down and abandoning module GooglePAD (464)
[2022.11.24-14.31.19:330][659]LogModuleManager: Shutting down and abandoning module EditableMesh (462)
[2022.11.24-14.31.19:330][659]LogModuleManager: Shutting down and abandoning module CustomMeshComponent (460)
[2022.11.24-14.31.19:330][659]LogModuleManager: Shutting down and abandoning module CableComponent (458)
[2022.11.24-14.31.19:330][659]LogModuleManager: Shutting down and abandoning module AudioCapture (456)
[2022.11.24-14.31.19:330][659]LogModuleManager: Shutting down and abandoning module AudioCaptureRtAudio (455)
[2022.11.24-14.31.19:330][659]LogModuleManager: Shutting down and abandoning module AssetTags (452)
[2022.11.24-14.31.19:330][659]LogModuleManager: Shutting down and abandoning module ArchVisCharacter (450)
[2022.11.24-14.31.19:330][659]LogModuleManager: Shutting down and abandoning module AppleImageUtilsBlueprintSupport (448)
[2022.11.24-14.31.19:330][659]LogModuleManager: Shutting down and abandoning module AppleImageUtils (446)
[2022.11.24-14.31.19:330][659]LogModuleManager: Shutting down and abandoning module AndroidPermission (444)
[2022.11.24-14.31.19:330][659]LogModuleManager: Shutting down and abandoning module ActorLayerUtilities (442)
[2022.11.24-14.31.19:330][659]LogModuleManager: Shutting down and abandoning module MediaCompositing (440)
[2022.11.24-14.31.19:330][659]LogModuleManager: Shutting down and abandoning module ImgMedia (438)
[2022.11.24-14.31.19:330][659]LogModuleManager: Shutting down and abandoning module TemplateSequence (436)
[2022.11.24-14.31.19:330][659]LogModuleManager: Shutting down and abandoning module MagicLeapLightEstimation (434)
[2022.11.24-14.31.19:330][659]LogModuleManager: Shutting down and abandoning module OpenImageDenoise (432)
[2022.11.24-14.31.19:330][659]LogOpenImageDenoise: OIDN shutting down
[2022.11.24-14.31.19:330][659]LogModuleManager: Shutting down and abandoning module MotoSynth (430)
[2022.11.24-14.31.19:330][659]LogModuleManager: Shutting down and abandoning module MeshConversion (428)
[2022.11.24-14.31.19:330][659]LogModuleManager: Shutting down and abandoning module DynamicMesh (426)
[2022.11.24-14.31.19:330][659]LogModuleManager: Shutting down and abandoning module GeometryAlgorithms (424)
[2022.11.24-14.31.19:330][659]LogModuleManager: Shutting down and abandoning module GeometricObjects (422)
[2022.11.24-14.31.19:330][659]LogModuleManager: Shutting down and abandoning module GeometryCollectionTracks (420)
[2022.11.24-14.31.19:330][659]LogModuleManager: Shutting down and abandoning module GeometryCollectionSequencer (419)
[2022.11.24-14.31.19:330][659]LogModuleManager: Shutting down and abandoning module GeometryCacheTracks (416)
[2022.11.24-14.31.19:330][659]LogModuleManager: Shutting down and abandoning module GeometryCacheSequencer (415)
[2022.11.24-14.31.19:330][659]LogModuleManager: Shutting down and abandoning module GeometryCache (412)
[2022.11.24-14.31.19:330][659]LogModuleManager: Shutting down and abandoning module GeometryCacheEd (411)
[2022.11.24-14.31.19:330][659]LogModuleManager: Shutting down and abandoning module MagicLeapSharedWorld (408)
[2022.11.24-14.31.19:331][659]LogModuleManager: Shutting down and abandoning module MagicLeapHelperVulkan (406)
[2022.11.24-14.31.19:331][659]LogModuleManager: Shutting down and abandoning module MagicLeapHelperOpenGL (404)
[2022.11.24-14.31.19:331][659]LogModuleManager: Shutting down and abandoning module MagicLeapAudio (402)
[2022.11.24-14.31.19:331][659]LogModuleManager: Shutting down and abandoning module ChaosNiagara (400)
[2022.11.24-14.31.19:331][659]LogModuleManager: Shutting down and abandoning module FieldSystemEngine (399)
[2022.11.24-14.31.19:331][659]LogModuleManager: Shutting down and abandoning module BackChannel (396)
[2022.11.24-14.31.19:331][659]LogModuleManager: Shutting down and abandoning module AutomationUtils (394)
[2022.11.24-14.31.19:331][659]LogModuleManager: Shutting down and abandoning module VisualStudioCodeSourceCodeAccess (392)
[2022.11.24-14.31.19:331][659]LogModuleManager: Shutting down and abandoning module VisualStudioSourceCodeAccess (390)
[2022.11.24-14.31.19:331][659]LogModuleManager: Shutting down and abandoning module HotReload (389)
[2022.11.24-14.31.19:331][659]LogModuleManager: Shutting down and abandoning module UObjectPlugin (386)
[2022.11.24-14.31.19:331][659]LogModuleManager: Shutting down and abandoning module SubversionSourceControl (384)
[2022.11.24-14.31.19:331][659]LogModuleManager: Shutting down and abandoning module PerforceSourceControl (382)
[2022.11.24-14.31.19:331][659]LogModuleManager: Shutting down and abandoning module SourceControl (381)
[2022.11.24-14.31.19:331][659]LogModuleManager: Shutting down and abandoning module CLionSourceCodeAccess (378)
[2022.11.24-14.31.19:331][659]LogModuleManager: Shutting down and abandoning module OodleNetworkHandlerComponent (376)
[2022.11.24-14.31.19:331][659]LogModuleManager: Shutting down and abandoning module LiveLinkSequencer (374)
[2022.11.24-14.31.19:331][659]LogModuleManager: Shutting down and abandoning module LiveLinkMovieScene (372)
[2022.11.24-14.31.19:331][659]LogModuleManager: Shutting down and abandoning module LiveLinkGraphNode (370)
[2022.11.24-14.31.19:331][659]LogModuleManager: Shutting down and abandoning module LiveLinkComponents (368)
[2022.11.24-14.31.19:331][659]LogModuleManager: Shutting down and abandoning module LiveLink (366)
[2022.11.24-14.31.20:125][659]LogModuleManager: Shutting down and abandoning module GameplayCameras (364)
[2022.11.24-14.31.20:126][659]LogModuleManager: Shutting down and abandoning module SoundFields (362)
[2022.11.24-14.31.20:126][659]LogModuleManager: Shutting down and abandoning module SignificanceManager (360)
[2022.11.24-14.31.20:126][659]LogModuleManager: Shutting down and abandoning module RuntimePhysXCooking (358)
[2022.11.24-14.31.20:126][659]LogModuleManager: Shutting down and abandoning module PropertyAccessEditor (356)
[2022.11.24-14.31.20:126][659]LogModuleManager: Shutting down and abandoning module PhysXVehiclesEditor (354)
[2022.11.24-14.31.20:126][659]LogModuleManager: Shutting down and abandoning module LocationServicesBPLibrary (350)
[2022.11.24-14.31.20:126][659]LogModuleManager: Shutting down and abandoning module AudioSynesthesia (348)
[2022.11.24-14.31.20:126][659]LogModuleManager: Shutting down and abandoning module AudioSynesthesiaCore (346)
[2022.11.24-14.31.20:126][659]LogModuleManager: Shutting down and abandoning module ImgMediaEngine (344)
[2022.11.24-14.31.20:126][659]LogModuleManager: Shutting down and abandoning module ActorSequence (342)
[2022.11.24-14.31.20:126][659]LogModuleManager: Shutting down and abandoning module UdpMessaging (340)
[2022.11.24-14.31.20:227][659]LogModuleManager: Shutting down and abandoning module TcpMessaging (338)
[2022.11.24-14.31.20:327][659]LogModuleManager: Shutting down and abandoning module PythonScriptPlugin (336)
[2022.11.24-14.31.20:327][659]LogModuleManager: Shutting down and abandoning module MagicLeapARPin (334)
[2022.11.24-14.31.20:327][659]LogModuleManager: Shutting down and abandoning module MagicLeapHandMeshing (332)
[2022.11.24-14.31.20:327][659]LogModuleManager: Shutting down and abandoning module MagicLeapSecureStorage (330)
[2022.11.24-14.31.20:327][659]LogModuleManager: Shutting down and abandoning module MagicLeapPrivileges (328)
[2022.11.24-14.31.20:327][659]LogModuleManager: Shutting down and abandoning module MagicLeapPlanes (326)
[2022.11.24-14.31.20:327][659]LogMagicLeapPlanes: Planes tracker already destroyed.
[2022.11.24-14.31.20:327][659]LogModuleManager: Shutting down and abandoning module MagicLeapImageTracker (324)
[2022.11.24-14.31.20:327][659]LogModuleManager: Shutting down and abandoning module MagicLeapIdentity (322)
[2022.11.24-14.31.20:327][659]LogModuleManager: Shutting down and abandoning module MagicLeapHandTracking (320)
[2022.11.24-14.31.20:327][659]LogModuleManager: Shutting down and abandoning module MagicLeapEyeTracker (318)
[2022.11.24-14.31.20:327][659]LogModuleManager: Shutting down and abandoning module MagicLeapController (316)
[2022.11.24-14.31.20:327][659]LogModuleManager: Shutting down and abandoning module MagicLeapARPinImpl (314)
[2022.11.24-14.31.20:327][659]LogModuleManager: Shutting down and abandoning module MagicLeapAR (312)
[2022.11.24-14.31.20:327][659]LogModuleManager: Shutting down and abandoning module NiagaraAnimNotifies (310)
[2022.11.24-14.31.20:327][659]LogModuleManager: Shutting down and abandoning module Niagara (308)
[2022.11.24-14.31.20:328][659]LogModuleManager: Shutting down and abandoning module SignalProcessing (307)
[2022.11.24-14.31.20:328][659]LogModuleManager: Shutting down and abandoning module NiagaraEditor (305)
[2022.11.24-14.31.20:328][659]LogModuleManager: Shutting down and abandoning module ContentBrowser (304)
[2022.11.24-14.31.20:328][659]LogModuleManager: Shutting down and abandoning module CollectionManager (303)
[2022.11.24-14.31.20:329][659]LogModuleManager: Shutting down and abandoning module DirectoryWatcher (302)
[2022.11.24-14.31.20:329][659]LogModuleManager: Shutting down and abandoning module ContentBrowserData (299)
[2022.11.24-14.31.20:329][659]LogModuleManager: Shutting down and abandoning module NiagaraCore (294)
[2022.11.24-14.31.20:329][659]LogModuleManager: Shutting down and abandoning module PropertyAccessNode (292)
[2022.11.24-14.31.20:329][659]LogModuleManager: Shutting down and abandoning module AnimationSharing (290)
[2022.11.24-14.31.20:329][659]LogModuleManager: Shutting down and abandoning module FacialAnimation (288)
[2022.11.24-14.31.20:329][659]LogModuleManager: Shutting down and abandoning module GameplayTagsEditor (286)
[2022.11.24-14.31.20:329][659]LogModuleManager: Shutting down and abandoning module AssetManagerEditor (284)
[2022.11.24-14.31.20:329][659]LogModuleManager: Shutting down and abandoning module TreeMap (283)
[2022.11.24-14.31.20:329][659]LogModuleManager: Shutting down and abandoning module LightPropagationVolumeRuntime (280)
[2022.11.24-14.31.20:329][659]LogModuleManager: Shutting down and abandoning module EnvironmentQueryEditor (278)
[2022.11.24-14.31.20:330][659]LogModuleManager: Shutting down and abandoning module Paper2D (276)
[2022.11.24-14.31.20:330][659]LogModuleManager: Shutting down and abandoning module WebMMoviePlayer (274)
[2022.11.24-14.31.20:330][659]LogModuleManager: Shutting down and abandoning module WindowsMoviePlayer (272)
[2022.11.24-14.31.20:331][659]LogModuleManager: Shutting down and abandoning module NetworkReplayStreaming (270)
[2022.11.24-14.31.20:331][659]LogModuleManager: Shutting down and abandoning module PacketHandler (268)
[2022.11.24-14.31.20:331][659]LogModuleManager: Shutting down and abandoning module ClothingSystemEditor (266)
[2022.11.24-14.31.20:331][659]LogModuleManager: Shutting down and abandoning module ClothingSystemRuntimeNv (264)
[2022.11.24-14.31.20:331][659]LogModuleManager: Shutting down and abandoning module MediaAssets (262)
[2022.11.24-14.31.20:331][659]LogModuleManager: Shutting down and abandoning module Overlay (260)
[2022.11.24-14.31.20:331][659]LogModuleManager: Shutting down and abandoning module OverlayEditor (259)
[2022.11.24-14.31.20:331][659]LogModuleManager: Shutting down and abandoning module VREditor (256)
[2022.11.24-14.31.20:331][659]LogModuleManager: Shutting down and abandoning module StringTableEditor (254)
[2022.11.24-14.31.20:331][659]LogModuleManager: Shutting down and abandoning module GameplayTasksEditor (252)
[2022.11.24-14.31.20:331][659]LogModuleManager: Shutting down and abandoning module BehaviorTreeEditor (250)
[2022.11.24-14.31.20:331][659]LogModuleManager: Shutting down and abandoning module FunctionalTesting (248)
[2022.11.24-14.31.20:331][659]LogModuleManager: Shutting down and abandoning module CollisionAnalyzer (246)
[2022.11.24-14.31.20:331][659]LogModuleManager: Shutting down and abandoning module WorkspaceMenuStructure (245)
[2022.11.24-14.31.20:332][659]LogModuleManager: Shutting down and abandoning module UMG (242)
[2022.11.24-14.31.20:332][659]LogModuleManager: Shutting down and abandoning module UMGEditor (241)
[2022.11.24-14.31.20:332][659]LogModuleManager: Shutting down and abandoning module Sequencer (240)
[2022.11.24-14.31.20:332][659]LogModuleManager: Shutting down and abandoning module MessageLog (237)
[2022.11.24-14.31.20:332][659]LogModuleManager: Shutting down and abandoning module SlateReflector (232)
[2022.11.24-14.31.20:332][659]LogModuleManager: Shutting down and abandoning module Slate (230)
[2022.11.24-14.31.20:332][659]LogModuleManager: Shutting down and abandoning module SlateCore (228)
[2022.11.24-14.31.20:336][659]LogModuleManager: Shutting down and abandoning module LandscapeEditorUtilities (226)
[2022.11.24-14.31.20:336][659]LogModuleManager: Shutting down and abandoning module UnrealEd (224)
[2022.11.24-14.31.20:336][659]LogModuleManager: Shutting down and abandoning module MRMesh (222)
[2022.11.24-14.31.20:336][659]LogModuleManager: Shutting down and abandoning module Messaging (220)
[2022.11.24-14.31.20:336][659]LogModuleManager: Shutting down and abandoning module SourceCodeAccess (218)
[2022.11.24-14.31.20:336][659]LogModuleManager: Shutting down and abandoning module HeadMountedDisplay (216)
[2022.11.24-14.31.20:336][659]LogModuleManager: Shutting down and abandoning module XAudio2 (214)
[2022.11.24-14.31.20:336][659]LogModuleManager: Shutting down and abandoning module Networking (212)
[2022.11.24-14.31.20:336][659]LogModuleManager: Shutting down and abandoning module Core (210)
[2022.11.24-14.31.20:336][659]LogModuleManager: Shutting down and abandoning module MaterialEditor (208)
[2022.11.24-14.31.20:336][659]LogModuleManager: Shutting down and abandoning module MovieSceneTools (206)
[2022.11.24-14.31.20:336][659]LogModuleManager: Shutting down and abandoning module EditorStyle (205)
[2022.11.24-14.31.20:338][659]LogModuleManager: Shutting down and abandoning module KismetCompiler (202)
[2022.11.24-14.31.20:338][659]LogModuleManager: Shutting down and abandoning module MeshBuilder (200)
[2022.11.24-14.31.20:338][659]LogModuleManager: Shutting down and abandoning module MeshUtilities (198)
[2022.11.24-14.31.20:338][659]LogModuleManager: Shutting down and abandoning module MeshMergeUtilities (197)
[2022.11.24-14.31.20:338][659]LogModuleManager: Shutting down and abandoning module MeshReductionInterface (196)
[2022.11.24-14.31.20:338][659]LogModuleManager: Shutting down and abandoning module MeshBoneReduction (195)
[2022.11.24-14.31.20:338][659]LogModuleManager: Shutting down and abandoning module SkeletalMeshReduction (193)
[2022.11.24-14.31.20:339][659]LogModuleManager: Shutting down and abandoning module ProxyLODMeshReduction (191)
[2022.11.24-14.31.20:339][659]LogModuleManager: Shutting down and abandoning module QuadricMeshReduction (189)
[2022.11.24-14.31.20:339][659]LogModuleManager: Shutting down and abandoning module MaterialBaking (185)
[2022.11.24-14.31.20:339][659]LogModuleManager: Shutting down and abandoning module NullInstallBundleManager (180)
[2022.11.24-14.31.20:339][659]LogModuleManager: Shutting down and abandoning module PIEPreviewDeviceProfileSelector (178)
[2022.11.24-14.31.20:339][659]LogModuleManager: Shutting down and abandoning module DerivedDataCache (176)
[2022.11.24-14.31.20:339][659]LogModuleManager: Shutting down and abandoning module TargetPlatform (174)
[2022.11.24-14.31.20:339][659]LogModuleManager: Shutting down and abandoning module VulkanShaderFormat (173)
[2022.11.24-14.31.20:339][659]LogModuleManager: Shutting down and abandoning module ShaderFormatVectorVM (171)
[2022.11.24-14.31.20:339][659]LogModuleManager: Shutting down and abandoning module ShaderFormatOpenGL (169)
[2022.11.24-14.31.20:339][659]LogModuleManager: Shutting down and abandoning module ShaderFormatD3D (167)
[2022.11.24-14.31.20:339][659]LogModuleManager: Shutting down and abandoning module MetalShaderFormat (165)
[2022.11.24-14.31.20:339][659]LogModuleManager: Shutting down and abandoning module TextureFormatOodle (163)
[2022.11.24-14.31.20:340][659]LogModuleManager: Shutting down and abandoning module TextureFormatUncompressed (161)
[2022.11.24-14.31.20:340][659]LogModuleManager: Shutting down and abandoning module TextureFormatPVR (159)
[2022.11.24-14.31.20:340][659]LogModuleManager: Shutting down and abandoning module TextureFormatETC2 (157)
[2022.11.24-14.31.20:340][659]LogModuleManager: Shutting down and abandoning module TextureFormatDXT (155)
[2022.11.24-14.31.20:340][659]LogModuleManager: Shutting down and abandoning module TextureFormatIntelISPCTexComp (153)
[2022.11.24-14.31.20:340][659]LogModuleManager: Shutting down and abandoning module TextureFormatASTC (151)
[2022.11.24-14.31.20:340][659]LogModuleManager: Shutting down and abandoning module ImageWrapper (150)
[2022.11.24-14.31.20:340][659]LogModuleManager: Shutting down and abandoning module AudioFormatOpus (147)
[2022.11.24-14.31.20:340][659]LogModuleManager: Shutting down and abandoning module AudioFormatOgg (145)
[2022.11.24-14.31.20:340][659]LogModuleManager: Shutting down and abandoning module AudioFormatADPCM (143)
[2022.11.24-14.31.20:340][659]LogModuleManager: Shutting down and abandoning module WindowsServerTargetPlatform (141)
[2022.11.24-14.31.20:340][659]LogModuleManager: Shutting down and abandoning module WindowsClientTargetPlatform (139)
[2022.11.24-14.31.20:340][659]LogModuleManager: Shutting down and abandoning module WindowsTargetPlatform (137)
[2022.11.24-14.31.20:340][659]LogModuleManager: Shutting down and abandoning module WindowsNoEditorTargetPlatform (135)
[2022.11.24-14.31.20:340][659]LogModuleManager: Shutting down and abandoning module D3D11RHI (132)
[2022.11.24-14.31.20:340][659]LogModuleManager: Shutting down and abandoning module InputCore (130)
[2022.11.24-14.31.20:340][659]LogModuleManager: Shutting down and abandoning module Settings (128)
[2022.11.24-14.31.20:340][659]LogModuleManager: Shutting down and abandoning module PhysXCooking (126)
[2022.11.24-14.31.20:340][659]LogModuleManager: Shutting down and abandoning module Chaos (124)
[2022.11.24-14.31.20:340][659]LogModuleManager: Shutting down and abandoning module WindowsPlatformFeatures (122)
[2022.11.24-14.31.20:341][659]LogModuleManager: Shutting down and abandoning module GameplayMediaEncoder (121)
[2022.11.24-14.31.20:341][659]LogModuleManager: Shutting down and abandoning module AVEncoder (120)
[2022.11.24-14.31.20:341][659]LogModuleManager: Shutting down and abandoning module SteamVRInputDevice (116)
[2022.11.24-14.31.20:341][659]LogModuleManager: Shutting down and abandoning module SteamVRInput (114)
[2022.11.24-14.31.20:341][659]LogModuleManager: Shutting down and abandoning module SteamVR (112)
[2022.11.24-14.31.20:341][659]LogHMD: Freeing OpenVRDLLHandle.
[2022.11.24-14.31.20:341][659]LogModuleManager: Shutting down and abandoning module OculusHMD (110)
[2022.11.24-14.31.20:341][659]LogModuleManager: Shutting down and abandoning module OpenXRHandTracking (108)
[2022.11.24-14.31.20:341][659]LogSlate: Slate User Destroyed.  User Index 0, Is Virtual User: 0
[2022.11.24-14.31.20:341][659]LogModuleManager: Shutting down and abandoning module OpenXREyeTracker (106)
[2022.11.24-14.31.20:341][659]LogModuleManager: Shutting down and abandoning module OpenXRAR (104)
[2022.11.24-14.31.20:341][659]LogModuleManager: Shutting down and abandoning module AugmentedReality (103)
[2022.11.24-14.31.20:341][659]LogModuleManager: Shutting down and abandoning module OpenXRHMD (100)
[2022.11.24-14.31.20:342][659]LogModuleManager: Shutting down and abandoning module ExampleDeviceProfileSelector (98)
[2022.11.24-14.31.20:342][659]LogModuleManager: Shutting down and abandoning module ChunkDownloader (96)
[2022.11.24-14.31.20:342][659]LogModuleManager: Shutting down and abandoning module OnlineBlueprintSupport (94)
[2022.11.24-14.31.20:342][659]LogModuleManager: Shutting down and abandoning module OnlineSubsystem (90)
[2022.11.24-14.31.20:344][659]LogModuleManager: Shutting down and abandoning module XMPP (85)
[2022.11.24-14.31.20:344][659]LogModuleManager: Shutting down and abandoning module WebSockets (84)
[2022.11.24-14.31.20:363][659]LogModuleManager: Shutting down and abandoning module HTTP (81)
[2022.11.24-14.31.20:363][659]LogHttp: Display: cleaning up 0 outstanding Http requests.
[2022.11.24-14.31.20:388][659]LogModuleManager: Shutting down and abandoning module SSL (80)
[2022.11.24-14.31.20:389][659]LogModuleManager: Shutting down and abandoning module WmfMedia (76)
[2022.11.24-14.31.20:390][659]LogModuleManager: Shutting down and abandoning module Media (75)
[2022.11.24-14.31.20:391][659]LogModuleManager: Shutting down and abandoning module MediaInfo (74)
[2022.11.24-14.31.20:391][659]LogModuleManager: Shutting down and abandoning module ExrReaderGpu (70)
[2022.11.24-14.31.20:391][659]LogModuleManager: Shutting down and abandoning module LauncherChunkInstaller (68)
[2022.11.24-14.31.20:391][659]LogModuleManager: Shutting down and abandoning module MLSDK (66)
[2022.11.24-14.31.20:391][659]LogModuleManager: Shutting down and abandoning module MagicLeap (64)
[2022.11.24-14.31.20:391][659]LogModuleManager: Shutting down and abandoning module ChaosCloth (62)
[2022.11.24-14.31.20:391][659]LogModuleManager: Shutting down and abandoning module NiagaraVertexFactories (60)
[2022.11.24-14.31.20:391][659]LogModuleManager: Shutting down and abandoning module NiagaraShader (58)
[2022.11.24-14.31.20:391][659]LogModuleManager: Shutting down and abandoning module VariantManagerContent (56)
[2022.11.24-14.31.20:391][659]LogModuleManager: Shutting down and abandoning module PixWinPlugin (54)
[2022.11.24-14.31.20:391][659]LogModuleManager: Shutting down and abandoning module DatasmithContent (52)
[2022.11.24-14.31.20:391][659]LogModuleManager: Shutting down and abandoning module AISupportModule (50)
[2022.11.24-14.31.20:391][659]LogModuleManager: Shutting down and abandoning module DesktopPlatform (48)
[2022.11.24-14.31.20:391][659]LogModuleManager: Shutting down and abandoning module PythonScriptPluginPreload (46)
[2022.11.24-14.31.20:391][659]LogModuleManager: Shutting down and abandoning module PlatformCryptoOpenSSL (44)
[2022.11.24-14.31.20:392][659]LogModuleManager: Shutting down and abandoning module PlatformCryptoTypes (42)
[2022.11.24-14.31.20:392][659]LogModuleManager: Shutting down and abandoning module PlatformCrypto (40)
[2022.11.24-14.31.20:392][659]LogModuleManager: Shutting down and abandoning module OodleDataCompressionFormat (38)
[2022.11.24-14.31.20:392][659]LogModuleManager: Shutting down and abandoning module XGEController (36)
[2022.11.24-14.31.20:392][659]LogModuleManager: Shutting down and abandoning module AnimationModifiers (34)
[2022.11.24-14.31.20:392][659]LogModuleManager: Shutting down and abandoning module AudioEditor (32)
[2022.11.24-14.31.20:392][659]LogModuleManager: Shutting down and abandoning module PropertyEditor (31)
[2022.11.24-14.31.20:392][659]LogModuleManager: Shutting down and abandoning module TextureCompressor (28)
[2022.11.24-14.31.20:392][659]LogModuleManager: Shutting down and abandoning module RenderCore (26)
[2022.11.24-14.31.20:392][659]LogModuleManager: Shutting down and abandoning module Landscape (24)
[2022.11.24-14.31.20:392][659]LogModuleManager: Shutting down and abandoning module SlateRHIRenderer (22)
[2022.11.24-14.31.20:392][659]LogModuleManager: Shutting down and abandoning module AnimGraphRuntime (20)
[2022.11.24-14.31.20:392][659]LogModuleManager: Shutting down and abandoning module Renderer (18)
[2022.11.24-14.31.20:392][659]LogModuleManager: Shutting down and abandoning module Engine (16)
[2022.11.24-14.31.20:392][659]LogModuleManager: Shutting down and abandoning module CoreUObject (14)
[2022.11.24-14.31.20:392][659]LogModuleManager: Shutting down and abandoning module NetworkFile (12)
[2022.11.24-14.31.20:392][659]LogModuleManager: Shutting down and abandoning module CookedIterativeFile (10)
[2022.11.24-14.31.20:392][659]LogModuleManager: Shutting down and abandoning module StreamingFile (8)
[2022.11.24-14.31.20:392][659]LogModuleManager: Shutting down and abandoning module SandboxFile (6)
[2022.11.24-14.31.20:392][659]LogModuleManager: Shutting down and abandoning module PakFile (4)
[2022.11.24-14.31.20:392][659]LogModuleManager: Shutting down and abandoning module RSA (3)
[2022.11.24-14.31.20:635][659]LogContentStreaming: Display: There are 1 unreleased StreamingManagers
[2022.11.24-14.31.20:672][659]LogD3D11RHI: Shutdown
[2022.11.24-14.31.20:672][659]LogD3D11RHI: CleanupD3DDevice
[2022.11.24-14.31.20:674][659]LogExit: Exiting.
[2022.11.24-14.31.20:684][659]Log file closed, 11/24/22 15:31:20
