Log file open, 11/24/22 15:30:40
LogWindows: Failed to load 'aqProf.dll' (GetLastError=126)
LogWindows: File 'aqProf.dll' does not exist
LogWindows: Failed to load 'VtuneApi.dll' (GetLastError=126)
LogWindows: File 'VtuneApi.dll' does not exist
LogWindows: Failed to load 'VtuneApi32e.dll' (GetLastError=126)
LogWindows: File 'VtuneApi32e.dll' does not exist
LogConsoleResponse: Display: Failed to find resolution value strings in scalability ini. Falling back to default.
LogConsoleResponse: Display: Failed to find resolution value strings in scalability ini. Falling back to default.
LogInit: Display: Running engine for game: Sigmar
LogPlatformFile: Not using cached read wrapper
LogTaskGraph: Started task graph with 5 named threads and 35 total threads with 3 sets of task threads.
LogStats: Stats thread started at 0.206387
LogICUInternationalization: ICU TimeZone Detection - Raw Offset: +1:00, Platform Override: ''
LogInit: Display: Loading text-based GConfig....
LogPluginManager: Mounting plugin MeshPainting
LogPluginManager: Mounting plugin XGEController
LogPluginManager: Mounting plugin Paper2D
LogPluginManager: Mounting plugin EnvironmentQueryEditor
LogPluginManager: Mounting plugin AISupport
LogPluginManager: Mounting plugin LightPropagationVolume
LogPluginManager: Mounting plugin LiveLink
LogPluginManager: Mounting plugin CameraShakePreviewer
LogPluginManager: Mounting plugin GameplayCameras
LogPluginManager: Mounting plugin AnimationSharing
LogPluginManager: Mounting plugin CLionSourceCodeAccess
LogPluginManager: Mounting plugin GitSourceControl
LogPluginManager: Mounting plugin CodeLiteSourceCodeAccess
LogPluginManager: Mounting plugin PerforceSourceControl
LogPluginManager: Mounting plugin PluginUtils
LogPluginManager: Mounting plugin KDevelopSourceCodeAccess
LogPluginManager: Mounting plugin PixWinPlugin
LogPluginManager: Mounting plugin PropertyAccessNode
LogPluginManager: Mounting plugin NullSourceCodeAccess
LogPluginManager: Mounting plugin PlasticSourceControl
LogPluginManager: Mounting plugin RiderSourceCodeAccess
LogPluginManager: Mounting plugin SubversionSourceControl
LogPluginManager: Mounting plugin TextureFormatOodle
LogPluginManager: Mounting plugin UObjectPlugin
LogPluginManager: Mounting plugin VisualStudioSourceCodeAccess
LogPluginManager: Mounting plugin VisualStudioCodeSourceCodeAccess
LogPluginManager: Mounting plugin OodleData
LogPluginManager: Mounting plugin OodleNetwork
LogPluginManager: Mounting plugin AssetManagerEditor
LogPluginManager: Mounting plugin XCodeSourceCodeAccess
LogPluginManager: Mounting plugin CurveEditorTools
LogPluginManager: Mounting plugin CryptoKeys
LogPluginManager: Mounting plugin DataValidation
LogPluginManager: Mounting plugin FacialAnimation
LogPluginManager: Mounting plugin GameplayTagsEditor
LogPluginManager: Mounting plugin GeometryMode
LogPluginManager: Mounting plugin MacGraphicsSwitching
LogPluginManager: Mounting plugin MaterialAnalyzer
LogPluginManager: Mounting plugin MobileLauncherProfileWizard
LogPluginManager: Mounting plugin PluginBrowser
LogPluginManager: Mounting plugin SpeedTreeImporter
LogPluginManager: Mounting plugin DatasmithContent
LogPluginManager: Mounting plugin VariantManagerContent
LogPluginManager: Mounting plugin AlembicImporter
LogPluginManager: Mounting plugin BackChannel
LogPluginManager: Mounting plugin AutomationUtils
LogPluginManager: Mounting plugin ChaosCloth
LogPluginManager: Mounting plugin ChaosClothEditor
LogPluginManager: Mounting plugin ChaosEditor
LogPluginManager: Mounting plugin ChaosNiagara
LogPluginManager: Mounting plugin ChaosSolverPlugin
LogPluginManager: Mounting plugin CharacterAI
LogPluginManager: Mounting plugin GeometryCache
LogPluginManager: Mounting plugin GeometryCollectionPlugin
LogPluginManager: Mounting plugin GeometryProcessing
LogPluginManager: Mounting plugin MotoSynth
LogPluginManager: Mounting plugin OpenImageDenoise
LogPluginManager: Mounting plugin PlanarCut
LogPluginManager: Mounting plugin PlatformCrypto
LogPluginManager: Mounting plugin ProxyLODPlugin
LogPluginManager: Mounting plugin PythonScriptPlugin
LogPluginManager: Mounting plugin SkeletalReduction
LogPluginManager: Mounting plugin AndroidMedia
LogPluginManager: Mounting plugin AvfMedia
LogPluginManager: Mounting plugin MagicLeap
LogPluginManager: Mounting plugin LuminPlatformFeatures
LogPluginManager: Mounting plugin ImgMedia
LogPluginManager: Mounting plugin Niagara
LogPluginManager: Mounting plugin MediaCompositing
LogPluginManager: Mounting plugin MagicLeapLightEstimation
LogPluginManager: Mounting plugin MagicLeapMedia
LogPluginManager: Mounting plugin MagicLeapPassableWorld
LogPluginManager: Mounting plugin MLSDK
LogPluginManager: Mounting plugin MediaPlayerEditor
LogPluginManager: Mounting plugin WebMMedia
LogPluginManager: Mounting plugin WmfMedia
LogPluginManager: Mounting plugin TcpMessaging
LogPluginManager: Mounting plugin UdpMessaging
LogPluginManager: Mounting plugin ActorSequence
LogPluginManager: Mounting plugin MatineeToLevelSequence
LogPluginManager: Mounting plugin LevelSequenceEditor
LogPluginManager: Mounting plugin TemplateSequence
LogPluginManager: Mounting plugin OnlineSubsystem
LogPluginManager: Mounting plugin OnlineSubsystemNull
LogPluginManager: Mounting plugin OnlineSubsystemUtils
LogPluginManager: Mounting plugin LauncherChunkInstaller
LogPluginManager: Mounting plugin ActorLayerUtilities
LogPluginManager: Mounting plugin AndroidDeviceProfileSelector
LogPluginManager: Mounting plugin AndroidPermission
LogPluginManager: Mounting plugin AndroidMoviePlayer
LogPluginManager: Mounting plugin AppleImageUtils
LogPluginManager: Mounting plugin ArchVisCharacter
LogPluginManager: Mounting plugin AudioCapture
LogPluginManager: Mounting plugin AssetTags
LogPluginManager: Mounting plugin AudioSynesthesia
LogPluginManager: Mounting plugin CableComponent
LogPluginManager: Mounting plugin AppleMoviePlayer
LogPluginManager: Mounting plugin ChunkDownloader
LogPluginManager: Mounting plugin CustomMeshComponent
LogPluginManager: Mounting plugin ExampleDeviceProfileSelector
LogPluginManager: Mounting plugin EditableMesh
LogPluginManager: Mounting plugin GoogleCloudMessaging
LogPluginManager: Mounting plugin GooglePAD
LogPluginManager: Mounting plugin ScreenshotTools
LogPluginManager: Mounting plugin LinuxDeviceProfileSelector
LogPluginManager: Mounting plugin LocationServicesBPLibrary
LogPluginManager: Mounting plugin IOSDeviceProfileSelector
LogPluginManager: Mounting plugin MobilePatchingUtils
LogPluginManager: Mounting plugin OpenXR
LogPluginManager: Mounting plugin OpenXREyeTracker
LogPluginManager: Mounting plugin PhysXVehicles
LogPluginManager: Mounting plugin OpenXRHandTracking
LogPluginManager: Mounting plugin PostSplashScreen
LogPluginManager: Mounting plugin ProceduralMeshComponent
LogPluginManager: Mounting plugin PropertyAccessEditor
LogPluginManager: Mounting plugin Takes
LogPluginManager: Mounting plugin SignificanceManager
LogPluginManager: Mounting plugin RuntimePhysXCooking
LogPluginManager: Mounting plugin SoundFields
LogPluginManager: Mounting plugin Synthesis
LogPluginManager: Mounting plugin WebMMoviePlayer
LogPluginManager: Mounting plugin WindowsMoviePlayer
LogPluginManager: Mounting plugin ContentBrowserAssetDataSource
LogPluginManager: Mounting plugin ContentBrowserClassDataSource
LogPluginManager: Mounting plugin ContentBrowserFileDataSource
LogPluginManager: Mounting plugin OnlineSubsystemGooglePlay
LogPluginManager: Mounting plugin OnlineSubsystemIOS
LogPluginManager: Mounting plugin OculusVR
LogPluginManager: Mounting plugin SteamVR
PixWinPlugin: PIX capture plugin failed to initialize! Check that the process is launched from PIX.
LogInit: Using libcurl 7.55.1-DEV
LogInit:  - built for x86_64-pc-win32
LogInit:  - supports SSL with OpenSSL/1.1.1
LogInit:  - supports HTTP deflate (compression) using libz 1.2.8
LogInit:  - other features:
LogInit:      CURL_VERSION_SSL
LogInit:      CURL_VERSION_LIBZ
LogInit:      CURL_VERSION_IPV6
LogInit:      CURL_VERSION_ASYNCHDNS
LogInit:      CURL_VERSION_LARGEFILE
LogInit:      CURL_VERSION_IDN
LogInit:  CurlRequestOptions (configurable via config and command line):
LogInit:  - bVerifyPeer = true  - Libcurl will verify peer certificate
LogInit:  - bUseHttpProxy = false  - Libcurl will NOT use HTTP proxy
LogInit:  - bDontReuseConnections = false  - Libcurl will reuse connections
LogInit:  - MaxHostConnections = 16  - Libcurl will limit the number of connections to a host
LogInit:  - LocalHostAddr = Default
LogInit:  - BufferSize = 65536
LogOnline: OSS: Creating online subsystem instance for: NULL
LogInit: WinSock: version 1.1 (2.2), MaxSocks=32767, MaxUdp=65467
LogOnline: OSS: TryLoadSubsystemAndSetDefault: Loaded subsystem for module [NULL]
LogOculusPluginWrapper: OculusPlugin initialized successfully
LogHMD: Failed initializing OVRPlugin 1.59.0
LogInit: Build: ++UE4+Release-4.27-CL-18319896
LogInit: Engine Version: 4.27.2-18319896+++UE4+Release-4.27
LogInit: Compatible Engine Version: 4.27.0-17155196+++UE4+Release-4.27
LogInit: Net CL: 17155196
LogInit: OS: Windows 10 (Release 2009) (), CPU: Intel(R) Core(TM) i7-8700 CPU @ 3.20GHz, GPU: NVIDIA GeForce RTX 2060
LogInit: Compiled (64-bit): Nov 30 2021 07:12:08
LogInit: Compiled with Visual C++: 19.24.28315.00
LogInit: Build Configuration: Development
LogInit: Branch Name: ++UE4+Release-4.27
LogInit: Command Line:  /Game/Levels/MainMenu -game -PIEVIACONSOLE -Multiprocess GameUserSettingsINI=C:/Users/n.tilly/Documents/Sigmar/Sigmar/Saved/Config/Windows/PIEGameUserSettings0.ini -MultiprocessSaveConfig -forcepassthrough -messaging -SessionName="Play in Standalone Game" -windowed -WinX=640 -WinY=184 SAVEWINPOS=1 -ResX=1280 -ResY=720
LogInit: Base Directory: D:/UE4/UE_4.27/Engine/Binaries/Win64/
LogInit: Allocator: TBB
LogInit: Installed Engine Build: 1
LogDevObjectVersion: Number of dev versions registered: 29
LogDevObjectVersion:   Dev-Blueprints (B0D832E4-1F89-4F0D-ACCF-7EB736FD4AA2): 10
LogDevObjectVersion:   Dev-Build (E1C64328-A22C-4D53-A36C-8E866417BD8C): 0
LogDevObjectVersion:   Dev-Core (375EC13C-06E4-48FB-B500-84F0262A717E): 4
LogDevObjectVersion:   Dev-Editor (E4B068ED-F494-42E9-A231-DA0B2E46BB41): 40
LogDevObjectVersion:   Dev-Framework (CFFC743F-43B0-4480-9391-14DF171D2073): 37
LogDevObjectVersion:   Dev-Mobile (B02B49B5-BB20-44E9-A304-32B752E40360): 3
LogDevObjectVersion:   Dev-Networking (A4E4105C-59A1-49B5-A7C5-40C4547EDFEE): 0
LogDevObjectVersion:   Dev-Online (39C831C9-5AE6-47DC-9A44-9C173E1C8E7C): 0
LogDevObjectVersion:   Dev-Physics (78F01B33-EBEA-4F98-B9B4-84EACCB95AA2): 14
LogDevObjectVersion:   Dev-Platform (6631380F-2D4D-43E0-8009-CF276956A95A): 0
LogDevObjectVersion:   Dev-Rendering (12F88B9F-8875-4AFC-A67C-D90C383ABD29): 45
LogDevObjectVersion:   Dev-Sequencer (7B5AE74C-D270-4C10-A958-57980B212A5A): 13
LogDevObjectVersion:   Dev-VR (D7296918-1DD6-4BDD-9DE2-64A83CC13884): 3
LogDevObjectVersion:   Dev-LoadTimes (C2A15278-BFE7-4AFE-6C17-90FF531DF755): 1
LogDevObjectVersion:   Private-Geometry (6EACA3D4-40EC-4CC1-B786-8BED09428FC5): 3
LogDevObjectVersion:   Dev-AnimPhys (29E575DD-E0A3-4627-9D10-D276232CDCEA): 17
LogDevObjectVersion:   Dev-Anim (AF43A65D-7FD3-4947-9873-3E8ED9C1BB05): 15
LogDevObjectVersion:   Dev-ReflectionCapture (6B266CEC-1EC7-4B8F-A30B-E4D90942FC07): 1
LogDevObjectVersion:   Dev-Automation (0DF73D61-A23F-47EA-B727-89E90C41499A): 1
LogDevObjectVersion:   FortniteMain (601D1886-AC64-4F84-AA16-D3DE0DEAC7D6): 47
LogDevObjectVersion:   FortniteRelease (E7086368-6B23-4C58-8439-1B7016265E91): 1
LogDevObjectVersion:   Dev-Enterprise (9DFFBCD6-494F-0158-E221-12823C92A888): 10
LogDevObjectVersion:   Dev-Niagara (F2AED0AC-9AFE-416F-8664-AA7FFA26D6FC): 1
LogDevObjectVersion:   Dev-Destruction (174F1F0B-B4C6-45A5-B13F-2EE8D0FB917D): 10
LogDevObjectVersion:   Dev-Physics-Ext (35F94A83-E258-406C-A318-09F59610247C): 41
LogDevObjectVersion:   Dev-PhysicsMaterial-Chaos (B68FC16E-8B1B-42E2-B453-215C058844FE): 1
LogDevObjectVersion:   Dev-CineCamera (B2E18506-4273-CFC2-A54E-F4BB758BBA07): 1
LogDevObjectVersion:   Dev-VirtualProduction (64F58936-FD1B-42BA-BA96-7289D5D0FA4E): 1
LogDevObjectVersion:   Dev-MediaFramework (6F0ED827-A609-4895-9C91-998D90180EA4): 2
LogInit: Presizing for max 25165824 objects, including 0 objects not considered by GC, pre-allocating 0 bytes for permanent pool.
LogConfig: Applying CVar settings from Section [/Script/Engine.StreamingSettings] File [C:/Users/n.tilly/Documents/Sigmar/Sigmar/Saved/Config/Windows/Engine.ini]
LogConfig: Setting CVar [[s.MinBulkDataSizeForAsyncLoading:131072]]
LogConfig: Setting CVar [[s.AsyncLoadingThreadEnabled:0]]
LogConfig: Setting CVar [[s.EventDrivenLoaderEnabled:1]]
LogConfig: Setting CVar [[s.WarnIfTimeLimitExceeded:0]]
LogConfig: Setting CVar [[s.TimeLimitExceededMultiplier:1.5]]
LogConfig: Setting CVar [[s.TimeLimitExceededMinTime:0.005]]
LogConfig: Setting CVar [[s.UseBackgroundLevelStreaming:1]]
LogConfig: Setting CVar [[s.PriorityAsyncLoadingExtraTime:15.0]]
LogConfig: Setting CVar [[s.LevelStreamingActorsUpdateTimeLimit:5.0]]
LogConfig: Setting CVar [[s.PriorityLevelStreamingActorsUpdateExtraTime:5.0]]
LogConfig: Setting CVar [[s.LevelStreamingComponentsRegistrationGranularity:10]]
LogConfig: Setting CVar [[s.UnregisterComponentsTimeLimit:1.0]]
LogConfig: Setting CVar [[s.LevelStreamingComponentsUnregistrationGranularity:5]]
LogConfig: Setting CVar [[s.FlushStreamingOnExit:1]]
LogInit: Object subsystem initialized
LogConfig: Setting CVar [[con.DebugEarlyDefault:1]]
LogConfig: Setting CVar [[r.setres:1280x720]]
[2022.11.24-14.30.44:672][  0]LogConfig: Setting CVar [[con.DebugEarlyDefault:1]]
[2022.11.24-14.30.44:672][  0]LogConfig: Setting CVar [[r.setres:1280x720]]
[2022.11.24-14.30.44:672][  0]LogConfig: Applying CVar settings from Section [/Script/Engine.RendererSettings] File [C:/Users/n.tilly/Documents/Sigmar/Sigmar/Saved/Config/Windows/Engine.ini]
[2022.11.24-14.30.44:672][  0]LogConfig: Setting CVar [[r.GPUCrashDebugging:0]]
[2022.11.24-14.30.44:672][  0]LogConfig: Applying CVar settings from Section [/Script/Engine.RendererOverrideSettings] File [C:/Users/n.tilly/Documents/Sigmar/Sigmar/Saved/Config/Windows/Engine.ini]
[2022.11.24-14.30.44:672][  0]LogConfig: Applying CVar settings from Section [/Script/Engine.StreamingSettings] File [C:/Users/n.tilly/Documents/Sigmar/Sigmar/Saved/Config/Windows/Engine.ini]
[2022.11.24-14.30.44:672][  0]LogConfig: Setting CVar [[s.MinBulkDataSizeForAsyncLoading:131072]]
[2022.11.24-14.30.44:672][  0]LogConfig: Setting CVar [[s.AsyncLoadingThreadEnabled:0]]
[2022.11.24-14.30.44:672][  0]LogConfig: Setting CVar [[s.EventDrivenLoaderEnabled:1]]
[2022.11.24-14.30.44:672][  0]LogConfig: Setting CVar [[s.WarnIfTimeLimitExceeded:0]]
[2022.11.24-14.30.44:672][  0]LogConfig: Setting CVar [[s.TimeLimitExceededMultiplier:1.5]]
[2022.11.24-14.30.44:672][  0]LogConfig: Setting CVar [[s.TimeLimitExceededMinTime:0.005]]
[2022.11.24-14.30.44:672][  0]LogConfig: Setting CVar [[s.UseBackgroundLevelStreaming:1]]
[2022.11.24-14.30.44:672][  0]LogConfig: Setting CVar [[s.PriorityAsyncLoadingExtraTime:15.0]]
[2022.11.24-14.30.44:672][  0]LogConfig: Setting CVar [[s.LevelStreamingActorsUpdateTimeLimit:5.0]]
[2022.11.24-14.30.44:672][  0]LogConfig: Setting CVar [[s.PriorityLevelStreamingActorsUpdateExtraTime:5.0]]
[2022.11.24-14.30.44:672][  0]LogConfig: Setting CVar [[s.LevelStreamingComponentsRegistrationGranularity:10]]
[2022.11.24-14.30.44:672][  0]LogConfig: Setting CVar [[s.UnregisterComponentsTimeLimit:1.0]]
[2022.11.24-14.30.44:672][  0]LogConfig: Setting CVar [[s.LevelStreamingComponentsUnregistrationGranularity:5]]
[2022.11.24-14.30.44:672][  0]LogConfig: Setting CVar [[s.FlushStreamingOnExit:1]]
[2022.11.24-14.30.44:672][  0]LogConfig: Applying CVar settings from Section [/Script/Engine.GarbageCollectionSettings] File [C:/Users/n.tilly/Documents/Sigmar/Sigmar/Saved/Config/Windows/Engine.ini]
[2022.11.24-14.30.44:672][  0]LogConfig: Setting CVar [[gc.MaxObjectsNotConsideredByGC:1]]
[2022.11.24-14.30.44:672][  0]LogConfig: Setting CVar [[gc.SizeOfPermanentObjectPool:0]]
[2022.11.24-14.30.44:672][  0]LogConfig: Setting CVar [[gc.FlushStreamingOnGC:0]]
[2022.11.24-14.30.44:672][  0]LogConfig: Setting CVar [[gc.NumRetriesBeforeForcingGC:10]]
[2022.11.24-14.30.44:672][  0]LogConfig: Setting CVar [[gc.AllowParallelGC:1]]
[2022.11.24-14.30.44:672][  0]LogConfig: Setting CVar [[gc.TimeBetweenPurgingPendingKillObjects:61.1]]
[2022.11.24-14.30.44:672][  0]LogConfig: Setting CVar [[gc.MaxObjectsInEditor:25165824]]
[2022.11.24-14.30.44:672][  0]LogConfig: Setting CVar [[gc.IncrementalBeginDestroyEnabled:1]]
[2022.11.24-14.30.44:672][  0]LogConfig: Setting CVar [[gc.CreateGCClusters:1]]
[2022.11.24-14.30.44:672][  0]LogConfig: Setting CVar [[gc.MinGCClusterSize:5]]
[2022.11.24-14.30.44:672][  0]LogConfig: Setting CVar [[gc.ActorClusteringEnabled:0]]
[2022.11.24-14.30.44:672][  0]LogConfig: Setting CVar [[gc.BlueprintClusteringEnabled:0]]
[2022.11.24-14.30.44:672][  0]LogConfig: Setting CVar [[gc.UseDisregardForGCOnDedicatedServers:0]]
[2022.11.24-14.30.44:672][  0]LogConfig: Setting CVar [[gc.MultithreadedDestructionEnabled:1]]
[2022.11.24-14.30.44:672][  0]LogConfig: Applying CVar settings from Section [/Script/Engine.NetworkSettings] File [C:/Users/n.tilly/Documents/Sigmar/Sigmar/Saved/Config/Windows/Engine.ini]
[2022.11.24-14.30.44:672][  0]LogConfig: Applying CVar settings from Section [/Script/UnrealEd.CookerSettings] File [C:/Users/n.tilly/Documents/Sigmar/Sigmar/Saved/Config/Windows/Engine.ini]
[2022.11.24-14.30.44:680][  0]LogConfig: Applying CVar settings from Section [ViewDistanceQuality@3] File [C:/Users/n.tilly/Documents/Sigmar/Sigmar/Saved/Config/Windows/Scalability.ini]
[2022.11.24-14.30.44:680][  0]LogConfig: Setting CVar [[r.SkeletalMeshLODBias:0]]
[2022.11.24-14.30.44:680][  0]LogConfig: Setting CVar [[r.ViewDistanceScale:1.0]]
[2022.11.24-14.30.44:680][  0]LogConfig: Applying CVar settings from Section [AntiAliasingQuality@3] File [C:/Users/n.tilly/Documents/Sigmar/Sigmar/Saved/Config/Windows/Scalability.ini]
[2022.11.24-14.30.44:680][  0]LogConfig: Setting CVar [[r.PostProcessAAQuality:4]]
[2022.11.24-14.30.44:680][  0]LogConfig: Applying CVar settings from Section [ShadowQuality@3] File [C:/Users/n.tilly/Documents/Sigmar/Sigmar/Saved/Config/Windows/Scalability.ini]
[2022.11.24-14.30.44:680][  0]LogConfig: Setting CVar [[r.LightFunctionQuality:1]]
[2022.11.24-14.30.44:680][  0]LogConfig: Setting CVar [[r.ShadowQuality:5]]
[2022.11.24-14.30.44:680][  0]LogConfig: Setting CVar [[r.Shadow.CSM.MaxCascades:10]]
[2022.11.24-14.30.44:680][  0]LogConfig: Setting CVar [[r.Shadow.MaxResolution:2048]]
[2022.11.24-14.30.44:680][  0]LogConfig: Setting CVar [[r.Shadow.MaxCSMResolution:2048]]
[2022.11.24-14.30.44:680][  0]LogConfig: Setting CVar [[r.Shadow.RadiusThreshold:0.01]]
[2022.11.24-14.30.44:680][  0]LogConfig: Setting CVar [[r.Shadow.DistanceScale:1.0]]
[2022.11.24-14.30.44:680][  0]LogConfig: Setting CVar [[r.Shadow.CSM.TransitionScale:1.0]]
[2022.11.24-14.30.44:680][  0]LogConfig: Setting CVar [[r.Shadow.PreShadowResolutionFactor:1.0]]
[2022.11.24-14.30.44:680][  0]LogConfig: Setting CVar [[r.DistanceFieldShadowing:1]]
[2022.11.24-14.30.44:680][  0]LogConfig: Setting CVar [[r.DistanceFieldAO:1]]
[2022.11.24-14.30.44:680][  0]LogConfig: Setting CVar [[r.AOQuality:2]]
[2022.11.24-14.30.44:680][  0]LogConfig: Setting CVar [[r.VolumetricFog:1]]
[2022.11.24-14.30.44:680][  0]LogConfig: Setting CVar [[r.VolumetricFog.GridPixelSize:8]]
[2022.11.24-14.30.44:680][  0]LogConfig: Setting CVar [[r.VolumetricFog.GridSizeZ:128]]
[2022.11.24-14.30.44:680][  0]LogConfig: Setting CVar [[r.VolumetricFog.HistoryMissSupersampleCount:4]]
[2022.11.24-14.30.44:680][  0]LogConfig: Setting CVar [[r.LightMaxDrawDistanceScale:1]]
[2022.11.24-14.30.44:680][  0]LogConfig: Setting CVar [[r.CapsuleShadows:1]]
[2022.11.24-14.30.44:680][  0]LogConfig: Applying CVar settings from Section [PostProcessQuality@3] File [C:/Users/n.tilly/Documents/Sigmar/Sigmar/Saved/Config/Windows/Scalability.ini]
[2022.11.24-14.30.44:680][  0]LogConfig: Setting CVar [[r.MotionBlurQuality:4]]
[2022.11.24-14.30.44:680][  0]LogConfig: Setting CVar [[r.AmbientOcclusionMipLevelFactor:0.4]]
[2022.11.24-14.30.44:680][  0]LogConfig: Setting CVar [[r.AmbientOcclusionMaxQuality:100]]
[2022.11.24-14.30.44:680][  0]LogConfig: Setting CVar [[r.AmbientOcclusionLevels:-1]]
[2022.11.24-14.30.44:680][  0]LogConfig: Setting CVar [[r.AmbientOcclusionRadiusScale:1.0]]
[2022.11.24-14.30.44:680][  0]LogConfig: Setting CVar [[r.DepthOfFieldQuality:2]]
[2022.11.24-14.30.44:680][  0]LogConfig: Setting CVar [[r.RenderTargetPoolMin:400]]
[2022.11.24-14.30.44:680][  0]LogConfig: Setting CVar [[r.LensFlareQuality:2]]
[2022.11.24-14.30.44:680][  0]LogConfig: Setting CVar [[r.SceneColorFringeQuality:1]]
[2022.11.24-14.30.44:680][  0]LogConfig: Setting CVar [[r.EyeAdaptationQuality:2]]
[2022.11.24-14.30.44:680][  0]LogConfig: Setting CVar [[r.BloomQuality:5]]
[2022.11.24-14.30.44:680][  0]LogConfig: Setting CVar [[r.FastBlurThreshold:100]]
[2022.11.24-14.30.44:680][  0]LogConfig: Setting CVar [[r.Upscale.Quality:3]]
[2022.11.24-14.30.44:680][  0]LogConfig: Setting CVar [[r.Tonemapper.GrainQuantization:1]]
[2022.11.24-14.30.44:680][  0]LogConfig: Setting CVar [[r.LightShaftQuality:1]]
[2022.11.24-14.30.44:680][  0]LogConfig: Setting CVar [[r.Filter.SizeScale:1]]
[2022.11.24-14.30.44:680][  0]LogConfig: Setting CVar [[r.Tonemapper.Quality:5]]
[2022.11.24-14.30.44:680][  0]LogConfig: Setting CVar [[r.DOF.Gather.AccumulatorQuality:1        ; higher gathering accumulator quality]]
[2022.11.24-14.30.44:680][  0]LogConfig: Setting CVar [[r.DOF.Gather.PostfilterMethod:1          ; Median3x3 postfilering method]]
[2022.11.24-14.30.44:680][  0]LogConfig: Setting CVar [[r.DOF.Gather.EnableBokehSettings:0       ; no bokeh simulation when gathering]]
[2022.11.24-14.30.44:680][  0]LogConfig: Setting CVar [[r.DOF.Gather.RingCount:4                 ; medium number of samples when gathering]]
[2022.11.24-14.30.44:680][  0]LogConfig: Setting CVar [[r.DOF.Scatter.ForegroundCompositing:1    ; additive foreground scattering]]
[2022.11.24-14.30.44:680][  0]LogConfig: Setting CVar [[r.DOF.Scatter.BackgroundCompositing:2    ; additive background scattering]]
[2022.11.24-14.30.44:680][  0]LogConfig: Setting CVar [[r.DOF.Scatter.EnableBokehSettings:1      ; bokeh simulation when scattering]]
[2022.11.24-14.30.44:680][  0]LogConfig: Setting CVar [[r.DOF.Scatter.MaxSpriteRatio:0.1         ; only a maximum of 10% of scattered bokeh]]
[2022.11.24-14.30.44:680][  0]LogConfig: Setting CVar [[r.DOF.Recombine.Quality:1                ; cheap slight out of focus]]
[2022.11.24-14.30.44:680][  0]LogConfig: Setting CVar [[r.DOF.Recombine.EnableBokehSettings:0    ; no bokeh simulation on slight out of focus]]
[2022.11.24-14.30.44:680][  0]LogConfig: Setting CVar [[r.DOF.TemporalAAQuality:1                ; more stable temporal accumulation]]
[2022.11.24-14.30.44:680][  0]LogConfig: Setting CVar [[r.DOF.Kernel.MaxForegroundRadius:0.025]]
[2022.11.24-14.30.44:680][  0]LogConfig: Setting CVar [[r.DOF.Kernel.MaxBackgroundRadius:0.025]]
[2022.11.24-14.30.44:680][  0]LogConfig: Applying CVar settings from Section [TextureQuality@3] File [C:/Users/n.tilly/Documents/Sigmar/Sigmar/Saved/Config/Windows/Scalability.ini]
[2022.11.24-14.30.44:680][  0]LogConfig: Setting CVar [[r.Streaming.MipBias:0]]
[2022.11.24-14.30.44:680][  0]LogConfig: Setting CVar [[r.Streaming.AmortizeCPUToGPUCopy:0]]
[2022.11.24-14.30.44:680][  0]LogConfig: Setting CVar [[r.Streaming.MaxNumTexturesToStreamPerFrame:0]]
[2022.11.24-14.30.44:680][  0]LogConfig: Setting CVar [[r.Streaming.Boost:1]]
[2022.11.24-14.30.44:680][  0]LogConfig: Setting CVar [[r.MaxAnisotropy:8]]
[2022.11.24-14.30.44:680][  0]LogConfig: Setting CVar [[r.VT.MaxAnisotropy:8]]
[2022.11.24-14.30.44:680][  0]LogConfig: Setting CVar [[r.Streaming.LimitPoolSizeToVRAM:0]]
[2022.11.24-14.30.44:680][  0]LogConfig: Setting CVar [[r.Streaming.PoolSize:1000]]
[2022.11.24-14.30.44:680][  0]LogConfig: Setting CVar [[r.Streaming.MaxEffectiveScreenSize:0]]
[2022.11.24-14.30.44:680][  0]LogConfig: Applying CVar settings from Section [EffectsQuality@3] File [C:/Users/n.tilly/Documents/Sigmar/Sigmar/Saved/Config/Windows/Scalability.ini]
[2022.11.24-14.30.44:680][  0]LogConfig: Setting CVar [[r.TranslucencyLightingVolumeDim:64]]
[2022.11.24-14.30.44:680][  0]LogConfig: Setting CVar [[r.RefractionQuality:2]]
[2022.11.24-14.30.44:680][  0]LogConfig: Setting CVar [[r.SSR.Quality:3]]
[2022.11.24-14.30.44:680][  0]LogConfig: Setting CVar [[r.SSR.HalfResSceneColor:0]]
[2022.11.24-14.30.44:680][  0]LogConfig: Setting CVar [[r.SceneColorFormat:4]]
[2022.11.24-14.30.44:680][  0]LogConfig: Setting CVar [[r.DetailMode:2]]
[2022.11.24-14.30.44:680][  0]LogConfig: Setting CVar [[r.TranslucencyVolumeBlur:1]]
[2022.11.24-14.30.44:680][  0]LogConfig: Setting CVar [[r.MaterialQualityLevel:1 ; High quality]]
[2022.11.24-14.30.44:680][  0]LogConfig: Setting CVar [[r.AnisotropicMaterials:1]]
[2022.11.24-14.30.44:680][  0]LogConfig: Setting CVar [[r.SSS.Scale:1]]
[2022.11.24-14.30.44:680][  0]LogConfig: Setting CVar [[r.SSS.SampleSet:2]]
[2022.11.24-14.30.44:680][  0]LogConfig: Setting CVar [[r.SSS.Quality:1]]
[2022.11.24-14.30.44:680][  0]LogConfig: Setting CVar [[r.SSS.HalfRes:0]]
[2022.11.24-14.30.44:680][  0]LogConfig: Setting CVar [[r.SSGI.Quality:3]]
[2022.11.24-14.30.44:680][  0]LogConfig: Setting CVar [[r.EmitterSpawnRateScale:1.0]]
[2022.11.24-14.30.44:680][  0]LogConfig: Setting CVar [[r.ParticleLightQuality:2]]
[2022.11.24-14.30.44:680][  0]LogConfig: Setting CVar [[r.SkyAtmosphere.AerialPerspectiveLUT.FastApplyOnOpaque:1 ; Always have FastSkyLUT 1 in this case to avoid wrong sky]]
[2022.11.24-14.30.44:680][  0]LogConfig: Setting CVar [[r.SkyAtmosphere.AerialPerspectiveLUT.SampleCountMaxPerSlice:4]]
[2022.11.24-14.30.44:680][  0]LogConfig: Setting CVar [[r.SkyAtmosphere.AerialPerspectiveLUT.DepthResolution:16.0]]
[2022.11.24-14.30.44:680][  0]LogConfig: Setting CVar [[r.SkyAtmosphere.FastSkyLUT:1]]
[2022.11.24-14.30.44:680][  0]LogConfig: Setting CVar [[r.SkyAtmosphere.FastSkyLUT.SampleCountMin:4.0]]
[2022.11.24-14.30.44:680][  0]LogConfig: Setting CVar [[r.SkyAtmosphere.FastSkyLUT.SampleCountMax:128.0]]
[2022.11.24-14.30.44:680][  0]LogConfig: Setting CVar [[r.SkyAtmosphere.SampleCountMin:4.0]]
[2022.11.24-14.30.44:680][  0]LogConfig: Setting CVar [[r.SkyAtmosphere.SampleCountMax:128.0]]
[2022.11.24-14.30.44:680][  0]LogConfig: Setting CVar [[r.SkyAtmosphere.TransmittanceLUT.UseSmallFormat:0]]
[2022.11.24-14.30.44:680][  0]LogConfig: Setting CVar [[r.SkyAtmosphere.TransmittanceLUT.SampleCount:10.0]]
[2022.11.24-14.30.44:680][  0]LogConfig: Setting CVar [[r.SkyAtmosphere.MultiScatteringLUT.SampleCount:15.0]]
[2022.11.24-14.30.44:680][  0]LogConfig: Setting CVar [[r.SkyLight.RealTimeReflectionCapture:1]]
[2022.11.24-14.30.44:680][  0]LogConfig: Applying CVar settings from Section [FoliageQuality@3] File [C:/Users/n.tilly/Documents/Sigmar/Sigmar/Saved/Config/Windows/Scalability.ini]
[2022.11.24-14.30.44:680][  0]LogConfig: Setting CVar [[foliage.DensityScale:1.0]]
[2022.11.24-14.30.44:681][  0]LogConfig: Setting CVar [[grass.DensityScale:1.0]]
[2022.11.24-14.30.44:681][  0]LogConfig: Applying CVar settings from Section [ShadingQuality@3] File [C:/Users/n.tilly/Documents/Sigmar/Sigmar/Saved/Config/Windows/Scalability.ini]
[2022.11.24-14.30.44:681][  0]LogConfig: Setting CVar [[r.HairStrands.SkyLighting.IntegrationType:2]]
[2022.11.24-14.30.44:681][  0]LogConfig: Setting CVar [[r.HairStrands.SkyAO.SampleCount:4]]
[2022.11.24-14.30.44:681][  0]LogConfig: Setting CVar [[r.HairStrands.Visibility.MSAA.SamplePerPixel:4]]
[2022.11.24-14.30.44:681][  0]LogInit: Selected Device Profile: [Windows]
[2022.11.24-14.30.44:681][  0]LogInit: Applying CVar settings loaded from the selected device profile: [Windows]
[2022.11.24-14.30.44:681][  0]LogHAL: Display: Platform has ~ 16 GB [16942845952 / 17179869184 / 16], which maps to Larger [LargestMinGB=32, LargerMinGB=12, DefaultMinGB=8, SmallerMinGB=6, SmallestMinGB=0)
[2022.11.24-14.30.44:681][  0]LogInit: Going up to parent DeviceProfile []
[2022.11.24-14.30.44:681][  0]LogConfig: Applying CVar settings from Section [ViewDistanceQuality@3] File [C:/Users/n.tilly/Documents/Sigmar/Sigmar/Saved/Config/Windows/Scalability.ini]
[2022.11.24-14.30.44:681][  0]LogConfig: Setting CVar [[r.SkeletalMeshLODBias:0]]
[2022.11.24-14.30.44:681][  0]LogConfig: Setting CVar [[r.ViewDistanceScale:1.0]]
[2022.11.24-14.30.44:681][  0]LogConfig: Applying CVar settings from Section [AntiAliasingQuality@3] File [C:/Users/n.tilly/Documents/Sigmar/Sigmar/Saved/Config/Windows/Scalability.ini]
[2022.11.24-14.30.44:681][  0]LogConfig: Setting CVar [[r.PostProcessAAQuality:4]]
[2022.11.24-14.30.44:681][  0]LogConfig: Applying CVar settings from Section [ShadowQuality@3] File [C:/Users/n.tilly/Documents/Sigmar/Sigmar/Saved/Config/Windows/Scalability.ini]
[2022.11.24-14.30.44:681][  0]LogConfig: Setting CVar [[r.LightFunctionQuality:1]]
[2022.11.24-14.30.44:681][  0]LogConfig: Setting CVar [[r.ShadowQuality:5]]
[2022.11.24-14.30.44:681][  0]LogConfig: Setting CVar [[r.Shadow.CSM.MaxCascades:10]]
[2022.11.24-14.30.44:681][  0]LogConfig: Setting CVar [[r.Shadow.MaxResolution:2048]]
[2022.11.24-14.30.44:681][  0]LogConfig: Setting CVar [[r.Shadow.MaxCSMResolution:2048]]
[2022.11.24-14.30.44:681][  0]LogConfig: Setting CVar [[r.Shadow.RadiusThreshold:0.01]]
[2022.11.24-14.30.44:681][  0]LogConfig: Setting CVar [[r.Shadow.DistanceScale:1.0]]
[2022.11.24-14.30.44:681][  0]LogConfig: Setting CVar [[r.Shadow.CSM.TransitionScale:1.0]]
[2022.11.24-14.30.44:681][  0]LogConfig: Setting CVar [[r.Shadow.PreShadowResolutionFactor:1.0]]
[2022.11.24-14.30.44:681][  0]LogConfig: Setting CVar [[r.DistanceFieldShadowing:1]]
[2022.11.24-14.30.44:681][  0]LogConfig: Setting CVar [[r.DistanceFieldAO:1]]
[2022.11.24-14.30.44:681][  0]LogConfig: Setting CVar [[r.AOQuality:2]]
[2022.11.24-14.30.44:681][  0]LogConfig: Setting CVar [[r.VolumetricFog:1]]
[2022.11.24-14.30.44:681][  0]LogConfig: Setting CVar [[r.VolumetricFog.GridPixelSize:8]]
[2022.11.24-14.30.44:681][  0]LogConfig: Setting CVar [[r.VolumetricFog.GridSizeZ:128]]
[2022.11.24-14.30.44:681][  0]LogConfig: Setting CVar [[r.VolumetricFog.HistoryMissSupersampleCount:4]]
[2022.11.24-14.30.44:681][  0]LogConfig: Setting CVar [[r.LightMaxDrawDistanceScale:1]]
[2022.11.24-14.30.44:681][  0]LogConfig: Setting CVar [[r.CapsuleShadows:1]]
[2022.11.24-14.30.44:681][  0]LogConfig: Applying CVar settings from Section [PostProcessQuality@3] File [C:/Users/n.tilly/Documents/Sigmar/Sigmar/Saved/Config/Windows/Scalability.ini]
[2022.11.24-14.30.44:681][  0]LogConfig: Setting CVar [[r.MotionBlurQuality:4]]
[2022.11.24-14.30.44:681][  0]LogConfig: Setting CVar [[r.AmbientOcclusionMipLevelFactor:0.4]]
[2022.11.24-14.30.44:681][  0]LogConfig: Setting CVar [[r.AmbientOcclusionMaxQuality:100]]
[2022.11.24-14.30.44:681][  0]LogConfig: Setting CVar [[r.AmbientOcclusionLevels:-1]]
[2022.11.24-14.30.44:681][  0]LogConfig: Setting CVar [[r.AmbientOcclusionRadiusScale:1.0]]
[2022.11.24-14.30.44:681][  0]LogConfig: Setting CVar [[r.DepthOfFieldQuality:2]]
[2022.11.24-14.30.44:681][  0]LogConfig: Setting CVar [[r.RenderTargetPoolMin:400]]
[2022.11.24-14.30.44:681][  0]LogConfig: Setting CVar [[r.LensFlareQuality:2]]
[2022.11.24-14.30.44:681][  0]LogConfig: Setting CVar [[r.SceneColorFringeQuality:1]]
[2022.11.24-14.30.44:681][  0]LogConfig: Setting CVar [[r.EyeAdaptationQuality:2]]
[2022.11.24-14.30.44:681][  0]LogConfig: Setting CVar [[r.BloomQuality:5]]
[2022.11.24-14.30.44:681][  0]LogConfig: Setting CVar [[r.FastBlurThreshold:100]]
[2022.11.24-14.30.44:681][  0]LogConfig: Setting CVar [[r.Upscale.Quality:3]]
[2022.11.24-14.30.44:681][  0]LogConfig: Setting CVar [[r.Tonemapper.GrainQuantization:1]]
[2022.11.24-14.30.44:681][  0]LogConfig: Setting CVar [[r.LightShaftQuality:1]]
[2022.11.24-14.30.44:681][  0]LogConfig: Setting CVar [[r.Filter.SizeScale:1]]
[2022.11.24-14.30.44:681][  0]LogConfig: Setting CVar [[r.Tonemapper.Quality:5]]
[2022.11.24-14.30.44:681][  0]LogConfig: Setting CVar [[r.DOF.Gather.AccumulatorQuality:1        ; higher gathering accumulator quality]]
[2022.11.24-14.30.44:681][  0]LogConfig: Setting CVar [[r.DOF.Gather.PostfilterMethod:1          ; Median3x3 postfilering method]]
[2022.11.24-14.30.44:681][  0]LogConfig: Setting CVar [[r.DOF.Gather.EnableBokehSettings:0       ; no bokeh simulation when gathering]]
[2022.11.24-14.30.44:681][  0]LogConfig: Setting CVar [[r.DOF.Gather.RingCount:4                 ; medium number of samples when gathering]]
[2022.11.24-14.30.44:681][  0]LogConfig: Setting CVar [[r.DOF.Scatter.ForegroundCompositing:1    ; additive foreground scattering]]
[2022.11.24-14.30.44:681][  0]LogConfig: Setting CVar [[r.DOF.Scatter.BackgroundCompositing:2    ; additive background scattering]]
[2022.11.24-14.30.44:681][  0]LogConfig: Setting CVar [[r.DOF.Scatter.EnableBokehSettings:1      ; bokeh simulation when scattering]]
[2022.11.24-14.30.44:681][  0]LogConfig: Setting CVar [[r.DOF.Scatter.MaxSpriteRatio:0.1         ; only a maximum of 10% of scattered bokeh]]
[2022.11.24-14.30.44:681][  0]LogConfig: Setting CVar [[r.DOF.Recombine.Quality:1                ; cheap slight out of focus]]
[2022.11.24-14.30.44:681][  0]LogConfig: Setting CVar [[r.DOF.Recombine.EnableBokehSettings:0    ; no bokeh simulation on slight out of focus]]
[2022.11.24-14.30.44:681][  0]LogConfig: Setting CVar [[r.DOF.TemporalAAQuality:1                ; more stable temporal accumulation]]
[2022.11.24-14.30.44:681][  0]LogConfig: Setting CVar [[r.DOF.Kernel.MaxForegroundRadius:0.025]]
[2022.11.24-14.30.44:681][  0]LogConfig: Setting CVar [[r.DOF.Kernel.MaxBackgroundRadius:0.025]]
[2022.11.24-14.30.44:681][  0]LogConfig: Applying CVar settings from Section [TextureQuality@3] File [C:/Users/n.tilly/Documents/Sigmar/Sigmar/Saved/Config/Windows/Scalability.ini]
[2022.11.24-14.30.44:681][  0]LogConfig: Setting CVar [[r.Streaming.MipBias:0]]
[2022.11.24-14.30.44:681][  0]LogConfig: Setting CVar [[r.Streaming.AmortizeCPUToGPUCopy:0]]
[2022.11.24-14.30.44:681][  0]LogConfig: Setting CVar [[r.Streaming.MaxNumTexturesToStreamPerFrame:0]]
[2022.11.24-14.30.44:681][  0]LogConfig: Setting CVar [[r.Streaming.Boost:1]]
[2022.11.24-14.30.44:681][  0]LogConfig: Setting CVar [[r.MaxAnisotropy:8]]
[2022.11.24-14.30.44:681][  0]LogConfig: Setting CVar [[r.VT.MaxAnisotropy:8]]
[2022.11.24-14.30.44:681][  0]LogConfig: Setting CVar [[r.Streaming.LimitPoolSizeToVRAM:0]]
[2022.11.24-14.30.44:681][  0]LogConfig: Setting CVar [[r.Streaming.PoolSize:1000]]
[2022.11.24-14.30.44:681][  0]LogConfig: Setting CVar [[r.Streaming.MaxEffectiveScreenSize:0]]
[2022.11.24-14.30.44:681][  0]LogConfig: Applying CVar settings from Section [EffectsQuality@3] File [C:/Users/n.tilly/Documents/Sigmar/Sigmar/Saved/Config/Windows/Scalability.ini]
[2022.11.24-14.30.44:681][  0]LogConfig: Setting CVar [[r.TranslucencyLightingVolumeDim:64]]
[2022.11.24-14.30.44:681][  0]LogConfig: Setting CVar [[r.RefractionQuality:2]]
[2022.11.24-14.30.44:681][  0]LogConfig: Setting CVar [[r.SSR.Quality:3]]
[2022.11.24-14.30.44:681][  0]LogConfig: Setting CVar [[r.SSR.HalfResSceneColor:0]]
[2022.11.24-14.30.44:681][  0]LogConfig: Setting CVar [[r.SceneColorFormat:4]]
[2022.11.24-14.30.44:681][  0]LogConfig: Setting CVar [[r.DetailMode:2]]
[2022.11.24-14.30.44:681][  0]LogConfig: Setting CVar [[r.TranslucencyVolumeBlur:1]]
[2022.11.24-14.30.44:681][  0]LogConfig: Setting CVar [[r.MaterialQualityLevel:1 ; High quality]]
[2022.11.24-14.30.44:681][  0]LogConfig: Setting CVar [[r.AnisotropicMaterials:1]]
[2022.11.24-14.30.44:681][  0]LogConfig: Setting CVar [[r.SSS.Scale:1]]
[2022.11.24-14.30.44:681][  0]LogConfig: Setting CVar [[r.SSS.SampleSet:2]]
[2022.11.24-14.30.44:681][  0]LogConfig: Setting CVar [[r.SSS.Quality:1]]
[2022.11.24-14.30.44:681][  0]LogConfig: Setting CVar [[r.SSS.HalfRes:0]]
[2022.11.24-14.30.44:681][  0]LogConfig: Setting CVar [[r.SSGI.Quality:3]]
[2022.11.24-14.30.44:681][  0]LogConfig: Setting CVar [[r.EmitterSpawnRateScale:1.0]]
[2022.11.24-14.30.44:681][  0]LogConfig: Setting CVar [[r.ParticleLightQuality:2]]
[2022.11.24-14.30.44:681][  0]LogConfig: Setting CVar [[r.SkyAtmosphere.AerialPerspectiveLUT.FastApplyOnOpaque:1 ; Always have FastSkyLUT 1 in this case to avoid wrong sky]]
[2022.11.24-14.30.44:681][  0]LogConfig: Setting CVar [[r.SkyAtmosphere.AerialPerspectiveLUT.SampleCountMaxPerSlice:4]]
[2022.11.24-14.30.44:681][  0]LogConfig: Setting CVar [[r.SkyAtmosphere.AerialPerspectiveLUT.DepthResolution:16.0]]
[2022.11.24-14.30.44:681][  0]LogConfig: Setting CVar [[r.SkyAtmosphere.FastSkyLUT:1]]
[2022.11.24-14.30.44:681][  0]LogConfig: Setting CVar [[r.SkyAtmosphere.FastSkyLUT.SampleCountMin:4.0]]
[2022.11.24-14.30.44:681][  0]LogConfig: Setting CVar [[r.SkyAtmosphere.FastSkyLUT.SampleCountMax:128.0]]
[2022.11.24-14.30.44:681][  0]LogConfig: Setting CVar [[r.SkyAtmosphere.SampleCountMin:4.0]]
[2022.11.24-14.30.44:681][  0]LogConfig: Setting CVar [[r.SkyAtmosphere.SampleCountMax:128.0]]
[2022.11.24-14.30.44:681][  0]LogConfig: Setting CVar [[r.SkyAtmosphere.TransmittanceLUT.UseSmallFormat:0]]
[2022.11.24-14.30.44:681][  0]LogConfig: Setting CVar [[r.SkyAtmosphere.TransmittanceLUT.SampleCount:10.0]]
[2022.11.24-14.30.44:681][  0]LogConfig: Setting CVar [[r.SkyAtmosphere.MultiScatteringLUT.SampleCount:15.0]]
[2022.11.24-14.30.44:681][  0]LogConfig: Setting CVar [[r.SkyLight.RealTimeReflectionCapture:1]]
[2022.11.24-14.30.44:682][  0]LogConfig: Applying CVar settings from Section [FoliageQuality@3] File [C:/Users/n.tilly/Documents/Sigmar/Sigmar/Saved/Config/Windows/Scalability.ini]
[2022.11.24-14.30.44:682][  0]LogConfig: Setting CVar [[foliage.DensityScale:1.0]]
[2022.11.24-14.30.44:682][  0]LogConfig: Setting CVar [[grass.DensityScale:1.0]]
[2022.11.24-14.30.44:682][  0]LogConfig: Applying CVar settings from Section [ShadingQuality@3] File [C:/Users/n.tilly/Documents/Sigmar/Sigmar/Saved/Config/Windows/Scalability.ini]
[2022.11.24-14.30.44:682][  0]LogConfig: Setting CVar [[r.HairStrands.SkyLighting.IntegrationType:2]]
[2022.11.24-14.30.44:682][  0]LogConfig: Setting CVar [[r.HairStrands.SkyAO.SampleCount:4]]
[2022.11.24-14.30.44:682][  0]LogConfig: Setting CVar [[r.HairStrands.Visibility.MSAA.SamplePerPixel:4]]
[2022.11.24-14.30.44:682][  0]LogConfig: Applying CVar settings from Section [Startup] File [../../../Engine/Config/ConsoleVariables.ini]
[2022.11.24-14.30.44:682][  0]LogConfig: Setting CVar [[net.UseAdaptiveNetUpdateFrequency:0]]
[2022.11.24-14.30.44:682][  0]LogConfig: Setting CVar [[p.chaos.AllowCreatePhysxBodies:1]]
[2022.11.24-14.30.44:682][  0]LogConfig: Setting CVar [[fx.SkipVectorVMBackendOptimizations:1]]
[2022.11.24-14.30.44:682][  0]LogConfig: Applying CVar settings from Section [ConsoleVariables] File [C:/Users/n.tilly/Documents/Sigmar/Sigmar/Saved/Config/Windows/Engine.ini]
[2022.11.24-14.30.44:682][  0]LogConfig: Applying CVar settings from Section [ConsoleVariables] File [C:/Users/n.tilly/Documents/Sigmar/Sigmar/Saved/Config/Windows/Editor.ini]
[2022.11.24-14.30.44:682][  0]LogInit: Computer: RNSS21112
[2022.11.24-14.30.44:682][  0]LogInit: User: ntilly
[2022.11.24-14.30.44:682][  0]LogInit: CPU Page size=4096, Cores=6
[2022.11.24-14.30.44:682][  0]LogInit: High frequency timer resolution =10.000000 MHz
[2022.11.24-14.30.44:682][  0]LogMemory: Memory total: Physical=15.8GB (16GB approx)
[2022.11.24-14.30.44:682][  0]LogMemory: Platform Memory Stats for Windows
[2022.11.24-14.30.44:682][  0]LogMemory: Process Physical Memory: 145.89 MB used, 145.89 MB peak
[2022.11.24-14.30.44:682][  0]LogMemory: Process Virtual Memory: 131.95 MB used, 131.95 MB peak
[2022.11.24-14.30.44:682][  0]LogMemory: Physical Memory: 8753.79 MB used,  7404.17 MB free, 16157.96 MB total
[2022.11.24-14.30.44:682][  0]LogMemory: Virtual Memory: 134212392.00 MB used,  5335.75 MB free, 134217728.00 MB total
[2022.11.24-14.30.44:686][  0]LogWindows: WindowsPlatformFeatures enabled
[2022.11.24-14.30.44:853][  0]LogInit: Physics initialised using underlying interface: PhysX
[2022.11.24-14.30.44:853][  0]LogInit: Using OS detected language (fr-FR).
[2022.11.24-14.30.44:853][  0]LogInit: Using OS detected locale (fr-FR).
[2022.11.24-14.30.44:873][  0]LogTextLocalizationManager: No specific localization for 'fr-FR' exists, so the 'fr' localization will be used.
[2022.11.24-14.30.44:874][  0]LogTextLocalizationResource: LocRes '../../../Engine/Content/Localization/Editor/fr/Editor.locres' could not be opened for reading!
[2022.11.24-14.30.44:874][  0]LogTextLocalizationResource: LocRes '../../../Engine/Content/Localization/EditorTutorials/fr/EditorTutorials.locres' could not be opened for reading!
[2022.11.24-14.30.44:874][  0]LogTextLocalizationResource: LocRes '../../../Engine/Content/Localization/Keywords/fr/Keywords.locres' could not be opened for reading!
[2022.11.24-14.30.44:874][  0]LogTextLocalizationResource: LocRes '../../../Engine/Content/Localization/Category/fr/Category.locres' could not be opened for reading!
[2022.11.24-14.30.44:874][  0]LogTextLocalizationResource: LocRes '../../../Engine/Content/Localization/ToolTips/fr/ToolTips.locres' could not be opened for reading!
[2022.11.24-14.30.44:874][  0]LogTextLocalizationResource: LocRes '../../../Engine/Content/Localization/PropertyNames/fr/PropertyNames.locres' could not be opened for reading!
[2022.11.24-14.30.44:874][  0]LogTextLocalizationResource: LocRes '../../../Engine/Content/Localization/Engine/fr/Engine.locres' could not be opened for reading!
[2022.11.24-14.30.44:908][  0]LogWindowsTextInputMethodSystem: Display: IME system deactivated.
[2022.11.24-14.30.45:000][  0]LogSlate: New Slate User Created.  User Index 0, Is Virtual User: 0
[2022.11.24-14.30.45:000][  0]LogSlate: Slate User Registered.  User Index 0, Is Virtual User: 0
[2022.11.24-14.30.45:022][  0]LogD3D11RHI: Loaded GFSDK_Aftermath_Lib.x64.dll
[2022.11.24-14.30.45:025][  0]LogHMD: Failed to initialize OpenVR with code 110
[2022.11.24-14.30.45:025][  0]LogD3D11RHI: D3D11 min allowed feature level: 11_0
[2022.11.24-14.30.45:025][  0]LogD3D11RHI: D3D11 max allowed feature level: 11_0
[2022.11.24-14.30.45:025][  0]LogD3D11RHI: D3D11 adapters:
[2022.11.24-14.30.45:123][  0]LogD3D11RHI:    0. 'NVIDIA GeForce RTX 2060' (Feature Level 11_0)
[2022.11.24-14.30.45:124][  0]LogD3D11RHI:       5980/0/8078 MB DedicatedVideo/DedicatedSystem/SharedSystem, Outputs:1, VendorId:0x10de
[2022.11.24-14.30.45:220][  0]LogD3D11RHI:    1. 'Intel(R) UHD Graphics 630' (Feature Level 11_0)
[2022.11.24-14.30.45:220][  0]LogD3D11RHI:       128/0/8078 MB DedicatedVideo/DedicatedSystem/SharedSystem, Outputs:0, VendorId:0x8086
[2022.11.24-14.30.45:223][  0]LogD3D11RHI:    2. 'Microsoft Basic Render Driver' (Feature Level 11_0)
[2022.11.24-14.30.45:223][  0]LogD3D11RHI:       0/0/8078 MB DedicatedVideo/DedicatedSystem/SharedSystem, Outputs:0, VendorId:0x1414
[2022.11.24-14.30.45:223][  0]LogD3D11RHI: Chosen D3D11 Adapter:
[2022.11.24-14.30.45:223][  0]LogD3D11RHI:     Description : NVIDIA GeForce RTX 2060
[2022.11.24-14.30.45:223][  0]LogD3D11RHI:     VendorId    : 10de
[2022.11.24-14.30.45:223][  0]LogD3D11RHI:     DeviceId    : 1f08
[2022.11.24-14.30.45:223][  0]LogD3D11RHI:     SubSysId    : 6903103c
[2022.11.24-14.30.45:223][  0]LogD3D11RHI:     Revision    : 00a1
[2022.11.24-14.30.45:223][  0]LogD3D11RHI:     DedicatedVideoMemory : 6270484480 bytes
[2022.11.24-14.30.45:223][  0]LogD3D11RHI:     DedicatedSystemMemory : 0 bytes
[2022.11.24-14.30.45:223][  0]LogD3D11RHI:     SharedSystemMemory : 8471422976 bytes
[2022.11.24-14.30.45:223][  0]LogD3D11RHI:     AdapterLuid : 0 54608
[2022.11.24-14.30.45:227][  0]LogD3D11RHI: Creating new Direct3DDevice
[2022.11.24-14.30.45:227][  0]LogD3D11RHI:     GPU DeviceId: 0x1f08 (for the marketing name, search the web for "GPU Device Id")
[2022.11.24-14.30.45:227][  0]LogWindows: EnumDisplayDevices:
[2022.11.24-14.30.45:228][  0]LogWindows:    0. 'NVIDIA GeForce RTX 2060' (P:1 D:1)
[2022.11.24-14.30.45:228][  0]LogWindows:    1. 'NVIDIA GeForce RTX 2060' (P:0 D:0)
[2022.11.24-14.30.45:228][  0]LogWindows:    2. 'NVIDIA GeForce RTX 2060' (P:0 D:0)
[2022.11.24-14.30.45:228][  0]LogWindows:    3. 'NVIDIA GeForce RTX 2060' (P:0 D:0)
[2022.11.24-14.30.45:228][  0]LogWindows:    4. 'Intel(R) UHD Graphics 630' (P:0 D:0)
[2022.11.24-14.30.45:228][  0]LogWindows:    5. 'Intel(R) UHD Graphics 630' (P:0 D:0)
[2022.11.24-14.30.45:228][  0]LogWindows:    6. 'Intel(R) UHD Graphics 630' (P:0 D:0)
[2022.11.24-14.30.45:229][  0]LogWindows: DebugString: PrimaryIsNotTheChoosenAdapter PrimaryIsNotTheChoosenAdapter PrimaryIsNotTheChoosenAdapter FoundDriverCount:4 
[2022.11.24-14.30.45:229][  0]LogD3D11RHI:     Adapter Name: NVIDIA GeForce RTX 2060
[2022.11.24-14.30.45:229][  0]LogD3D11RHI:   Driver Version: 472.91 (internal:30.0.14.7291, unified:472.91)
[2022.11.24-14.30.45:229][  0]LogD3D11RHI:      Driver Date: 12-13-2021
[2022.11.24-14.30.45:229][  0]LogRHI: Texture pool is 4186 MB (70% of 5980 MB)
[2022.11.24-14.30.45:229][  0]LogD3D11RHI: Creating D3DDevice using adapter:
[2022.11.24-14.30.45:229][  0]LogD3D11RHI:     Description : NVIDIA GeForce RTX 2060
[2022.11.24-14.30.45:229][  0]LogD3D11RHI:     VendorId    : 10de
[2022.11.24-14.30.45:229][  0]LogD3D11RHI:     DeviceId    : 1f08
[2022.11.24-14.30.45:229][  0]LogD3D11RHI:     SubSysId    : 6903103c
[2022.11.24-14.30.45:229][  0]LogD3D11RHI:     Revision    : 00a1
[2022.11.24-14.30.45:229][  0]LogD3D11RHI:     DedicatedVideoMemory : 6270484480 bytes
[2022.11.24-14.30.45:229][  0]LogD3D11RHI:     DedicatedSystemMemory : 0 bytes
[2022.11.24-14.30.45:229][  0]LogD3D11RHI:     SharedSystemMemory : 8471422976 bytes
[2022.11.24-14.30.45:229][  0]LogD3D11RHI:     AdapterLuid : 0 54608
[2022.11.24-14.30.45:304][  0]LogD3D11RHI: RHI has support for 64 bit atomics
[2022.11.24-14.30.45:304][  0]LogD3D11RHI: Async texture creation enabled
[2022.11.24-14.30.45:304][  0]LogD3D11RHI: Array index from any shader is supported
[2022.11.24-14.30.45:305][  0]LogD3D11RHI: HDR output is supported on display 0 (NvId: 0x80061082).
[2022.11.24-14.30.45:317][  0]LogD3D11RHI: GPU Timing Frequency: 1000.000000 (Debug: 2 1)
[2022.11.24-14.30.45:396][  0]LogRHI: GeForceNow SDK initialized: 1
[2022.11.24-14.30.46:098][  0]LogTargetPlatformManager: Display: Loaded TargetPlatform 'WindowsNoEditor'
[2022.11.24-14.30.46:111][  0]LogTargetPlatformManager: Display: Loaded TargetPlatform 'Windows'
[2022.11.24-14.30.46:127][  0]LogTargetPlatformManager: Display: Loaded TargetPlatform 'WindowsClient'
[2022.11.24-14.30.46:138][  0]LogTargetPlatformManager: Display: Loaded TargetPlatform 'WindowsServer'
[2022.11.24-14.30.46:138][  0]LogTargetPlatformManager: Display: Building Assets For Windows
[2022.11.24-14.30.46:206][  0]LogAudioDebug: Display: Lib vorbis DLL was dynamically loaded.
[2022.11.24-14.30.46:393][  0]LogTextureFormatOodle: Display: Oodle Texture 2.9.0 init RDO Off
[2022.11.24-14.30.46:542][  0]LogRendererCore: Ray tracing is disabled. Reason: r.RayTracing=0.
[2022.11.24-14.30.46:543][  0]LogShaderCompilers: Guid format shader working directory is 7 characters bigger than the processId version (C:/Users/n.tilly/Documents/Sigmar/Sigmar/Intermediate/Shaders/WorkingDirectory/26952/).
[2022.11.24-14.30.46:543][  0]LogShaderCompilers: Cleaned the shader compiler working directory 'C:/Users/n.tilly/AppData/Local/Temp/UnrealShaderWorkingDir/0FBF11744B3D79B174FC0D8C1E935DE5/'.
[2022.11.24-14.30.46:543][  0]LogXGEController: Cannot use XGE Controller as Incredibuild is not installed on this machine.
[2022.11.24-14.30.46:543][  0]LogShaderCompilers: Cannot use XGE Shader Compiler as Incredibuild is not installed on this machine.
[2022.11.24-14.30.46:543][  0]LogShaderCompilers: Display: Using Local Shader Compiler.
[2022.11.24-14.30.47:630][  0]LogDerivedDataCache: Display: Max Cache Size: 512 MB
[2022.11.24-14.30.47:747][  0]LogDerivedDataCache: Loaded boot cache 0.12s 94MB C:/Users/n.tilly/AppData/Local/UnrealEngine/4.27/DerivedDataCache/Boot.ddc.
[2022.11.24-14.30.47:747][  0]LogDerivedDataCache: Display: Loaded Boot cache: C:/Users/n.tilly/AppData/Local/UnrealEngine/4.27/DerivedDataCache/Boot.ddc
[2022.11.24-14.30.47:747][  0]LogDerivedDataCache: FDerivedDataBackendGraph:  Pak pak cache file C:/Users/n.tilly/Documents/Sigmar/Sigmar/DerivedDataCache/DDC.ddp not found, will not use a pak cache.
[2022.11.24-14.30.47:747][  0]LogDerivedDataCache: Unable to find inner node Pak for hierarchical cache Hierarchy.
[2022.11.24-14.30.47:747][  0]LogDerivedDataCache: FDerivedDataBackendGraph:  CompressedPak pak cache file C:/Users/n.tilly/Documents/Sigmar/Sigmar/DerivedDataCache/Compressed.ddp not found, will not use a pak cache.
[2022.11.24-14.30.47:747][  0]LogDerivedDataCache: Unable to find inner node CompressedPak for hierarchical cache Hierarchy.
[2022.11.24-14.30.47:772][  0]LogDerivedDataCache: Display: Pak cache opened for reading ../../../Engine/DerivedDataCache/Compressed.ddp.
[2022.11.24-14.30.47:772][  0]LogDerivedDataCache: FDerivedDataBackendGraph:  EnterprisePak pak cache file ../../../Enterprise/DerivedDataCache/Compressed.ddp not found, will not use a pak cache.
[2022.11.24-14.30.47:772][  0]LogDerivedDataCache: Unable to find inner node EnterprisePak for hierarchical cache Hierarchy.
[2022.11.24-14.30.47:799][  0]LogDerivedDataCache: Speed tests for C:/Users/n.tilly/AppData/Local/UnrealEngine/Common/DerivedDataCache took 0.03 seconds
[2022.11.24-14.30.47:799][  0]LogDerivedDataCache: Display: Performance to C:/Users/n.tilly/AppData/Local/UnrealEngine/Common/DerivedDataCache: Latency=0.01ms. RandomReadSpeed=116.68MBs, RandomWriteSpeed=49.44MBs. Assigned SpeedClass 'Local'
[2022.11.24-14.30.47:799][  0]LogDerivedDataCache: Using Local data cache path C:/Users/n.tilly/AppData/Local/UnrealEngine/Common/DerivedDataCache: Writable
[2022.11.24-14.30.47:799][  0]LogDerivedDataCache: Shared data cache path not found in *engine.ini, will not use an Shared cache.
[2022.11.24-14.30.47:799][  0]LogDerivedDataCache: Unable to find inner node Shared for hierarchical cache Hierarchy.
[2022.11.24-14.30.47:842][  0]LogSlate: Using FreeType 2.10.0
[2022.11.24-14.30.47:857][  0]LogSlate: SlateFontServices - WITH_FREETYPE: 1, WITH_HARFBUZZ: 1
[2022.11.24-14.30.48:386][  0]LogInit: Using OS detected language (fr-FR).
[2022.11.24-14.30.48:386][  0]LogInit: Using OS detected locale (fr-FR).
[2022.11.24-14.30.48:387][  0]LogTextLocalizationManager: No localization for 'fr-FR' exists, so 'en' will be used for the language.
[2022.11.24-14.30.48:387][  0]LogTextLocalizationManager: No localization for 'fr-FR' exists, so 'en' will be used for the locale.
[2022.11.24-14.30.48:387][  0]LogSlate: FontCache flush requested. Reason: Culture for localization was changed
[2022.11.24-14.30.48:387][  0]LogSlate: FontCache flush requested. Reason: Culture for localization was changed
[2022.11.24-14.30.48:407][  0]LogAssetRegistry: FAssetRegistry took 0.0028 seconds to start up
[2022.11.24-14.30.48:542][  0]LogTextLocalizationManager: Compacting localization data took   0.00ms
[2022.11.24-14.30.48:542][  0]LogPackageLocalizationCache: Processed 27 localized package path(s) for 1 prioritized culture(s) in 0.000786 seconds
[2022.11.24-14.30.48:591][  0]LogInit: Selected Device Profile: [Windows]
[2022.11.24-14.30.48:591][  0]LogInit: Active device profile: [0000020486676900][00000204F9202BC0 49] Windows
[2022.11.24-14.30.48:591][  0]LogInit: Profiles: [0000020486676900][00000204F9202BC0 49] Windows, [0000020486639900][0000020481DA4D40 49] WindowsNoEditor, [0000020486675900][0000020481DA8EC0 49] WindowsServer, [000002048663A900][0000020481DAD040 49] WindowsClient, [0000020486676C00][00000204850031C0 49] IOS, [000002048663BF00][0000020481DA1300 49] iPadAir, [0000020486676600][0000020485007440 49] iPadAir2, [00000204865EAC00][000002048500F680 49] IPadPro, [00000204865EAD00][000002048500B6C0 49] iPadAir3, [0000020486675C00][0000020485017840 49] iPadAir4, [00000204865EB300][000002048501B9C0 49] iPadMini2, [0000020486675E00][000002048501FB40 49] iPadMini3, [00000204865E9600][0000020485022140 49] iPadMini4, [0000020486676E00][00000204850262C0 49] iPadMini5, [0000020486616500][0000020484922580 49] iPhone6, [0000020486616600][000002048502A5C0 49] iPodTouch6, [00000204865E9300][000002048492A880 49] iPhone7, [00000204865E9200][00000204849268C0 49] iPodTouch7, [0000020486616B00][000002048492EA40 49] iPhone5S, [00000204865E8C00][0000020484932BC0 49] iPhone6Plus, [0000020486615600][0000020484936D40 49] iPhone6S, [00000204865EA700][000002048493AEC0 49] iPhone6SPlus, [0000020486615400][000002048493F040 49] iPhone7Plus, [00000204865EA600][00000204849431C0 49] iPhoneSE, [0000020486616300][0000020484947340 49] iPhone8, [00000204865EAF00][000002048494B4C0 49] iPhone8Plus, [0000020486614100][0000020485013600 49] iPhoneX, [00000204865EA400][000002048494F740 49] iPhoneXS, [0000020486614200][0000020484953880 49] iPhoneXSMax, [00000204865EB200][000002048495BA00 49] iPhoneXR, [0000020486616F00][000002048495FB80 49] iPhone11, [00000204865EB700][0000020484962180 49] iPhone11Pro, [0000020486615000][0000020484966300 49] iPhone11ProMax, [00000204865EAA00][000002048496A480 49] iPhoneSE2, [0000020486617900][000002048496E600 49] iPhone12Mini, [00000204865E9B00][0000020484972780 49] iPhone12, [0000020486614C00][0000020484976900 49] iPhone12Pro, [00000204865EBC00][000002048497AA80 49] iPhone12ProMax, [0000020486615B00][000002048497EC00 49] iPadPro105, [00000204865E9800][0000020484982D80 49] iPadPro129, [0000020486616C00][0000020484986F00 49] iPadPro97, [00000204865EBA00][000002048498B080 49] iPadPro2_129, [0000020486616700][000002048498F200 49] iPad5, [00000204865EA800][0000020484993380 49] iPad6, [0000020486617400][0000020484997500 49] iPad7, [00000204865E9D00][000002048499B680 49] iPad8, [0000020486615900][00000204849577C0 49] iPadPro11, [00000204865EBB00][000002048499F900 49] iPadPro2_11, [0000020486616800][00000204849A3A40 49] iPadPro3_129, [000002048663A400][00000204849ABBC0 49] iPadPro4_129, [00000204866BD500][00000204849AE1C0 49] AppleTV, [000002048663B400][00000204849B2340 49] AppleTV4K, [00000204866BC900][00000204849B64C0 49] TVOS, [000002048663B100][00000204849BA640 49] Mac, [00000204866BD000][00000204849BE7C0 49] MacClient, [000002048663A800][00000204849C2940 49] MacNoEditor, [00000204866BCB00][00000204849C6AC0 49] MacServer, [000002048663BC00][00000204849CAC40 49] Linux, [00000204866BD200][00000204849CEDC0 49] LinuxAArch64, [000002048663AF00][00000204849D2F40 49] LinuxNoEditor, [00000204866BC500][00000204849D70C0 49] LinuxAArch64NoEditor, [0000020486615800][00000204849DB240 49] LinuxClient, [00000204865EA200][00000204849DF3C0 49] LinuxAArch64Client, [0000020486614900][00000204849E3540 49] LinuxServer, [00000204865E8300][00000204849E76C0 49] LinuxAArch64Server, [0000020486614E00][00000204849EB840 49] Android, [00000204865EA300][00000204849A7980 49] Android_Low, [0000020486616000][00000204849EFAC0 49] Android_Mid, [00000204865EAB00][00000204849F3C00 49] Android_High, [0000020486615300][00000204849F61C0 49] Android_Default, [00000204865EB600][00000204849FE340 49] Android_Adreno4xx, [0000020486614600][0000020484A024C0 49] Android_Adreno5xx_Low, [00000204865EB900][0000020484A06640 49] Android_Adreno5xx, [0000020486617C00][0000020484A0A7C0 49] Android_Adreno6xx, [00000204865EB400][0000020484A0E940 49] Android_Adreno6xx_Vulkan, [0000020486617500][0000020484A12AC0 49] Android_Mali_T6xx, [00000204865EB100][0000020484A16C40 49] Android_Mali_T7xx, [0000020486615D00][0000020484A1ADC0 49] Android_Mali_T8xx, [00000204865EBE00][0000020484A1EF40 49] Android_Mali_G71, [0000020486617200][0000020484A230C0 49] Android_Mali_G72, [00000204865EBF00][0000020484A27240 49] Android_Mali_G72_Vulkan, [0000020486614800][0000020484A2B3C0 49] Android_Mali_G76, [00000204865E8400][0000020484A2F540 49] Android_Mali_G76_Vulkan, [0000020486615700][0000020484A336C0 49] Android_Mali_G77, [00000204865E8100][0000020484A37840 49] Android_Mali_G77_Vulkan, [00000204866BC600][0000020484A3B9C0 49] Android_Mali_G78, [00000204865E9500][00000204849FBB00 49] Android_Mali_G78_Vulkan, [00000204866BCE00][0000020484A3E0C0 49] Android_Mali_G710, [00000204865E8900][0000020484A42200 49] Android_Mali_G710_Vulkan, [00000204866BD100][0000020484A46340 49] Android_Vulkan_SM5, [00000204865E9900][0000020484A4E4C0 49] Android_PowerVR_G6xxx, [0000020486616E00][0000020484A52640 49] Android_PowerVR_GT7xxx, [00000204865E9C00][0000020484A567C0 49] Android_PowerVR_GE8xxx, [0000020486617800][0000020484A5A940 49] Android_PowerVR_GM9xxx, [00000204865E9F00][0000020484A5EAC0 49] Android_PowerVR_GM9xxx_Vulkan, [0000020486617B00][0000020484A62C40 49] Android_TegraK1, [00000204865EA100][0000020484A66DC0 49] Android_Unknown_Vulkan, [0000020486615C00][0000020484A6AF40 49] Lumin, [00000204865E8500][0000020484A6F0C0 49] Lumin_Desktop, [0000020486616200][0000020484A73240 49] HoloLens, 
[2022.11.24-14.30.48:844][  0]LogMeshReduction: Using QuadricMeshReduction for automatic static mesh reduction
[2022.11.24-14.30.48:844][  0]LogMeshReduction: Using SimplygonMeshReduction for automatic skeletal mesh reduction
[2022.11.24-14.30.48:844][  0]LogMeshReduction: Using ProxyLODMeshReduction for automatic mesh merging
[2022.11.24-14.30.48:844][  0]LogMeshReduction: No distributed automatic mesh merging module available
[2022.11.24-14.30.48:844][  0]LogMeshMerging: No distributed automatic mesh merging module available
[2022.11.24-14.30.48:971][  0]LogNetVersion: Sigmar 1.0.0, NetCL: 17155196, EngineNetVer: 17, GameNetVer: 0 (Checksum: 1106759431)
[2022.11.24-14.30.50:542][  0]LogTexture: Default maximum texture size for cubemaps generated from long-lat sources has been changed from 512 to unlimited. In order to preserve old behaiour for '/Engine/MapTemplates/Sky/DaylightAmbientCubemap.DaylightAmbientCubemap', its maximum texture size has been explicitly set to 512.
[2022.11.24-14.30.50:673][  0]LogHMD: PokeAHoleMaterial loaded successfully
[2022.11.24-14.30.51:524][  0]LogMoviePlayer: Initializing movie player
[2022.11.24-14.30.51:880][  0]LogPython: Using Python 3.7.7
[2022.11.24-14.30.52:895][  0]LogNiagaraDebuggerClient: Niagara Debugger Client Initialized | Session: 637B1EE0421D7E7AF345959238E9D5BB | Instance: F69C423F48A71D24A8BDAAA1E3553CEB (RNSS21112-26952).
[2022.11.24-14.30.52:975][  0]LogCollectionManager: Loaded 0 collections in 0.000696 seconds
[2022.11.24-14.30.52:990][  0]LogFileCache: Scanning file cache for directory 'C:/Users/n.tilly/Documents/Sigmar/Sigmar/Saved/Collections/' took 0.00s
[2022.11.24-14.30.52:990][  0]LogFileCache: Scanning file cache for directory 'C:/Users/n.tilly/Documents/Sigmar/Sigmar/Content/Developers/ntilly/Collections/' took 0.00s
[2022.11.24-14.30.52:990][  0]LogCollectionManager: Fixed up redirectors for 0 collections in 0.000002 seconds (updated 0 objects)
[2022.11.24-14.30.53:237][  0]LogFileCache: Scanning file cache for directory 'C:/Users/n.tilly/Documents/Sigmar/Sigmar/Content/Collections/' took 0.00s
[2022.11.24-14.30.53:237][  0]LogTcpMessaging: Initializing TcpMessaging bridge
[2022.11.24-14.30.53:254][  0]LogUdpMessaging: Initializing bridge on interface 0.0.0.0:0 to multicast group 230.0.0.1:6666.
[2022.11.24-14.30.53:562][  0]SourceControl: Source control is disabled
[2022.11.24-14.30.53:562][  0]SourceControl: Source control is disabled
[2022.11.24-14.30.53:568][  0]SourceControl: Source control is disabled
[2022.11.24-14.30.53:605][  0]LogUProjectInfo: Found projects:
[2022.11.24-14.30.53:914][  0]LogOpenImageDenoise: OIDN starting up
[2022.11.24-14.30.54:062][  0]LogAndroidPermission: UAndroidPermissionCallbackProxy::GetInstance
[2022.11.24-14.30.54:114][  0]LogAudioCaptureCore: Display: No Audio Capture implementations found. Audio input will be silent.
[2022.11.24-14.30.54:114][  0]LogAudioCaptureCore: Display: No Audio Capture implementations found. Audio input will be silent.
[2022.11.24-14.30.54:289][  0]LogOcInput: OculusInput pre-init called
[2022.11.24-14.30.54:296][  0]LogUObjectArray: 22121 objects as part of root set at end of initial load.
[2022.11.24-14.30.54:296][  0]LogUObjectAllocator: 5975632 out of 0 bytes used by permanent object pool.
[2022.11.24-14.30.54:296][  0]LogUObjectArray: CloseDisregardForGC: 0/0 objects in disregard for GC pool
[2022.11.24-14.30.54:435][  0]LogEngine: Initializing Engine...
[2022.11.24-14.30.54:445][  0]LogHMD: Failed to enumerate extensions. Please check that you have a valid OpenXR runtime installed.
[2022.11.24-14.30.54:445][  0]LogHMD: Failed to initialize OpenVR with code 110
[2022.11.24-14.30.54:445][  0]LogMagicLeap: Warning: VR disabled because ZI is not enabled.  To enable, in the editor, Edit -> Project Settings -> Plugins -> Magic Leap Plugin -> Enable Zero Iteration
[2022.11.24-14.30.54:447][  0]LogStats: UGameplayTagsManager::InitializeManager -  0.000 s
[2022.11.24-14.30.54:618][  0]LogInit: Initializing FReadOnlyCVARCache
[2022.11.24-14.30.54:618][  0]LogAudio: Display: Initializing Audio Device Manager...
[2022.11.24-14.30.54:631][  0]LogAudio: Display: Loading Default Audio Settings Objects...
[2022.11.24-14.30.54:632][  0]LogAudio: Display: No default SoundConcurrencyObject specified (or failed to load).
[2022.11.24-14.30.54:632][  0]LogAudio: Display: Audio Device Manager Initialized
[2022.11.24-14.30.54:632][  0]LogAudio: Display: Creating Audio Device:                 Id: 1, Scope: Shared, Realtime: True
[2022.11.24-14.30.54:632][  0]LogAudioMixer: Display: Audio Mixer Platform Settings:
[2022.11.24-14.30.54:632][  0]LogAudioMixer: Display: 	Sample Rate:						  48000
[2022.11.24-14.30.54:632][  0]LogAudioMixer: Display: 	Callback Buffer Frame Size Requested: 1024
[2022.11.24-14.30.54:632][  0]LogAudioMixer: Display: 	Callback Buffer Frame Size To Use:	  1024
[2022.11.24-14.30.54:632][  0]LogAudioMixer: Display: 	Number of buffers to queue:			  2
[2022.11.24-14.30.54:632][  0]LogAudioMixer: Display: 	Max Channels (voices):				  32
[2022.11.24-14.30.54:632][  0]LogAudioMixer: Display: 	Number of Async Source Workers:		  0
[2022.11.24-14.30.54:632][  0]LogAudio: Display: AudioDevice MaxSources: 32
[2022.11.24-14.30.54:633][  0]LogAudio: Display: Audio Spatialization Plugin: None (built-in).
[2022.11.24-14.30.54:633][  0]LogAudio: Display: Audio Reverb Plugin: None (built-in).
[2022.11.24-14.30.54:633][  0]LogAudio: Display: Audio Occlusion Plugin: None (built-in).
[2022.11.24-14.30.54:633][  0]LogAudioMixer: Display: Initializing audio mixer.
[2022.11.24-14.30.54:656][  0]LogAudioMixer: Display: 0: FrontLeft
[2022.11.24-14.30.54:656][  0]LogAudioMixer: Display: 1: FrontRight
[2022.11.24-14.30.54:670][  0]LogAudioMixer: Display: Using Audio Device Casque (Synaptics HD Audio)
[2022.11.24-14.30.54:670][  0]LogAudioMixer: Display: Initializing Sound Submixes...
[2022.11.24-14.30.54:681][  0]LogAudioMixer: Display: Creating Master Submix 'MasterSubmixDefault'
[2022.11.24-14.30.54:681][  0]LogAudioMixer: Display: Creating Master Submix 'MasterReverbSubmixDefault'
[2022.11.24-14.30.54:682][  0]LogAudioMixer: Display: Creating Master Submix 'MasterEQSubmixDefault'
[2022.11.24-14.30.54:682][  0]LogAudioMixer: FMixerPlatformXAudio2::StartAudioStream() called
[2022.11.24-14.30.54:682][  0]LogAudioMixer: Display: Output buffers initialized: Frames=1024, Channels=2, Samples=2048
[2022.11.24-14.30.54:683][  0]LogAudioMixer: Display: Starting AudioMixerPlatformInterface::RunInternal()
[2022.11.24-14.30.54:683][  0]LogAudioMixer: Display: FMixerPlatformXAudio2::SubmitBuffer() called for the first time
[2022.11.24-14.30.54:683][  0]LogInit: FAudioDevice initialized.
[2022.11.24-14.30.54:684][  0]LogNetVersion: Set ProjectVersion to 1.0.0.0. Version Checksum will be recalculated on next use.
[2022.11.24-14.30.54:685][  0]LogInit: Texture streaming: Enabled
[2022.11.24-14.30.55:218][  0]LogAudio: Display: Audio Device (ID: 1) registered with world 'Untitled'.
[2022.11.24-14.30.55:223][  0]LogSlate: Updating window title bar state: overlay mode, drag disabled, window buttons hidden, title bar hidden
[2022.11.24-14.30.55:223][  0]LogInit: Display: Game Engine Initialized.
[2022.11.24-14.30.55:235][  0]LogNiagaraEditor: GEditor isn't valid! Particle reset commands will not work for Niagara components!
[2022.11.24-14.30.55:533][  0]LogInit: Display: Starting Game.
[2022.11.24-14.30.55:533][  0]LogNet: Browse: /Game/Levels/MainMenu?Name=Player
[2022.11.24-14.30.55:533][  0]LogLoad: LoadMap: /Game/Levels/MainMenu?Name=Player
[2022.11.24-14.30.55:533][  0]LogWorld: BeginTearingDown for /Temp/Untitled_0
[2022.11.24-14.30.55:535][  0]LogWorld: UWorld::CleanupWorld for Untitled, bSessionEnded=true, bCleanupResources=true
[2022.11.24-14.30.55:535][  0]LogSlate: InvalidateAllWidgets triggered.  All widgets were invalidated
[2022.11.24-14.30.55:538][  0]LogAudio: Display: Audio Device unregistered from world 'None'.
[2022.11.24-14.30.55:540][  0]LogUObjectHash: Compacting FUObjectHashTables data took   0.67ms
[2022.11.24-14.30.55:917][  0]LogAudio: Display: Audio Device (ID: 1) registered with world 'MainMenu'.
[2022.11.24-14.30.55:936][  0]LogAIModule: Creating AISystem for world MainMenu
[2022.11.24-14.30.55:937][  0]LogLoad: Game class is 'BP_MenuGamemode_C'
[2022.11.24-14.30.55:943][  0]LogWorld: Bringing World /Game/Levels/MainMenu.MainMenu up for play (max tick rate 0) at 2022.11.24-15.30.55
[2022.11.24-14.30.55:944][  0]LogWorld: Bringing up level for play took: 0.000490
[2022.11.24-14.30.55:944][  0]LogGameMode: FindPlayerStart: PATHS NOT DEFINED or NO PLAYERSTART with positive rating
[2022.11.24-14.30.55:945][  0]LogLoad: Took 0.411650 seconds to LoadMap(/Game/Levels/MainMenu)
[2022.11.24-14.30.55:983][  0]LogSlate: Took 0.000144 seconds to synchronously load lazily loaded font '../../../Engine/Content/Slate/Fonts/Roboto-Regular.ttf' (155K)
[2022.11.24-14.30.56:033][  0]LogRenderer: Reallocating scene render targets to support 1280x720 Format 10 NumSamples 1 (Frame:1).
[2022.11.24-14.30.56:033][  0]LogInit: Display: Engine is initialized. Leaving FEngineLoop::Init()
[2022.11.24-14.30.56:033][  0]LogLoad: (Engine Initialization) Total time: 17.76 seconds
[2022.11.24-14.30.56:033][  0]LogLoad: (Engine Initialization) Total Blueprint compile time: 0.00 seconds
[2022.11.24-14.30.56:036][  0]LogContentStreaming: Texture pool size now 1000 MB
[2022.11.24-14.30.56:042][  0]LogSlate: InvalidateAllWidgets triggered.  All widgets were invalidated
[2022.11.24-14.30.56:187][  1]LogSlate: Took 0.000116 seconds to synchronously load lazily loaded font '../../../Engine/Content/Slate/Fonts/Roboto-Regular.ttf' (155K)
[2022.11.24-14.31.05:510][965]LogWindowsDesktop: Alt-F4 pressed!
[2022.11.24-14.31.05:518][965]LogSlate: Window 'Sigmar (64-bit Development PCD3D_SM5) ' being destroyed
[2022.11.24-14.31.05:519][965]LogWindowsTextInputMethodSystem: Display: IME system deactivated.
[2022.11.24-14.31.05:522][965]LogWindowsTextInputMethodSystem: Display: IME system deactivated.
[2022.11.24-14.31.05:523][965]LogSlate: Updating window title bar state: overlay mode, drag disabled, window buttons hidden, title bar hidden
[2022.11.24-14.31.05:523][965]LogEngine: All Windows Closed
[2022.11.24-14.31.05:523][965]LogWindows: FPlatformMisc::RequestExit(0)
[2022.11.24-14.31.05:523][965]LogWindows: FPlatformMisc::RequestExitWithStatus(0, 0)
[2022.11.24-14.31.05:523][965]LogCore: Engine exit requested (reason: Win RequestExit)
[2022.11.24-14.31.05:524][966]LogCore: Engine exit requested (reason: EngineExit() was called; note: exit was already requested)
[2022.11.24-14.31.05:524][966]LogInit: Display: PreExit Game.
[2022.11.24-14.31.05:546][966]LogWorld: BeginTearingDown for /Game/Levels/MainMenu
[2022.11.24-14.31.05:546][966]LogWorld: UWorld::CleanupWorld for MainMenu, bSessionEnded=true, bCleanupResources=true
[2022.11.24-14.31.05:546][966]LogSlate: InvalidateAllWidgets triggered.  All widgets were invalidated
[2022.11.24-14.31.06:456][966]LogAudio: Display: Beginning Audio Device Manager Shutdown (Module: AudioMixerXAudio2)...
[2022.11.24-14.31.06:457][966]LogAudio: Display: Destroying 1 Remaining Audio Device(s)...
[2022.11.24-14.31.06:457][966]LogAudio: Display: Audio Device unregistered from world 'MainMenu'.
[2022.11.24-14.31.06:460][966]LogAudioMixer: FMixerPlatformXAudio2::StopAudioStream() called
[2022.11.24-14.31.06:460][966]LogAudioMixer: FMixerPlatformXAudio2::StopAudioStream() called
[2022.11.24-14.31.06:462][966]LogAudio: Display: Audio Device Manager Shutdown
[2022.11.24-14.31.06:466][966]LogExit: Preparing to exit.
[2022.11.24-14.31.07:268][966]LogSlate: Updating window title bar state: overlay mode, drag disabled, window buttons hidden, title bar hidden
[2022.11.24-14.31.07:273][966]LogUObjectHash: Compacting FUObjectHashTables data took   0.86ms
[2022.11.24-14.31.07:297][966]LogMoviePlayer: Shutting down movie player
[2022.11.24-14.31.07:445][966]LogDemo: Cleaned up 0 splitscreen connections with owner deletion
[2022.11.24-14.31.07:448][966]LogExit: Game engine shut down
[2022.11.24-14.31.07:486][966]LogExit: Object subsystem successfully closed.
[2022.11.24-14.31.07:495][966]LogShaderCompilers: Display: === FShaderJobCache stats ===
[2022.11.24-14.31.07:495][966]LogShaderCompilers: Display: Total job queries 0, among them cache hits 0 (0.00%)
[2022.11.24-14.31.07:495][966]LogShaderCompilers: Display: Tracking 0 distinct input hashes that result in 0 distinct outputs (0.00%)
[2022.11.24-14.31.07:495][966]LogShaderCompilers: Display: RAM used: 0.00 MB (0.00 GB) of 819.20 MB (0.80 GB) budget. Usage: 0.00%
[2022.11.24-14.31.07:495][966]LogShaderCompilers: Display: ================================================
[2022.11.24-14.31.07:500][966]LogShaderCompilers: Display: Shaders left to compile 0
[2022.11.24-14.31.07:506][966]LogModuleManager: Shutting down and abandoning module SequenceRecorderSections (560)
[2022.11.24-14.31.07:506][966]LogModuleManager: Shutting down and abandoning module SequenceRecorder (558)
[2022.11.24-14.31.07:506][966]LogModuleManager: Shutting down and abandoning module AutomationController (556)
[2022.11.24-14.31.07:506][966]LogModuleManager: Shutting down and abandoning module AutomationWorker (554)
[2022.11.24-14.31.07:506][966]LogModuleManager: Shutting down and abandoning module Voice (552)
[2022.11.24-14.31.07:506][966]LogModuleManager: Shutting down and abandoning module AIModule (550)
[2022.11.24-14.31.07:506][966]LogModuleManager: Shutting down and abandoning module GameplayDebugger (549)
[2022.11.24-14.31.07:506][966]LogModuleManager: Shutting down and abandoning module AITestSuite (547)
[2022.11.24-14.31.07:506][966]LogModuleManager: Shutting down and abandoning module NavigationSystem (545)
[2022.11.24-14.31.07:506][966]LogModuleManager: Shutting down and abandoning module AnimGraph (542)
[2022.11.24-14.31.07:506][966]LogModuleManager: Shutting down and abandoning module SteamVREditor (540)
[2022.11.24-14.31.07:506][966]LogModuleManager: Shutting down and abandoning module ToolMenus (539)
[2022.11.24-14.31.07:506][966]LogModuleManager: Shutting down and abandoning module OculusMR (536)
[2022.11.24-14.31.07:506][966]LogModuleManager: Shutting down and abandoning module TakeRecorderSources (534)
[2022.11.24-14.31.07:506][966]LogModuleManager: Shutting down and abandoning module TakeRecorder (533)
[2022.11.24-14.31.07:506][966]LogModuleManager: Shutting down and abandoning module TakeTrackRecorders (530)
[2022.11.24-14.31.07:506][966]LogModuleManager: Shutting down and abandoning module TakesCore (528)
[2022.11.24-14.31.07:506][966]LogModuleManager: Shutting down and abandoning module OpenXRInput (526)
[2022.11.24-14.31.07:506][966]LogModuleManager: Shutting down and abandoning module WmfMediaFactory (524)
[2022.11.24-14.31.07:506][966]LogModuleManager: Shutting down and abandoning module WebMMediaFactory (522)
[2022.11.24-14.31.07:506][966]LogModuleManager: Shutting down and abandoning module WebMMedia (520)
[2022.11.24-14.31.07:506][966]LogModuleManager: Shutting down and abandoning module MagicLeapMediaCodecFactory (518)
[2022.11.24-14.31.07:506][966]LogModuleManager: Shutting down and abandoning module MagicLeapMediaFactory (516)
[2022.11.24-14.31.07:506][966]LogModuleManager: Shutting down and abandoning module OpenExrWrapper (514)
[2022.11.24-14.31.07:506][966]LogModuleManager: Shutting down and abandoning module ImgMediaFactory (512)
[2022.11.24-14.31.07:506][966]LogModuleManager: Shutting down and abandoning module AvfMediaFactory (510)
[2022.11.24-14.31.07:506][966]LogModuleManager: Shutting down and abandoning module PlanarCut (508)
[2022.11.24-14.31.07:506][966]LogModuleManager: Shutting down and abandoning module CharacterAI (506)
[2022.11.24-14.31.07:506][966]LogModuleManager: Shutting down and abandoning module SessionServices (504)
[2022.11.24-14.31.07:506][966]LogModuleManager: Shutting down and abandoning module MovieSceneCapture (502)
[2022.11.24-14.31.07:506][966]LogModuleManager: Shutting down and abandoning module LiveCoding (500)
[2022.11.24-14.31.07:506][966]LogModuleManager: Shutting down and abandoning module LevelSequence (498)
[2022.11.24-14.31.07:506][966]LogModuleManager: Shutting down and abandoning module MovieSceneTracks (496)
[2022.11.24-14.31.07:506][966]LogModuleManager: Shutting down and abandoning module MovieScene (494)
[2022.11.24-14.31.07:506][966]LogModuleManager: Shutting down and abandoning module StreamingPauseRendering (492)
[2022.11.24-14.31.07:507][966]LogModuleManager: Shutting down and abandoning module PortalServices (490)
[2022.11.24-14.31.07:507][966]LogModuleManager: Shutting down and abandoning module PortalRpc (488)
[2022.11.24-14.31.07:507][966]LogModuleManager: Shutting down and abandoning module MessagingRpc (486)
[2022.11.24-14.31.07:507][966]LogModuleManager: Shutting down and abandoning module AudioMixerXAudio2 (484)
[2022.11.24-14.31.07:507][966]LogModuleManager: Shutting down and abandoning module AudioMixerCore (483)
[2022.11.24-14.31.07:507][966]LogModuleManager: Shutting down and abandoning module ImageWriteQueue (480)
[2022.11.24-14.31.07:509][966]LogModuleManager: Shutting down and abandoning module ProfilerService (478)
[2022.11.24-14.31.07:639][966]LogModuleManager: Shutting down and abandoning module TaskGraph (476)
[2022.11.24-14.31.07:639][966]LogModuleManager: Shutting down and abandoning module OculusInput (474)
[2022.11.24-14.31.07:639][966]LogModuleManager: Shutting down and abandoning module Synthesis (472)
[2022.11.24-14.31.07:639][966]LogModuleManager: Shutting down and abandoning module TakeMovieScene (470)
[2022.11.24-14.31.07:639][966]LogModuleManager: Shutting down and abandoning module ProceduralMeshComponent (468)
[2022.11.24-14.31.07:639][966]LogModuleManager: Shutting down and abandoning module MobilePatchingUtils (466)
[2022.11.24-14.31.07:639][966]LogModuleManager: Shutting down and abandoning module GooglePAD (464)
[2022.11.24-14.31.07:639][966]LogModuleManager: Shutting down and abandoning module EditableMesh (462)
[2022.11.24-14.31.07:639][966]LogModuleManager: Shutting down and abandoning module CustomMeshComponent (460)
[2022.11.24-14.31.07:639][966]LogModuleManager: Shutting down and abandoning module CableComponent (458)
[2022.11.24-14.31.07:639][966]LogModuleManager: Shutting down and abandoning module AssetTags (456)
[2022.11.24-14.31.07:639][966]LogModuleManager: Shutting down and abandoning module AudioCapture (454)
[2022.11.24-14.31.07:639][966]LogModuleManager: Shutting down and abandoning module AudioCaptureRtAudio (453)
[2022.11.24-14.31.07:639][966]LogModuleManager: Shutting down and abandoning module ArchVisCharacter (450)
[2022.11.24-14.31.07:639][966]LogModuleManager: Shutting down and abandoning module AppleImageUtilsBlueprintSupport (448)
[2022.11.24-14.31.07:639][966]LogModuleManager: Shutting down and abandoning module AppleImageUtils (446)
[2022.11.24-14.31.07:639][966]LogModuleManager: Shutting down and abandoning module AndroidPermission (444)
[2022.11.24-14.31.07:639][966]LogModuleManager: Shutting down and abandoning module ActorLayerUtilities (442)
[2022.11.24-14.31.07:639][966]LogModuleManager: Shutting down and abandoning module TemplateSequence (440)
[2022.11.24-14.31.07:639][966]LogModuleManager: Shutting down and abandoning module MagicLeapSharedWorld (438)
[2022.11.24-14.31.07:639][966]LogModuleManager: Shutting down and abandoning module MagicLeapLightEstimation (436)
[2022.11.24-14.31.07:639][966]LogModuleManager: Shutting down and abandoning module MediaCompositing (434)
[2022.11.24-14.31.07:639][966]LogModuleManager: Shutting down and abandoning module ImgMedia (432)
[2022.11.24-14.31.07:639][966]LogModuleManager: Shutting down and abandoning module MagicLeapHelperVulkan (430)
[2022.11.24-14.31.07:639][966]LogModuleManager: Shutting down and abandoning module MagicLeapHelperOpenGL (428)
[2022.11.24-14.31.07:639][966]LogModuleManager: Shutting down and abandoning module MagicLeapAudio (426)
[2022.11.24-14.31.07:639][966]LogModuleManager: Shutting down and abandoning module OpenImageDenoise (424)
[2022.11.24-14.31.07:639][966]LogOpenImageDenoise: OIDN shutting down
[2022.11.24-14.31.07:639][966]LogModuleManager: Shutting down and abandoning module MotoSynth (422)
[2022.11.24-14.31.07:639][966]LogModuleManager: Shutting down and abandoning module MeshConversion (420)
[2022.11.24-14.31.07:639][966]LogModuleManager: Shutting down and abandoning module DynamicMesh (418)
[2022.11.24-14.31.07:639][966]LogModuleManager: Shutting down and abandoning module GeometryAlgorithms (416)
[2022.11.24-14.31.07:639][966]LogModuleManager: Shutting down and abandoning module GeometricObjects (414)
[2022.11.24-14.31.07:639][966]LogModuleManager: Shutting down and abandoning module GeometryCollectionTracks (412)
[2022.11.24-14.31.07:639][966]LogModuleManager: Shutting down and abandoning module GeometryCollectionSequencer (411)
[2022.11.24-14.31.07:639][966]LogModuleManager: Shutting down and abandoning module GeometryCacheTracks (408)
[2022.11.24-14.31.07:640][966]LogModuleManager: Shutting down and abandoning module GeometryCacheSequencer (407)
[2022.11.24-14.31.07:640][966]LogModuleManager: Shutting down and abandoning module GeometryCache (404)
[2022.11.24-14.31.07:640][966]LogModuleManager: Shutting down and abandoning module GeometryCacheEd (403)
[2022.11.24-14.31.07:640][966]LogModuleManager: Shutting down and abandoning module ChaosNiagara (400)
[2022.11.24-14.31.07:640][966]LogModuleManager: Shutting down and abandoning module FieldSystemEngine (399)
[2022.11.24-14.31.07:640][966]LogModuleManager: Shutting down and abandoning module AutomationUtils (396)
[2022.11.24-14.31.07:640][966]LogModuleManager: Shutting down and abandoning module BackChannel (394)
[2022.11.24-14.31.07:640][966]LogModuleManager: Shutting down and abandoning module OodleNetworkHandlerComponent (392)
[2022.11.24-14.31.07:640][966]LogModuleManager: Shutting down and abandoning module VisualStudioCodeSourceCodeAccess (390)
[2022.11.24-14.31.07:640][966]LogModuleManager: Shutting down and abandoning module VisualStudioSourceCodeAccess (388)
[2022.11.24-14.31.07:640][966]LogModuleManager: Shutting down and abandoning module HotReload (387)
[2022.11.24-14.31.07:640][966]LogModuleManager: Shutting down and abandoning module UObjectPlugin (384)
[2022.11.24-14.31.07:640][966]LogModuleManager: Shutting down and abandoning module SubversionSourceControl (382)
[2022.11.24-14.31.07:640][966]LogModuleManager: Shutting down and abandoning module PerforceSourceControl (380)
[2022.11.24-14.31.07:640][966]LogModuleManager: Shutting down and abandoning module SourceControl (379)
[2022.11.24-14.31.07:640][966]LogModuleManager: Shutting down and abandoning module CLionSourceCodeAccess (376)
[2022.11.24-14.31.07:640][966]LogModuleManager: Shutting down and abandoning module LiveLinkSequencer (374)
[2022.11.24-14.31.07:640][966]LogModuleManager: Shutting down and abandoning module LiveLinkMovieScene (372)
[2022.11.24-14.31.07:640][966]LogModuleManager: Shutting down and abandoning module LiveLinkGraphNode (370)
[2022.11.24-14.31.07:640][966]LogModuleManager: Shutting down and abandoning module LiveLinkComponents (368)
[2022.11.24-14.31.07:640][966]LogModuleManager: Shutting down and abandoning module LiveLink (366)
[2022.11.24-14.31.08:397][966]LogModuleManager: Shutting down and abandoning module SoundFields (364)
[2022.11.24-14.31.08:397][966]LogModuleManager: Shutting down and abandoning module RuntimePhysXCooking (362)
[2022.11.24-14.31.08:397][966]LogModuleManager: Shutting down and abandoning module SignificanceManager (360)
[2022.11.24-14.31.08:397][966]LogModuleManager: Shutting down and abandoning module PropertyAccessEditor (358)
[2022.11.24-14.31.08:397][966]LogModuleManager: Shutting down and abandoning module PhysXVehiclesEditor (356)
[2022.11.24-14.31.08:397][966]LogModuleManager: Shutting down and abandoning module LocationServicesBPLibrary (352)
[2022.11.24-14.31.08:397][966]LogModuleManager: Shutting down and abandoning module AudioSynesthesia (350)
[2022.11.24-14.31.08:397][966]LogModuleManager: Shutting down and abandoning module AudioSynesthesiaCore (348)
[2022.11.24-14.31.08:397][966]LogModuleManager: Shutting down and abandoning module ActorSequence (346)
[2022.11.24-14.31.08:397][966]LogModuleManager: Shutting down and abandoning module UdpMessaging (344)
[2022.11.24-14.31.08:498][966]LogModuleManager: Shutting down and abandoning module TcpMessaging (342)
[2022.11.24-14.31.08:599][966]LogModuleManager: Shutting down and abandoning module MagicLeapARPin (340)
[2022.11.24-14.31.08:599][966]LogModuleManager: Shutting down and abandoning module NiagaraAnimNotifies (338)
[2022.11.24-14.31.08:599][966]LogModuleManager: Shutting down and abandoning module Niagara (336)
[2022.11.24-14.31.08:599][966]LogModuleManager: Shutting down and abandoning module SignalProcessing (335)
[2022.11.24-14.31.08:599][966]LogModuleManager: Shutting down and abandoning module NiagaraEditor (333)
[2022.11.24-14.31.08:599][966]LogModuleManager: Shutting down and abandoning module ContentBrowser (332)
[2022.11.24-14.31.08:599][966]LogModuleManager: Shutting down and abandoning module CollectionManager (331)
[2022.11.24-14.31.08:599][966]LogModuleManager: Shutting down and abandoning module DirectoryWatcher (330)
[2022.11.24-14.31.08:599][966]LogModuleManager: Shutting down and abandoning module ContentBrowserData (327)
[2022.11.24-14.31.08:599][966]LogModuleManager: Shutting down and abandoning module NiagaraCore (322)
[2022.11.24-14.31.08:599][966]LogModuleManager: Shutting down and abandoning module ImgMediaEngine (320)
[2022.11.24-14.31.08:599][966]LogModuleManager: Shutting down and abandoning module MagicLeapHandMeshing (318)
[2022.11.24-14.31.08:599][966]LogModuleManager: Shutting down and abandoning module MagicLeapSecureStorage (316)
[2022.11.24-14.31.08:599][966]LogModuleManager: Shutting down and abandoning module MagicLeapPrivileges (314)
[2022.11.24-14.31.08:599][966]LogModuleManager: Shutting down and abandoning module MagicLeapPlanes (312)
[2022.11.24-14.31.08:599][966]LogMagicLeapPlanes: Planes tracker already destroyed.
[2022.11.24-14.31.08:599][966]LogModuleManager: Shutting down and abandoning module MagicLeapImageTracker (310)
[2022.11.24-14.31.08:599][966]LogModuleManager: Shutting down and abandoning module MagicLeapIdentity (308)
[2022.11.24-14.31.08:599][966]LogModuleManager: Shutting down and abandoning module MagicLeapHandTracking (306)
[2022.11.24-14.31.08:599][966]LogModuleManager: Shutting down and abandoning module MagicLeapEyeTracker (304)
[2022.11.24-14.31.08:599][966]LogModuleManager: Shutting down and abandoning module MagicLeapController (302)
[2022.11.24-14.31.08:599][966]LogModuleManager: Shutting down and abandoning module MagicLeapARPinImpl (300)
[2022.11.24-14.31.08:599][966]LogModuleManager: Shutting down and abandoning module MagicLeapAR (298)
[2022.11.24-14.31.08:599][966]LogModuleManager: Shutting down and abandoning module PythonScriptPlugin (296)
[2022.11.24-14.31.08:599][966]LogModuleManager: Shutting down and abandoning module GameplayTagsEditor (294)
[2022.11.24-14.31.08:599][966]LogModuleManager: Shutting down and abandoning module FacialAnimation (292)
[2022.11.24-14.31.08:599][966]LogModuleManager: Shutting down and abandoning module AssetManagerEditor (290)
[2022.11.24-14.31.08:599][966]LogModuleManager: Shutting down and abandoning module TreeMap (289)
[2022.11.24-14.31.08:599][966]LogModuleManager: Shutting down and abandoning module PropertyAccessNode (286)
[2022.11.24-14.31.08:599][966]LogModuleManager: Shutting down and abandoning module AnimationSharing (284)
[2022.11.24-14.31.08:599][966]LogModuleManager: Shutting down and abandoning module GameplayCameras (282)
[2022.11.24-14.31.08:599][966]LogModuleManager: Shutting down and abandoning module LightPropagationVolumeRuntime (280)
[2022.11.24-14.31.08:599][966]LogModuleManager: Shutting down and abandoning module EnvironmentQueryEditor (278)
[2022.11.24-14.31.08:599][966]LogModuleManager: Shutting down and abandoning module Paper2D (276)
[2022.11.24-14.31.08:599][966]LogModuleManager: Shutting down and abandoning module WindowsMoviePlayer (274)
[2022.11.24-14.31.08:600][966]LogModuleManager: Shutting down and abandoning module WebMMoviePlayer (272)
[2022.11.24-14.31.08:600][966]LogModuleManager: Shutting down and abandoning module NetworkReplayStreaming (270)
[2022.11.24-14.31.08:600][966]LogModuleManager: Shutting down and abandoning module PacketHandler (268)
[2022.11.24-14.31.08:600][966]LogModuleManager: Shutting down and abandoning module ClothingSystemEditor (266)
[2022.11.24-14.31.08:600][966]LogModuleManager: Shutting down and abandoning module ClothingSystemRuntimeNv (264)
[2022.11.24-14.31.08:600][966]LogModuleManager: Shutting down and abandoning module MediaAssets (262)
[2022.11.24-14.31.08:600][966]LogModuleManager: Shutting down and abandoning module Overlay (260)
[2022.11.24-14.31.08:600][966]LogModuleManager: Shutting down and abandoning module OverlayEditor (259)
[2022.11.24-14.31.08:600][966]LogModuleManager: Shutting down and abandoning module VREditor (256)
[2022.11.24-14.31.08:600][966]LogModuleManager: Shutting down and abandoning module StringTableEditor (254)
[2022.11.24-14.31.08:600][966]LogModuleManager: Shutting down and abandoning module GameplayTasksEditor (252)
[2022.11.24-14.31.08:600][966]LogModuleManager: Shutting down and abandoning module BehaviorTreeEditor (250)
[2022.11.24-14.31.08:600][966]LogModuleManager: Shutting down and abandoning module FunctionalTesting (248)
[2022.11.24-14.31.08:600][966]LogModuleManager: Shutting down and abandoning module CollisionAnalyzer (246)
[2022.11.24-14.31.08:600][966]LogModuleManager: Shutting down and abandoning module WorkspaceMenuStructure (245)
[2022.11.24-14.31.08:600][966]LogModuleManager: Shutting down and abandoning module UMG (242)
[2022.11.24-14.31.08:600][966]LogModuleManager: Shutting down and abandoning module UMGEditor (241)
[2022.11.24-14.31.08:600][966]LogModuleManager: Shutting down and abandoning module Sequencer (240)
[2022.11.24-14.31.08:600][966]LogModuleManager: Shutting down and abandoning module MessageLog (237)
[2022.11.24-14.31.08:600][966]LogModuleManager: Shutting down and abandoning module SlateReflector (232)
[2022.11.24-14.31.08:600][966]LogModuleManager: Shutting down and abandoning module Slate (230)
[2022.11.24-14.31.08:600][966]LogModuleManager: Shutting down and abandoning module SlateCore (228)
[2022.11.24-14.31.08:601][966]LogModuleManager: Shutting down and abandoning module LandscapeEditorUtilities (226)
[2022.11.24-14.31.08:601][966]LogModuleManager: Shutting down and abandoning module UnrealEd (224)
[2022.11.24-14.31.08:601][966]LogModuleManager: Shutting down and abandoning module MRMesh (222)
[2022.11.24-14.31.08:601][966]LogModuleManager: Shutting down and abandoning module Messaging (220)
[2022.11.24-14.31.08:601][966]LogModuleManager: Shutting down and abandoning module SourceCodeAccess (218)
[2022.11.24-14.31.08:601][966]LogModuleManager: Shutting down and abandoning module HeadMountedDisplay (216)
[2022.11.24-14.31.08:601][966]LogModuleManager: Shutting down and abandoning module XAudio2 (214)
[2022.11.24-14.31.08:601][966]LogModuleManager: Shutting down and abandoning module Networking (212)
[2022.11.24-14.31.08:601][966]LogModuleManager: Shutting down and abandoning module Core (210)
[2022.11.24-14.31.08:601][966]LogModuleManager: Shutting down and abandoning module MaterialEditor (208)
[2022.11.24-14.31.08:601][966]LogModuleManager: Shutting down and abandoning module MovieSceneTools (206)
[2022.11.24-14.31.08:601][966]LogModuleManager: Shutting down and abandoning module EditorStyle (205)
[2022.11.24-14.31.08:602][966]LogModuleManager: Shutting down and abandoning module KismetCompiler (202)
[2022.11.24-14.31.08:602][966]LogModuleManager: Shutting down and abandoning module MeshBuilder (200)
[2022.11.24-14.31.08:602][966]LogModuleManager: Shutting down and abandoning module MeshUtilities (198)
[2022.11.24-14.31.08:602][966]LogModuleManager: Shutting down and abandoning module MeshMergeUtilities (197)
[2022.11.24-14.31.08:602][966]LogModuleManager: Shutting down and abandoning module MeshReductionInterface (196)
[2022.11.24-14.31.08:602][966]LogModuleManager: Shutting down and abandoning module MeshBoneReduction (195)
[2022.11.24-14.31.08:602][966]LogModuleManager: Shutting down and abandoning module SkeletalMeshReduction (193)
[2022.11.24-14.31.08:602][966]LogModuleManager: Shutting down and abandoning module ProxyLODMeshReduction (191)
[2022.11.24-14.31.08:602][966]LogModuleManager: Shutting down and abandoning module QuadricMeshReduction (189)
[2022.11.24-14.31.08:602][966]LogModuleManager: Shutting down and abandoning module MaterialBaking (185)
[2022.11.24-14.31.08:602][966]LogModuleManager: Shutting down and abandoning module NullInstallBundleManager (180)
[2022.11.24-14.31.08:602][966]LogModuleManager: Shutting down and abandoning module PIEPreviewDeviceProfileSelector (178)
[2022.11.24-14.31.08:602][966]LogModuleManager: Shutting down and abandoning module DerivedDataCache (176)
[2022.11.24-14.31.08:602][966]LogModuleManager: Shutting down and abandoning module TargetPlatform (174)
[2022.11.24-14.31.08:602][966]LogModuleManager: Shutting down and abandoning module VulkanShaderFormat (173)
[2022.11.24-14.31.08:602][966]LogModuleManager: Shutting down and abandoning module ShaderFormatVectorVM (171)
[2022.11.24-14.31.08:602][966]LogModuleManager: Shutting down and abandoning module ShaderFormatOpenGL (169)
[2022.11.24-14.31.08:602][966]LogModuleManager: Shutting down and abandoning module ShaderFormatD3D (167)
[2022.11.24-14.31.08:602][966]LogModuleManager: Shutting down and abandoning module MetalShaderFormat (165)
[2022.11.24-14.31.08:602][966]LogModuleManager: Shutting down and abandoning module TextureFormatOodle (163)
[2022.11.24-14.31.08:602][966]LogModuleManager: Shutting down and abandoning module TextureFormatUncompressed (161)
[2022.11.24-14.31.08:602][966]LogModuleManager: Shutting down and abandoning module TextureFormatPVR (159)
[2022.11.24-14.31.08:602][966]LogModuleManager: Shutting down and abandoning module TextureFormatETC2 (157)
[2022.11.24-14.31.08:602][966]LogModuleManager: Shutting down and abandoning module TextureFormatDXT (155)
[2022.11.24-14.31.08:602][966]LogModuleManager: Shutting down and abandoning module TextureFormatIntelISPCTexComp (153)
[2022.11.24-14.31.08:602][966]LogModuleManager: Shutting down and abandoning module TextureFormatASTC (151)
[2022.11.24-14.31.08:602][966]LogModuleManager: Shutting down and abandoning module ImageWrapper (150)
[2022.11.24-14.31.08:602][966]LogModuleManager: Shutting down and abandoning module AudioFormatOpus (147)
[2022.11.24-14.31.08:602][966]LogModuleManager: Shutting down and abandoning module AudioFormatOgg (145)
[2022.11.24-14.31.08:602][966]LogModuleManager: Shutting down and abandoning module AudioFormatADPCM (143)
[2022.11.24-14.31.08:602][966]LogModuleManager: Shutting down and abandoning module WindowsServerTargetPlatform (141)
[2022.11.24-14.31.08:602][966]LogModuleManager: Shutting down and abandoning module WindowsClientTargetPlatform (139)
[2022.11.24-14.31.08:602][966]LogModuleManager: Shutting down and abandoning module WindowsTargetPlatform (137)
[2022.11.24-14.31.08:602][966]LogModuleManager: Shutting down and abandoning module WindowsNoEditorTargetPlatform (135)
[2022.11.24-14.31.08:602][966]LogModuleManager: Shutting down and abandoning module D3D11RHI (132)
[2022.11.24-14.31.08:602][966]LogModuleManager: Shutting down and abandoning module InputCore (130)
[2022.11.24-14.31.08:602][966]LogModuleManager: Shutting down and abandoning module Settings (128)
[2022.11.24-14.31.08:602][966]LogModuleManager: Shutting down and abandoning module PhysXCooking (126)
[2022.11.24-14.31.08:602][966]LogModuleManager: Shutting down and abandoning module Chaos (124)
[2022.11.24-14.31.08:602][966]LogModuleManager: Shutting down and abandoning module WindowsPlatformFeatures (122)
[2022.11.24-14.31.08:602][966]LogModuleManager: Shutting down and abandoning module GameplayMediaEncoder (121)
[2022.11.24-14.31.08:602][966]LogModuleManager: Shutting down and abandoning module AVEncoder (120)
[2022.11.24-14.31.08:602][966]LogModuleManager: Shutting down and abandoning module SteamVRInputDevice (116)
[2022.11.24-14.31.08:602][966]LogModuleManager: Shutting down and abandoning module SteamVRInput (114)
[2022.11.24-14.31.08:602][966]LogModuleManager: Shutting down and abandoning module SteamVR (112)
[2022.11.24-14.31.08:602][966]LogHMD: Freeing OpenVRDLLHandle.
[2022.11.24-14.31.08:602][966]LogModuleManager: Shutting down and abandoning module OculusHMD (110)
[2022.11.24-14.31.08:602][966]LogModuleManager: Shutting down and abandoning module OpenXRHandTracking (108)
[2022.11.24-14.31.08:602][966]LogSlate: Slate User Destroyed.  User Index 0, Is Virtual User: 0
[2022.11.24-14.31.08:602][966]LogModuleManager: Shutting down and abandoning module OpenXREyeTracker (106)
[2022.11.24-14.31.08:602][966]LogModuleManager: Shutting down and abandoning module OpenXRAR (104)
[2022.11.24-14.31.08:602][966]LogModuleManager: Shutting down and abandoning module AugmentedReality (103)
[2022.11.24-14.31.08:602][966]LogModuleManager: Shutting down and abandoning module OpenXRHMD (100)
[2022.11.24-14.31.08:603][966]LogModuleManager: Shutting down and abandoning module ExampleDeviceProfileSelector (98)
[2022.11.24-14.31.08:603][966]LogModuleManager: Shutting down and abandoning module ChunkDownloader (96)
[2022.11.24-14.31.08:603][966]LogModuleManager: Shutting down and abandoning module LauncherChunkInstaller (94)
[2022.11.24-14.31.08:603][966]LogModuleManager: Shutting down and abandoning module OnlineBlueprintSupport (92)
[2022.11.24-14.31.08:603][966]LogModuleManager: Shutting down and abandoning module OnlineSubsystem (88)
[2022.11.24-14.31.08:603][966]LogModuleManager: Shutting down and abandoning module XMPP (83)
[2022.11.24-14.31.08:603][966]LogModuleManager: Shutting down and abandoning module WebSockets (82)
[2022.11.24-14.31.08:629][966]LogModuleManager: Shutting down and abandoning module HTTP (79)
[2022.11.24-14.31.08:629][966]LogHttp: Display: cleaning up 0 outstanding Http requests.
[2022.11.24-14.31.08:635][966]LogModuleManager: Shutting down and abandoning module SSL (78)
[2022.11.24-14.31.08:636][966]LogModuleManager: Shutting down and abandoning module WmfMedia (74)
[2022.11.24-14.31.08:638][966]LogModuleManager: Shutting down and abandoning module Media (73)
[2022.11.24-14.31.08:638][966]LogModuleManager: Shutting down and abandoning module MediaInfo (72)
[2022.11.24-14.31.08:638][966]LogModuleManager: Shutting down and abandoning module MLSDK (68)
[2022.11.24-14.31.08:638][966]LogModuleManager: Shutting down and abandoning module NiagaraVertexFactories (66)
[2022.11.24-14.31.08:638][966]LogModuleManager: Shutting down and abandoning module NiagaraShader (64)
[2022.11.24-14.31.08:638][966]LogModuleManager: Shutting down and abandoning module ExrReaderGpu (62)
[2022.11.24-14.31.08:639][966]LogModuleManager: Shutting down and abandoning module MagicLeap (60)
[2022.11.24-14.31.08:639][966]LogModuleManager: Shutting down and abandoning module ChaosCloth (58)
[2022.11.24-14.31.08:639][966]LogModuleManager: Shutting down and abandoning module VariantManagerContent (56)
[2022.11.24-14.31.08:639][966]LogModuleManager: Shutting down and abandoning module DatasmithContent (54)
[2022.11.24-14.31.08:639][966]LogModuleManager: Shutting down and abandoning module PixWinPlugin (52)
[2022.11.24-14.31.08:639][966]LogModuleManager: Shutting down and abandoning module AISupportModule (50)
[2022.11.24-14.31.08:639][966]LogModuleManager: Shutting down and abandoning module DesktopPlatform (48)
[2022.11.24-14.31.08:639][966]LogModuleManager: Shutting down and abandoning module PythonScriptPluginPreload (46)
[2022.11.24-14.31.08:639][966]LogModuleManager: Shutting down and abandoning module PlatformCryptoOpenSSL (44)
[2022.11.24-14.31.08:639][966]LogModuleManager: Shutting down and abandoning module PlatformCryptoTypes (42)
[2022.11.24-14.31.08:639][966]LogModuleManager: Shutting down and abandoning module PlatformCrypto (40)
[2022.11.24-14.31.08:639][966]LogModuleManager: Shutting down and abandoning module OodleDataCompressionFormat (38)
[2022.11.24-14.31.08:639][966]LogModuleManager: Shutting down and abandoning module XGEController (36)
[2022.11.24-14.31.08:639][966]LogModuleManager: Shutting down and abandoning module AnimationModifiers (34)
[2022.11.24-14.31.08:639][966]LogModuleManager: Shutting down and abandoning module AudioEditor (32)
[2022.11.24-14.31.08:639][966]LogModuleManager: Shutting down and abandoning module PropertyEditor (31)
[2022.11.24-14.31.08:639][966]LogModuleManager: Shutting down and abandoning module TextureCompressor (28)
[2022.11.24-14.31.08:639][966]LogModuleManager: Shutting down and abandoning module RenderCore (26)
[2022.11.24-14.31.08:639][966]LogModuleManager: Shutting down and abandoning module Landscape (24)
[2022.11.24-14.31.08:639][966]LogModuleManager: Shutting down and abandoning module SlateRHIRenderer (22)
[2022.11.24-14.31.08:639][966]LogModuleManager: Shutting down and abandoning module AnimGraphRuntime (20)
[2022.11.24-14.31.08:639][966]LogModuleManager: Shutting down and abandoning module Renderer (18)
[2022.11.24-14.31.08:639][966]LogModuleManager: Shutting down and abandoning module Engine (16)
[2022.11.24-14.31.08:639][966]LogModuleManager: Shutting down and abandoning module CoreUObject (14)
[2022.11.24-14.31.08:639][966]LogModuleManager: Shutting down and abandoning module NetworkFile (12)
[2022.11.24-14.31.08:639][966]LogModuleManager: Shutting down and abandoning module CookedIterativeFile (10)
[2022.11.24-14.31.08:639][966]LogModuleManager: Shutting down and abandoning module StreamingFile (8)
[2022.11.24-14.31.08:639][966]LogModuleManager: Shutting down and abandoning module SandboxFile (6)
[2022.11.24-14.31.08:639][966]LogModuleManager: Shutting down and abandoning module PakFile (4)
[2022.11.24-14.31.08:639][966]LogModuleManager: Shutting down and abandoning module RSA (3)
[2022.11.24-14.31.09:118][966]LogContentStreaming: Display: There are 1 unreleased StreamingManagers
[2022.11.24-14.31.09:127][966]LogD3D11RHI: Shutdown
[2022.11.24-14.31.09:127][966]LogD3D11RHI: CleanupD3DDevice
[2022.11.24-14.31.09:128][966]LogExit: Exiting.
[2022.11.24-14.31.09:130][966]Log file closed, 11/24/22 15:31:09
